# JRE version: OpenJDK Runtime Environment (8.0_222-b10) (build 1.8.0_222-b10)
# Java VM: OpenJDK 64-Bit Server VM (25.222-b10 mixed mode linux-amd64 compressed oops)
Heap:
 def new generation   total 393984K, used 0K [0x0000000080000000, 0x000000009ab80000, 0x00000000aaaa0000)
  eden space 350208K,   0% used [0x0000000080000000, 0x0000000080000000, 0x0000000095600000)
  from space 43776K,   0% used [0x00000000980c0000, 0x00000000980c0000, 0x000000009ab80000)
  to   space 43776K,   0% used [0x0000000095600000, 0x0000000095600000, 0x00000000980c0000)
 tenured generation   total 900148K, used 572253K [0x00000000aaaa0000, 0x00000000e19ad000, 0x0000000100000000)
   the space 900148K,  63% used [0x00000000aaaa0000, 0x00000000cd977450, 0x00000000cd977600, 0x00000000e19ad000)
 Metaspace       used 90634K, capacity 101513K, committed 101760K, reserved 1136640K
  class space    used 12329K, capacity 14647K, committed 14720K, reserved 1048576K
GC Heap History (250 events):
Event: 126350.833 GC heap after
Heap after GC invocations=9908 (full 15):
 def new generation   total 393984K, used 3901K [0x0000000080000000, 0x000000009ab80000, 0x00000000aaaa0000)
  eden space 350208K,   0% used [0x0000000080000000, 0x0000000080000000, 0x0000000095600000)
  from space 43776K,   8% used [0x0000000095600000, 0x00000000959cf568, 0x00000000980c0000)
  to   space 43776K,   0% used [0x00000000980c0000, 0x00000000980c0000, 0x000000009ab80000)
 tenured generation   total 875380K, used 794378K [0x00000000aaaa0000, 0x00000000e017d000, 0x0000000100000000)
   the space 875380K,  90% used [0x00000000aaaa0000, 0x00000000db262930, 0x00000000db262a00, 0x00000000e017d000)
 Metaspace       used 90633K, capacity 101513K, committed 101760K, reserved 1136640K
  class space    used 12329K, capacity 14647K, committed 14720K, reserved 1048576K
}
Event: 126352.979 GC heap before
{Heap before GC invocations=9908 (full 15):
 def new generation   total 393984K, used 354109K [0x0000000080000000, 0x000000009ab80000, 0x00000000aaaa0000)
  eden space 350208K, 100% used [0x0000000080000000, 0x0000000095600000, 0x0000000095600000)
  from space 43776K,   8% used [0x0000000095600000, 0x00000000959cf568, 0x00000000980c0000)
  to   space 43776K,   0% used [0x00000000980c0000, 0x00000000980c0000, 0x000000009ab80000)
 tenured generation   total 875380K, used 794378K [0x00000000aaaa0000, 0x00000000e017d000, 0x0000000100000000)
   the space 875380K,  90% used [0x00000000aaaa0000, 0x00000000db262930, 0x00000000db262a00, 0x00000000e017d000)
 Metaspace       used 90633K, capacity 101513K, committed 101760K, reserved 1136640K
  class space    used 12329K, capacity 14647K, committed 14720K, reserved 1048576K
Event: 126352.993 GC heap after
Heap after GC invocations=9909 (full 15):
 def new generation   total 393984K, used 3827K [0x0000000080000000, 0x000000009ab80000, 0x00000000aaaa0000)
  eden space 350208K,   0% used [0x0000000080000000, 0x0000000080000000, 0x0000000095600000)
  from space 43776K,   8% used [0x00000000980c0000, 0x000000009847cd50, 0x000000009ab80000)
  to   space 43776K,   0% used [0x0000000095600000, 0x0000000095600000, 0x00000000980c0000)
 tenured generation   total 875380K, used 794820K [0x00000000aaaa0000, 0x00000000e017d000, 0x0000000100000000)
   the space 875380K,  90% used [0x00000000aaaa0000, 0x00000000db2d13f8, 0x00000000db2d1400, 0x00000000e017d000)
 Metaspace       used 90633K, capacity 101513K, committed 101760K, reserved 1136640K
  class space    used 12329K, capacity 14647K, committed 14720K, reserved 1048576K
}
Event: 126355.212 GC heap before
{Heap before GC invocations=9909 (full 15):
 def new generation   total 393984K, used 354035K [0x0000000080000000, 0x000000009ab80000, 0x00000000aaaa0000)
  eden space 350208K, 100% used [0x0000000080000000, 0x0000000095600000, 0x0000000095600000)
  from space 43776K,   8% used [0x00000000980c0000, 0x000000009847cd50, 0x000000009ab80000)
  to   space 43776K,   0% used [0x0000000095600000, 0x0000000095600000, 0x00000000980c0000)
 tenured generation   total 875380K, used 794820K [0x00000000aaaa0000, 0x00000000e017d000, 0x0000000100000000)
   the space 875380K,  90% used [0x00000000aaaa0000, 0x00000000db2d13f8, 0x00000000db2d1400, 0x00000000e017d000)
 Metaspace       used 90633K, capacity 101513K, committed 101760K, reserved 1136640K
  class space    used 12329K, capacity 14647K, committed 14720K, reserved 1048576K
Event: 126355.226 GC heap after
Heap after GC invocations=9910 (full 15):
 def new generation   total 393984K, used 3694K [0x0000000080000000, 0x000000009ab80000, 0x00000000aaaa0000)
  eden space 350208K,   0% used [0x0000000080000000, 0x0000000080000000, 0x0000000095600000)
  from space 43776K,   8% used [0x0000000095600000, 0x000000009599b858, 0x00000000980c0000)
  to   space 43776K,   0% used [0x00000000980c0000, 0x00000000980c0000, 0x000000009ab80000)
 tenured generation   total 875380K, used 795080K [0x00000000aaaa0000, 0x00000000e017d000, 0x0000000100000000)
   the space 875380K,  90% used [0x00000000aaaa0000, 0x00000000db312048, 0x00000000db312200, 0x00000000e017d000)
 Metaspace       used 90633K, capacity 101513K, committed 101760K, reserved 1136640K
  class space    used 12329K, capacity 14647K, committed 14720K, reserved 1048576K
}
Event: 126357.393 GC heap before
{Heap before GC invocations=9910 (full 15):
 def new generation   total 393984K, used 353902K [0x0000000080000000, 0x000000009ab80000, 0x00000000aaaa0000)
  eden space 350208K, 100% used [0x0000000080000000, 0x0000000095600000, 0x0000000095600000)
  from space 43776K,   8% used [0x0000000095600000, 0x000000009599b858, 0x00000000980c0000)
  to   space 43776K,   0% used [0x00000000980c0000, 0x00000000980c0000, 0x000000009ab80000)
 tenured generation   total 875380K, used 795080K [0x00000000aaaa0000, 0x00000000e017d000, 0x0000000100000000)
   the space 875380K,  90% used [0x00000000aaaa0000, 0x00000000db312048, 0x00000000db312200, 0x00000000e017d000)
 Metaspace       used 90633K, capacity 101513K, committed 101760K, reserved 1136640K
  class space    used 12329K, capacity 14647K, committed 14720K, reserved 1048576K
Event: 126357.407 GC heap after
Heap after GC invocations=9911 (full 15):
 def new generation   total 393984K, used 3649K [0x0000000080000000, 0x000000009ab80000, 0x00000000aaaa0000)
  eden space 350208K,   0% used [0x0000000080000000, 0x0000000080000000, 0x0000000095600000)
  from space 43776K,   8% used [0x00000000980c0000, 0x00000000984506a8, 0x000000009ab80000)
  to   space 43776K,   0% used [0x0000000095600000, 0x0000000095600000, 0x00000000980c0000)
 tenured generation   total 875380K, used 795285K [0x00000000aaaa0000, 0x00000000e017d000, 0x0000000100000000)
   the space 875380K,  90% used [0x00000000aaaa0000, 0x00000000db3456d8, 0x00000000db345800, 0x00000000e017d000)
 Metaspace       used 90633K, capacity 101513K, committed 101760K, reserved 1136640K
  class space    used 12329K, capacity 14647K, committed 14720K, reserved 1048576K
}
Event: 126359.586 GC heap before
{Heap before GC invocations=9911 (full 15):
 def new generation   total 393984K, used 353857K [0x0000000080000000, 0x000000009ab80000, 0x00000000aaaa0000)
  eden space 350208K, 100% used [0x0000000080000000, 0x0000000095600000, 0x0000000095600000)
  from space 43776K,   8% used [0x00000000980c0000, 0x00000000984506a8, 0x000000009ab80000)
  to   space 43776K,   0% used [0x0000000095600000, 0x0000000095600000, 0x00000000980c0000)
 tenured generation   total 875380K, used 795285K [0x00000000aaaa0000, 0x00000000e017d000, 0x0000000100000000)
   the space 875380K,  90% used [0x00000000aaaa0000, 0x00000000db3456d8, 0x00000000db345800, 0x00000000e017d000)
 Metaspace       used 90633K, capacity 101513K, committed 101760K, reserved 1136640K
  class space    used 12329K, capacity 14647K, committed 14720K, reserved 1048576K
Event: 126359.600 GC heap after
Heap after GC invocations=9912 (full 15):
 def new generation   total 393984K, used 3764K [0x0000000080000000, 0x000000009ab80000, 0x00000000aaaa0000)
  eden space 350208K,   0% used [0x0000000080000000, 0x0000000080000000, 0x0000000095600000)
  from space 43776K,   8% used [0x0000000095600000, 0x00000000959ad120, 0x00000000980c0000)
  to   space 43776K,   0% used [0x00000000980c0000, 0x00000000980c0000, 0x000000009ab80000)
 tenured generation   total 875380K, used 795377K [0x00000000aaaa0000, 0x00000000e017d000, 0x0000000100000000)
   the space 875380K,  90% used [0x00000000aaaa0000, 0x00000000db35c4a0, 0x00000000db35c600, 0x00000000e017d000)
 Metaspace       used 90633K, capacity 101513K, committed 101760K, reserved 1136640K
  class space    used 12329K, capacity 14647K, committed 14720K, reserved 1048576K
}
Event: 126361.866 GC heap before
{Heap before GC invocations=9912 (full 15):
 def new generation   total 393984K, used 353972K [0x0000000080000000, 0x000000009ab80000, 0x00000000aaaa0000)
  eden space 350208K, 100% used [0x0000000080000000, 0x0000000095600000, 0x0000000095600000)
  from space 43776K,   8% used [0x0000000095600000, 0x00000000959ad120, 0x00000000980c0000)
  to   space 43776K,   0% used [0x00000000980c0000, 0x00000000980c0000, 0x000000009ab80000)
 tenured generation   total 875380K, used 795377K [0x00000000aaaa0000, 0x00000000e017d000, 0x0000000100000000)
   the space 875380K,  90% used [0x00000000aaaa0000, 0x00000000db35c4a0, 0x00000000db35c600, 0x00000000e017d000)
 Metaspace       used 90633K, capacity 101513K, committed 101760K, reserved 1136640K
  class space    used 12329K, capacity 14647K, committed 14720K, reserved 1048576K
Event: 126361.880 GC heap after
Heap after GC invocations=9913 (full 15):
 def new generation   total 393984K, used 3710K [0x0000000080000000, 0x000000009ab80000, 0x00000000aaaa0000)
  eden space 350208K,   0% used [0x0000000080000000, 0x0000000080000000, 0x0000000095600000)
  from space 43776K,   8% used [0x00000000980c0000, 0x000000009845fb68, 0x000000009ab80000)
  to   space 43776K,   0% used [0x0000000095600000, 0x0000000095600000, 0x00000000980c0000)
 tenured generation   total 875380K, used 795546K [0x00000000aaaa0000, 0x00000000e017d000, 0x0000000100000000)
   the space 875380K,  90% used [0x00000000aaaa0000, 0x00000000db3869e8, 0x00000000db386a00, 0x00000000e017d000)
 Metaspace       used 90633K, capacity 101513K, committed 101760K, reserved 1136640K
  class space    used 12329K, capacity 14647K, committed 14720K, reserved 1048576K
}
Event: 126364.084 GC heap before
{Heap before GC invocations=9913 (full 15):
 def new generation   total 393984K, used 353918K [0x0000000080000000, 0x000000009ab80000, 0x00000000aaaa0000)
  eden space 350208K, 100% used [0x0000000080000000, 0x0000000095600000, 0x0000000095600000)
  from space 43776K,   8% used [0x00000000980c0000, 0x000000009845fb68, 0x000000009ab80000)
  to   space 43776K,   0% used [0x0000000095600000, 0x0000000095600000, 0x00000000980c0000)
 tenured generation   total 875380K, used 795546K [0x00000000aaaa0000, 0x00000000e017d000, 0x0000000100000000)
   the space 875380K,  90% used [0x00000000aaaa0000, 0x00000000db3869e8, 0x00000000db386a00, 0x00000000e017d000)
 Metaspace       used 90633K, capacity 101513K, committed 101760K, reserved 1136640K
  class space    used 12329K, capacity 14647K, committed 14720K, reserved 1048576K
Event: 126364.099 GC heap after
Heap after GC invocations=9914 (full 15):
 def new generation   total 393984K, used 3976K [0x0000000080000000, 0x000000009ab80000, 0x00000000aaaa0000)
  eden space 350208K,   0% used [0x0000000080000000, 0x0000000080000000, 0x0000000095600000)
  from space 43776K,   9% used [0x0000000095600000, 0x00000000959e21f8, 0x00000000980c0000)
  to   space 43776K,   0% used [0x00000000980c0000, 0x00000000980c0000, 0x000000009ab80000)
 tenured generation   total 875380K, used 795757K [0x00000000aaaa0000, 0x00000000e017d000, 0x0000000100000000)
   the space 875380K,  90% used [0x00000000aaaa0000, 0x00000000db3bb550, 0x00000000db3bb600, 0x00000000e017d000)
 Metaspace       used 90633K, capacity 101513K, committed 101760K, reserved 1136640K
  class space    used 12329K, capacity 14647K, committed 14720K, reserved 1048576K
}
Event: 126366.209 GC heap before
{Heap before GC invocations=9914 (full 15):
 def new generation   total 393984K, used 354184K [0x0000000080000000, 0x000000009ab80000, 0x00000000aaaa0000)
  eden space 350208K, 100% used [0x0000000080000000, 0x0000000095600000, 0x0000000095600000)
  from space 43776K,   9% used [0x0000000095600000, 0x00000000959e21f8, 0x00000000980c0000)
  to   space 43776K,   0% used [0x00000000980c0000, 0x00000000980c0000, 0x000000009ab80000)
 tenured generation   total 875380K, used 795757K [0x00000000aaaa0000, 0x00000000e017d000, 0x0000000100000000)
   the space 875380K,  90% used [0x00000000aaaa0000, 0x00000000db3bb550, 0x00000000db3bb600, 0x00000000e017d000)
 Metaspace       used 90633K, capacity 101513K, committed 101760K, reserved 1136640K
  class space    used 12329K, capacity 14647K, committed 14720K, reserved 1048576K
Event: 126366.228 GC heap after
Heap after GC invocations=9915 (full 15):
 def new generation   total 393984K, used 4098K [0x0000000080000000, 0x000000009ab80000, 0x00000000aaaa0000)
  eden space 350208K,   0% used [0x0000000080000000, 0x0000000080000000, 0x0000000095600000)
  from space 43776K,   9% used [0x00000000980c0000, 0x00000000984c0bc0, 0x000000009ab80000)
  to   space 43776K,   0% used [0x0000000095600000, 0x0000000095600000, 0x00000000980c0000)
 tenured generation   total 875380K, used 795792K [0x00000000aaaa0000, 0x00000000e017d000, 0x0000000100000000)
   the space 875380K,  90% used [0x00000000aaaa0000, 0x00000000db3c4198, 0x00000000db3c4200, 0x00000000e017d000)
 Metaspace       used 90633K, capacity 101513K, committed 101760K, reserved 1136640K
  class space    used 12329K, capacity 14647K, committed 14720K, reserved 1048576K
}
Event: 126368.334 GC heap before
{Heap before GC invocations=9915 (full 15):
 def new generation   total 393984K, used 354306K [0x0000000080000000, 0x000000009ab80000, 0x00000000aaaa0000)
  eden space 350208K, 100% used [0x0000000080000000, 0x0000000095600000, 0x0000000095600000)
  from space 43776K,   9% used [0x00000000980c0000, 0x00000000984c0bc0, 0x000000009ab80000)
  to   space 43776K,   0% used [0x0000000095600000, 0x0000000095600000, 0x00000000980c0000)
 tenured generation   total 875380K, used 795792K [0x00000000aaaa0000, 0x00000000e017d000, 0x0000000100000000)
   the space 875380K,  90% used [0x00000000aaaa0000, 0x00000000db3c4198, 0x00000000db3c4200, 0x00000000e017d000)
 Metaspace       used 90633K, capacity 101513K, committed 101760K, reserved 1136640K
  class space    used 12329K, capacity 14647K, committed 14720K, reserved 1048576K
Event: 126368.348 GC heap after
Heap after GC invocations=9916 (full 15):
 def new generation   total 393984K, used 4469K [0x0000000080000000, 0x000000009ab80000, 0x00000000aaaa0000)
  eden space 350208K,   0% used [0x0000000080000000, 0x0000000080000000, 0x0000000095600000)
  from space 43776K,  10% used [0x0000000095600000, 0x0000000095a5d4b0, 0x00000000980c0000)
  to   space 43776K,   0% used [0x00000000980c0000, 0x00000000980c0000, 0x000000009ab80000)
 tenured generation   total 875380K, used 795817K [0x00000000aaaa0000, 0x00000000e017d000, 0x0000000100000000)
   the space 875380K,  90% used [0x00000000aaaa0000, 0x00000000db3ca798, 0x00000000db3ca800, 0x00000000e017d000)
 Metaspace       used 90633K, capacity 101513K, committed 101760K, reserved 1136640K
  class space    used 12329K, capacity 14647K, committed 14720K, reserved 1048576K
}
Event: 126370.550 GC heap before
{Heap before GC invocations=9916 (full 15):
 def new generation   total 393984K, used 354677K [0x0000000080000000, 0x000000009ab80000, 0x00000000aaaa0000)
  eden space 350208K, 100% used [0x0000000080000000, 0x0000000095600000, 0x0000000095600000)
  from space 43776K,  10% used [0x0000000095600000, 0x0000000095a5d4b0, 0x00000000980c0000)
  to   space 43776K,   0% used [0x00000000980c0000, 0x00000000980c0000, 0x000000009ab80000)
 tenured generation   total 875380K, used 795817K [0x00000000aaaa0000, 0x00000000e017d000, 0x0000000100000000)
   the space 875380K,  90% used [0x00000000aaaa0000, 0x00000000db3ca798, 0x00000000db3ca800, 0x00000000e017d000)
 Metaspace       used 90633K, capacity 101513K, committed 101760K, reserved 1136640K
  class space    used 12329K, capacity 14647K, committed 14720K, reserved 1048576K
Event: 126370.569 GC heap after
Heap after GC invocations=9917 (full 15):
 def new generation   total 393984K, used 4409K [0x0000000080000000, 0x000000009ab80000, 0x00000000aaaa0000)
  eden space 350208K,   0% used [0x0000000080000000, 0x0000000080000000, 0x0000000095600000)
  from space 43776K,  10% used [0x00000000980c0000, 0x000000009850e770, 0x000000009ab80000)
  to   space 43776K,   0% used [0x0000000095600000, 0x0000000095600000, 0x00000000980c0000)
 tenured generation   total 875380K, used 795846K [0x00000000aaaa0000, 0x00000000e017d000, 0x0000000100000000)
   the space 875380K,  90% used [0x00000000aaaa0000, 0x00000000db3d1800, 0x00000000db3d1800, 0x00000000e017d000)
 Metaspace       used 90633K, capacity 101513K, committed 101760K, reserved 1136640K
  class space    used 12329K, capacity 14647K, committed 14720K, reserved 1048576K
}
Event: 126372.726 GC heap before
{Heap before GC invocations=9917 (full 15):
 def new generation   total 393984K, used 354617K [0x0000000080000000, 0x000000009ab80000, 0x00000000aaaa0000)
  eden space 350208K, 100% used [0x0000000080000000, 0x0000000095600000, 0x0000000095600000)
  from space 43776K,  10% used [0x00000000980c0000, 0x000000009850e770, 0x000000009ab80000)
  to   space 43776K,   0% used [0x0000000095600000, 0x0000000095600000, 0x00000000980c0000)
 tenured generation   total 875380K, used 795846K [0x00000000aaaa0000, 0x00000000e017d000, 0x0000000100000000)
   the space 875380K,  90% used [0x00000000aaaa0000, 0x00000000db3d1800, 0x00000000db3d1800, 0x00000000e017d000)
 Metaspace       used 90633K, capacity 101513K, committed 101760K, reserved 1136640K
  class space    used 12329K, capacity 14647K, committed 14720K, reserved 1048576K
Event: 126372.747 GC heap after
Heap after GC invocations=9918 (full 15):
 def new generation   total 393984K, used 4858K [0x0000000080000000, 0x000000009ab80000, 0x00000000aaaa0000)
  eden space 350208K,   0% used [0x0000000080000000, 0x0000000080000000, 0x0000000095600000)
  from space 43776K,  11% used [0x0000000095600000, 0x0000000095abebf0, 0x00000000980c0000)
  to   space 43776K,   0% used [0x00000000980c0000, 0x00000000980c0000, 0x000000009ab80000)
 tenured generation   total 875380K, used 795940K [0x00000000aaaa0000, 0x00000000e017d000, 0x0000000100000000)
   the space 875380K,  90% used [0x00000000aaaa0000, 0x00000000db3e9110, 0x00000000db3e9200, 0x00000000e017d000)
 Metaspace       used 90633K, capacity 101513K, committed 101760K, reserved 1136640K
  class space    used 12329K, capacity 14647K, committed 14720K, reserved 1048576K
}
Event: 126374.938 GC heap before
{Heap before GC invocations=9918 (full 15):
 def new generation   total 393984K, used 355066K [0x0000000080000000, 0x000000009ab80000, 0x00000000aaaa0000)
  eden space 350208K, 100% used [0x0000000080000000, 0x0000000095600000, 0x0000000095600000)
  from space 43776K,  11% used [0x0000000095600000, 0x0000000095abebf0, 0x00000000980c0000)
  to   space 43776K,   0% used [0x00000000980c0000, 0x00000000980c0000, 0x000000009ab80000)
 tenured generation   total 875380K, used 795940K [0x00000000aaaa0000, 0x00000000e017d000, 0x0000000100000000)
   the space 875380K,  90% used [0x00000000aaaa0000, 0x00000000db3e9110, 0x00000000db3e9200, 0x00000000e017d000)
 Metaspace       used 90633K, capacity 101513K, committed 101760K, reserved 1136640K
  class space    used 12329K, capacity 14647K, committed 14720K, reserved 1048576K
Event: 126374.954 GC heap after
Heap after GC invocations=9919 (full 15):
 def new generation   total 393984K, used 4462K [0x0000000080000000, 0x000000009ab80000, 0x00000000aaaa0000)
  eden space 350208K,   0% used [0x0000000080000000, 0x0000000080000000, 0x0000000095600000)
  from space 43776K,  10% used [0x00000000980c0000, 0x000000009851b860, 0x000000009ab80000)
  to   space 43776K,   0% used [0x0000000095600000, 0x0000000095600000, 0x00000000980c0000)
 tenured generation   total 875380K, used 796157K [0x00000000aaaa0000, 0x00000000e017d000, 0x0000000100000000)
   the space 875380K,  90% used [0x00000000aaaa0000, 0x00000000db41f6c0, 0x00000000db41f800, 0x00000000e017d000)
 Metaspace       used 90633K, capacity 101513K, committed 101760K, reserved 1136640K
  class space    used 12329K, capacity 14647K, committed 14720K, reserved 1048576K
}
Event: 126377.219 GC heap before
{Heap before GC invocations=9919 (full 15):
 def new generation   total 393984K, used 354670K [0x0000000080000000, 0x000000009ab80000, 0x00000000aaaa0000)
  eden space 350208K, 100% used [0x0000000080000000, 0x0000000095600000, 0x0000000095600000)
  from space 43776K,  10% used [0x00000000980c0000, 0x000000009851b860, 0x000000009ab80000)
  to   space 43776K,   0% used [0x0000000095600000, 0x0000000095600000, 0x00000000980c0000)
 tenured generation   total 875380K, used 796157K [0x00000000aaaa0000, 0x00000000e017d000, 0x0000000100000000)
   the space 875380K,  90% used [0x00000000aaaa0000, 0x00000000db41f6c0, 0x00000000db41f800, 0x00000000e017d000)
 Metaspace       used 90633K, capacity 101513K, committed 101760K, reserved 1136640K
  class space    used 12329K, capacity 14647K, committed 14720K, reserved 1048576K
Event: 126377.234 GC heap after
Heap after GC invocations=9920 (full 15):
 def new generation   total 393984K, used 4398K [0x0000000080000000, 0x000000009ab80000, 0x00000000aaaa0000)
  eden space 350208K,   0% used [0x0000000080000000, 0x0000000080000000, 0x0000000095600000)
  from space 43776K,  10% used [0x0000000095600000, 0x0000000095a4ba70, 0x00000000980c0000)
  to   space 43776K,   0% used [0x00000000980c0000, 0x00000000980c0000, 0x000000009ab80000)
 tenured generation   total 875380K, used 796180K [0x00000000aaaa0000, 0x00000000e017d000, 0x0000000100000000)
   the space 875380K,  90% used [0x00000000aaaa0000, 0x00000000db425030, 0x00000000db425200, 0x00000000e017d000)
 Metaspace       used 90633K, capacity 101513K, committed 101760K, reserved 1136640K
  class space    used 12329K, capacity 14647K, committed 14720K, reserved 1048576K
}
Event: 126379.572 GC heap before
{Heap before GC invocations=9920 (full 15):
 def new generation   total 393984K, used 354606K [0x0000000080000000, 0x000000009ab80000, 0x00000000aaaa0000)
  eden space 350208K, 100% used [0x0000000080000000, 0x0000000095600000, 0x0000000095600000)
  from space 43776K,  10% used [0x0000000095600000, 0x0000000095a4ba70, 0x00000000980c0000)
  to   space 43776K,   0% used [0x00000000980c0000, 0x00000000980c0000, 0x000000009ab80000)
 tenured generation   total 875380K, used 796180K [0x00000000aaaa0000, 0x00000000e017d000, 0x0000000100000000)
   the space 875380K,  90% used [0x00000000aaaa0000, 0x00000000db425030, 0x00000000db425200, 0x00000000e017d000)
 Metaspace       used 90633K, capacity 101513K, committed 101760K, reserved 1136640K
  class space    used 12329K, capacity 14647K, committed 14720K, reserved 1048576K
Event: 126379.586 GC heap after
Heap after GC invocations=9921 (full 15):
 def new generation   total 393984K, used 4562K [0x0000000080000000, 0x000000009ab80000, 0x00000000aaaa0000)
  eden space 350208K,   0% used [0x0000000080000000, 0x0000000080000000, 0x0000000095600000)
  from space 43776K,  10% used [0x00000000980c0000, 0x0000000098534b20, 0x000000009ab80000)
  to   space 43776K,   0% used [0x0000000095600000, 0x0000000095600000, 0x00000000980c0000)
 tenured generation   total 875380K, used 796279K [0x00000000aaaa0000, 0x00000000e017d000, 0x0000000100000000)
   the space 875380K,  90% used [0x00000000aaaa0000, 0x00000000db43dc78, 0x00000000db43de00, 0x00000000e017d000)
 Metaspace       used 90633K, capacity 101513K, committed 101760K, reserved 1136640K
  class space    used 12329K, capacity 14647K, committed 14720K, reserved 1048576K
}
Event: 126381.878 GC heap before
{Heap before GC invocations=9921 (full 15):
 def new generation   total 393984K, used 354770K [0x0000000080000000, 0x000000009ab80000, 0x00000000aaaa0000)
  eden space 350208K, 100% used [0x0000000080000000, 0x0000000095600000, 0x0000000095600000)
  from space 43776K,  10% used [0x00000000980c0000, 0x0000000098534b20, 0x000000009ab80000)
  to   space 43776K,   0% used [0x0000000095600000, 0x0000000095600000, 0x00000000980c0000)
 tenured generation   total 875380K, used 796279K [0x00000000aaaa0000, 0x00000000e017d000, 0x0000000100000000)
   the space 875380K,  90% used [0x00000000aaaa0000, 0x00000000db43dc78, 0x00000000db43de00, 0x00000000e017d000)
 Metaspace       used 90633K, capacity 101513K, committed 101760K, reserved 1136640K
  class space    used 12329K, capacity 14647K, committed 14720K, reserved 1048576K
Event: 126381.893 GC heap after
Heap after GC invocations=9922 (full 15):
 def new generation   total 393984K, used 5371K [0x0000000080000000, 0x000000009ab80000, 0x00000000aaaa0000)
  eden space 350208K,   0% used [0x0000000080000000, 0x0000000080000000, 0x0000000095600000)
  from space 43776K,  12% used [0x0000000095600000, 0x0000000095b3eef0, 0x00000000980c0000)
  to   space 43776K,   0% used [0x00000000980c0000, 0x00000000980c0000, 0x000000009ab80000)
 tenured generation   total 875380K, used 796515K [0x00000000aaaa0000, 0x00000000e017d000, 0x0000000100000000)
   the space 875380K,  90% used [0x00000000aaaa0000, 0x00000000db478c78, 0x00000000db478e00, 0x00000000e017d000)
 Metaspace       used 90633K, capacity 101513K, committed 101760K, reserved 1136640K
  class space    used 12329K, capacity 14647K, committed 14720K, reserved 1048576K
}
Event: 126384.217 GC heap before
{Heap before GC invocations=9922 (full 15):
 def new generation   total 393984K, used 355579K [0x0000000080000000, 0x000000009ab80000, 0x00000000aaaa0000)
  eden space 350208K, 100% used [0x0000000080000000, 0x0000000095600000, 0x0000000095600000)
  from space 43776K,  12% used [0x0000000095600000, 0x0000000095b3eef0, 0x00000000980c0000)
  to   space 43776K,   0% used [0x00000000980c0000, 0x00000000980c0000, 0x000000009ab80000)
 tenured generation   total 875380K, used 796515K [0x00000000aaaa0000, 0x00000000e017d000, 0x0000000100000000)
   the space 875380K,  90% used [0x00000000aaaa0000, 0x00000000db478c78, 0x00000000db478e00, 0x00000000e017d000)
 Metaspace       used 90633K, capacity 101513K, committed 101760K, reserved 1136640K
  class space    used 12329K, capacity 14647K, committed 14720K, reserved 1048576K
Event: 126384.231 GC heap after
Heap after GC invocations=9923 (full 15):
 def new generation   total 393984K, used 5309K [0x0000000080000000, 0x000000009ab80000, 0x00000000aaaa0000)
  eden space 350208K,   0% used [0x0000000080000000, 0x0000000080000000, 0x0000000095600000)
  from space 43776K,  12% used [0x00000000980c0000, 0x00000000985ef640, 0x000000009ab80000)
  to   space 43776K,   0% used [0x0000000095600000, 0x0000000095600000, 0x00000000980c0000)
 tenured generation   total 875380K, used 796620K [0x00000000aaaa0000, 0x00000000e017d000, 0x0000000100000000)
   the space 875380K,  91% used [0x00000000aaaa0000, 0x00000000db493380, 0x00000000db493400, 0x00000000e017d000)
 Metaspace       used 90633K, capacity 101513K, committed 101760K, reserved 1136640K
  class space    used 12329K, capacity 14647K, committed 14720K, reserved 1048576K
}
Event: 126386.539 GC heap before
{Heap before GC invocations=9923 (full 15):
 def new generation   total 393984K, used 355517K [0x0000000080000000, 0x000000009ab80000, 0x00000000aaaa0000)
  eden space 350208K, 100% used [0x0000000080000000, 0x0000000095600000, 0x0000000095600000)
  from space 43776K,  12% used [0x00000000980c0000, 0x00000000985ef640, 0x000000009ab80000)
  to   space 43776K,   0% used [0x0000000095600000, 0x0000000095600000, 0x00000000980c0000)
 tenured generation   total 875380K, used 796620K [0x00000000aaaa0000, 0x00000000e017d000, 0x0000000100000000)
   the space 875380K,  91% used [0x00000000aaaa0000, 0x00000000db493380, 0x00000000db493400, 0x00000000e017d000)
 Metaspace       used 90633K, capacity 101513K, committed 101760K, reserved 1136640K
  class space    used 12329K, capacity 14647K, committed 14720K, reserved 1048576K
Event: 126386.556 GC heap after
Heap after GC invocations=9924 (full 15):
 def new generation   total 393984K, used 5845K [0x0000000080000000, 0x000000009ab80000, 0x00000000aaaa0000)
  eden space 350208K,   0% used [0x0000000080000000, 0x0000000080000000, 0x0000000095600000)
  from space 43776K,  13% used [0x0000000095600000, 0x0000000095bb56e0, 0x00000000980c0000)
  to   space 43776K,   0% used [0x00000000980c0000, 0x00000000980c0000, 0x000000009ab80000)
 tenured generation   total 875380K, used 796827K [0x00000000aaaa0000, 0x00000000e017d000, 0x0000000100000000)
   the space 875380K,  91% used [0x00000000aaaa0000, 0x00000000db4c6dd0, 0x00000000db4c6e00, 0x00000000e017d000)
 Metaspace       used 90633K, capacity 101513K, committed 101760K, reserved 1136640K
  class space    used 12329K, capacity 14647K, committed 14720K, reserved 1048576K
}
Event: 126388.878 GC heap before
{Heap before GC invocations=9924 (full 15):
 def new generation   total 393984K, used 356053K [0x0000000080000000, 0x000000009ab80000, 0x00000000aaaa0000)
  eden space 350208K, 100% used [0x0000000080000000, 0x0000000095600000, 0x0000000095600000)
  from space 43776K,  13% used [0x0000000095600000, 0x0000000095bb56e0, 0x00000000980c0000)
  to   space 43776K,   0% used [0x00000000980c0000, 0x00000000980c0000, 0x000000009ab80000)
 tenured generation   total 875380K, used 796827K [0x00000000aaaa0000, 0x00000000e017d000, 0x0000000100000000)
   the space 875380K,  91% used [0x00000000aaaa0000, 0x00000000db4c6dd0, 0x00000000db4c6e00, 0x00000000e017d000)
 Metaspace       used 90633K, capacity 101513K, committed 101760K, reserved 1136640K
  class space    used 12329K, capacity 14647K, committed 14720K, reserved 1048576K
Event: 126388.894 GC heap after
Heap after GC invocations=9925 (full 15):
 def new generation   total 393984K, used 5919K [0x0000000080000000, 0x000000009ab80000, 0x00000000aaaa0000)
  eden space 350208K,   0% used [0x0000000080000000, 0x0000000080000000, 0x0000000095600000)
  from space 43776K,  13% used [0x00000000980c0000, 0x0000000098687e80, 0x000000009ab80000)
  to   space 43776K,   0% used [0x0000000095600000, 0x0000000095600000, 0x00000000980c0000)
 tenured generation   total 875380K, used 796945K [0x00000000aaaa0000, 0x00000000e017d000, 0x0000000100000000)
   the space 875380K,  91% used [0x00000000aaaa0000, 0x00000000db4e4508, 0x00000000db4e4600, 0x00000000e017d000)
 Metaspace       used 90633K, capacity 101513K, committed 101760K, reserved 1136640K
  class space    used 12329K, capacity 14647K, committed 14720K, reserved 1048576K
}
Event: 126391.126 GC heap before
{Heap before GC invocations=9925 (full 15):
 def new generation   total 393984K, used 356127K [0x0000000080000000, 0x000000009ab80000, 0x00000000aaaa0000)
  eden space 350208K, 100% used [0x0000000080000000, 0x0000000095600000, 0x0000000095600000)
  from space 43776K,  13% used [0x00000000980c0000, 0x0000000098687e80, 0x000000009ab80000)
  to   space 43776K,   0% used [0x0000000095600000, 0x0000000095600000, 0x00000000980c0000)
 tenured generation   total 875380K, used 796945K [0x00000000aaaa0000, 0x00000000e017d000, 0x0000000100000000)
   the space 875380K,  91% used [0x00000000aaaa0000, 0x00000000db4e4508, 0x00000000db4e4600, 0x00000000e017d000)
 Metaspace       used 90633K, capacity 101513K, committed 101760K, reserved 1136640K
  class space    used 12329K, capacity 14647K, committed 14720K, reserved 1048576K
Event: 126391.142 GC heap after
Heap after GC invocations=9926 (full 15):
 def new generation   total 393984K, used 5998K [0x0000000080000000, 0x000000009ab80000, 0x00000000aaaa0000)
  eden space 350208K,   0% used [0x0000000080000000, 0x0000000080000000, 0x0000000095600000)
  from space 43776K,  13% used [0x0000000095600000, 0x0000000095bdbab8, 0x00000000980c0000)
  to   space 43776K,   0% used [0x00000000980c0000, 0x00000000980c0000, 0x000000009ab80000)
 tenured generation   total 875380K, used 797068K [0x00000000aaaa0000, 0x00000000e017d000, 0x0000000100000000)
   the space 875380K,  91% used [0x00000000aaaa0000, 0x00000000db5033c8, 0x00000000db503400, 0x00000000e017d000)
 Metaspace       used 90633K, capacity 101513K, committed 101760K, reserved 1136640K
  class space    used 12329K, capacity 14647K, committed 14720K, reserved 1048576K
}
Event: 126393.435 GC heap before
{Heap before GC invocations=9926 (full 15):
 def new generation   total 393984K, used 356206K [0x0000000080000000, 0x000000009ab80000, 0x00000000aaaa0000)
  eden space 350208K, 100% used [0x0000000080000000, 0x0000000095600000, 0x0000000095600000)
  from space 43776K,  13% used [0x0000000095600000, 0x0000000095bdbab8, 0x00000000980c0000)
  to   space 43776K,   0% used [0x00000000980c0000, 0x00000000980c0000, 0x000000009ab80000)
 tenured generation   total 875380K, used 797068K [0x00000000aaaa0000, 0x00000000e017d000, 0x0000000100000000)
   the space 875380K,  91% used [0x00000000aaaa0000, 0x00000000db5033c8, 0x00000000db503400, 0x00000000e017d000)
 Metaspace       used 90633K, capacity 101513K, committed 101760K, reserved 1136640K
  class space    used 12329K, capacity 14647K, committed 14720K, reserved 1048576K
Event: 126393.452 GC heap after
Heap after GC invocations=9927 (full 15):
 def new generation   total 393984K, used 5928K [0x0000000080000000, 0x000000009ab80000, 0x00000000aaaa0000)
  eden space 350208K,   0% used [0x0000000080000000, 0x0000000080000000, 0x0000000095600000)
  from space 43776K,  13% used [0x00000000980c0000, 0x000000009868a1c8, 0x000000009ab80000)
  to   space 43776K,   0% used [0x0000000095600000, 0x0000000095600000, 0x00000000980c0000)
 tenured generation   total 875380K, used 797169K [0x00000000aaaa0000, 0x00000000e017d000, 0x0000000100000000)
   the space 875380K,  91% used [0x00000000aaaa0000, 0x00000000db51c6d0, 0x00000000db51c800, 0x00000000e017d000)
 Metaspace       used 90633K, capacity 101513K, committed 101760K, reserved 1136640K
  class space    used 12329K, capacity 14647K, committed 14720K, reserved 1048576K
}
Event: 126395.619 GC heap before
{Heap before GC invocations=9927 (full 15):
 def new generation   total 393984K, used 356136K [0x0000000080000000, 0x000000009ab80000, 0x00000000aaaa0000)
  eden space 350208K, 100% used [0x0000000080000000, 0x0000000095600000, 0x0000000095600000)
  from space 43776K,  13% used [0x00000000980c0000, 0x000000009868a1c8, 0x000000009ab80000)
  to   space 43776K,   0% used [0x0000000095600000, 0x0000000095600000, 0x00000000980c0000)
 tenured generation   total 875380K, used 797169K [0x00000000aaaa0000, 0x00000000e017d000, 0x0000000100000000)
   the space 875380K,  91% used [0x00000000aaaa0000, 0x00000000db51c6d0, 0x00000000db51c800, 0x00000000e017d000)
 Metaspace       used 90633K, capacity 101513K, committed 101760K, reserved 1136640K
  class space    used 12329K, capacity 14647K, committed 14720K, reserved 1048576K
Event: 126395.635 GC heap after
Heap after GC invocations=9928 (full 15):
 def new generation   total 393984K, used 5989K [0x0000000080000000, 0x000000009ab80000, 0x00000000aaaa0000)
  eden space 350208K,   0% used [0x0000000080000000, 0x0000000080000000, 0x0000000095600000)
  from space 43776K,  13% used [0x0000000095600000, 0x0000000095bd9798, 0x00000000980c0000)
  to   space 43776K,   0% used [0x00000000980c0000, 0x00000000980c0000, 0x000000009ab80000)
 tenured generation   total 875380K, used 797361K [0x00000000aaaa0000, 0x00000000e017d000, 0x0000000100000000)
   the space 875380K,  91% used [0x00000000aaaa0000, 0x00000000db54c7a8, 0x00000000db54c800, 0x00000000e017d000)
 Metaspace       used 90633K, capacity 101513K, committed 101760K, reserved 1136640K
  class space    used 12329K, capacity 14647K, committed 14720K, reserved 1048576K
}
Event: 126397.877 GC heap before
{Heap before GC invocations=9928 (full 15):
 def new generation   total 393984K, used 356197K [0x0000000080000000, 0x000000009ab80000, 0x00000000aaaa0000)
  eden space 350208K, 100% used [0x0000000080000000, 0x0000000095600000, 0x0000000095600000)
  from space 43776K,  13% used [0x0000000095600000, 0x0000000095bd9798, 0x00000000980c0000)
  to   space 43776K,   0% used [0x00000000980c0000, 0x00000000980c0000, 0x000000009ab80000)
 tenured generation   total 875380K, used 797361K [0x00000000aaaa0000, 0x00000000e017d000, 0x0000000100000000)
   the space 875380K,  91% used [0x00000000aaaa0000, 0x00000000db54c7a8, 0x00000000db54c800, 0x00000000e017d000)
 Metaspace       used 90633K, capacity 101513K, committed 101760K, reserved 1136640K
  class space    used 12329K, capacity 14647K, committed 14720K, reserved 1048576K
Event: 126397.896 GC heap after
Heap after GC invocations=9929 (full 15):
 def new generation   total 393984K, used 6006K [0x0000000080000000, 0x000000009ab80000, 0x00000000aaaa0000)
  eden space 350208K,   0% used [0x0000000080000000, 0x0000000080000000, 0x0000000095600000)
  from space 43776K,  13% used [0x00000000980c0000, 0x000000009869d8d0, 0x000000009ab80000)
  to   space 43776K,   0% used [0x0000000095600000, 0x0000000095600000, 0x00000000980c0000)
 tenured generation   total 875380K, used 797421K [0x00000000aaaa0000, 0x00000000e017d000, 0x0000000100000000)
   the space 875380K,  91% used [0x00000000aaaa0000, 0x00000000db55b460, 0x00000000db55b600, 0x00000000e017d000)
 Metaspace       used 90633K, capacity 101513K, committed 101760K, reserved 1136640K
  class space    used 12329K, capacity 14647K, committed 14720K, reserved 1048576K
}
Event: 126400.091 GC heap before
{Heap before GC invocations=9929 (full 15):
 def new generation   total 393984K, used 356214K [0x0000000080000000, 0x000000009ab80000, 0x00000000aaaa0000)
  eden space 350208K, 100% used [0x0000000080000000, 0x0000000095600000, 0x0000000095600000)
  from space 43776K,  13% used [0x00000000980c0000, 0x000000009869d8d0, 0x000000009ab80000)
  to   space 43776K,   0% used [0x0000000095600000, 0x0000000095600000, 0x00000000980c0000)
 tenured generation   total 875380K, used 797421K [0x00000000aaaa0000, 0x00000000e017d000, 0x0000000100000000)
   the space 875380K,  91% used [0x00000000aaaa0000, 0x00000000db55b460, 0x00000000db55b600, 0x00000000e017d000)
 Metaspace       used 90633K, capacity 101513K, committed 101760K, reserved 1136640K
  class space    used 12329K, capacity 14647K, committed 14720K, reserved 1048576K
Event: 126400.106 GC heap after
Heap after GC invocations=9930 (full 15):
 def new generation   total 393984K, used 5980K [0x0000000080000000, 0x000000009ab80000, 0x00000000aaaa0000)
  eden space 350208K,   0% used [0x0000000080000000, 0x0000000080000000, 0x0000000095600000)
  from space 43776K,  13% used [0x0000000095600000, 0x0000000095bd7040, 0x00000000980c0000)
  to   space 43776K,   0% used [0x00000000980c0000, 0x00000000980c0000, 0x000000009ab80000)
 tenured generation   total 875380K, used 797478K [0x00000000aaaa0000, 0x00000000e017d000, 0x0000000100000000)
   the space 875380K,  91% used [0x00000000aaaa0000, 0x00000000db569980, 0x00000000db569a00, 0x00000000e017d000)
 Metaspace       used 90633K, capacity 101513K, committed 101760K, reserved 1136640K
  class space    used 12329K, capacity 14647K, committed 14720K, reserved 1048576K
}
Event: 126402.369 GC heap before
{Heap before GC invocations=9930 (full 15):
 def new generation   total 393984K, used 356188K [0x0000000080000000, 0x000000009ab80000, 0x00000000aaaa0000)
  eden space 350208K, 100% used [0x0000000080000000, 0x0000000095600000, 0x0000000095600000)
  from space 43776K,  13% used [0x0000000095600000, 0x0000000095bd7040, 0x00000000980c0000)
  to   space 43776K,   0% used [0x00000000980c0000, 0x00000000980c0000, 0x000000009ab80000)
 tenured generation   total 875380K, used 797478K [0x00000000aaaa0000, 0x00000000e017d000, 0x0000000100000000)
   the space 875380K,  91% used [0x00000000aaaa0000, 0x00000000db569980, 0x00000000db569a00, 0x00000000e017d000)
 Metaspace       used 90633K, capacity 101513K, committed 101760K, reserved 1136640K
  class space    used 12329K, capacity 14647K, committed 14720K, reserved 1048576K
Event: 126402.385 GC heap after
Heap after GC invocations=9931 (full 15):
 def new generation   total 393984K, used 6065K [0x0000000080000000, 0x000000009ab80000, 0x00000000aaaa0000)
  eden space 350208K,   0% used [0x0000000080000000, 0x0000000080000000, 0x0000000095600000)
  from space 43776K,  13% used [0x00000000980c0000, 0x00000000986ac720, 0x000000009ab80000)
  to   space 43776K,   0% used [0x0000000095600000, 0x0000000095600000, 0x00000000980c0000)
 tenured generation   total 875380K, used 797724K [0x00000000aaaa0000, 0x00000000e017d000, 0x0000000100000000)
   the space 875380K,  91% used [0x00000000aaaa0000, 0x00000000db5a7178, 0x00000000db5a7200, 0x00000000e017d000)
 Metaspace       used 90633K, capacity 101513K, committed 101760K, reserved 1136640K
  class space    used 12329K, capacity 14647K, committed 14720K, reserved 1048576K
}
Event: 126404.675 GC heap before
{Heap before GC invocations=9931 (full 15):
 def new generation   total 393984K, used 356273K [0x0000000080000000, 0x000000009ab80000, 0x00000000aaaa0000)
  eden space 350208K, 100% used [0x0000000080000000, 0x0000000095600000, 0x0000000095600000)
  from space 43776K,  13% used [0x00000000980c0000, 0x00000000986ac720, 0x000000009ab80000)
  to   space 43776K,   0% used [0x0000000095600000, 0x0000000095600000, 0x00000000980c0000)
 tenured generation   total 875380K, used 797724K [0x00000000aaaa0000, 0x00000000e017d000, 0x0000000100000000)
   the space 875380K,  91% used [0x00000000aaaa0000, 0x00000000db5a7178, 0x00000000db5a7200, 0x00000000e017d000)
 Metaspace       used 90633K, capacity 101513K, committed 101760K, reserved 1136640K
  class space    used 12329K, capacity 14647K, committed 14720K, reserved 1048576K
Event: 126404.692 GC heap after
Heap after GC invocations=9932 (full 15):
 def new generation   total 393984K, used 6005K [0x0000000080000000, 0x000000009ab80000, 0x00000000aaaa0000)
  eden space 350208K,   0% used [0x0000000080000000, 0x0000000080000000, 0x0000000095600000)
  from space 43776K,  13% used [0x0000000095600000, 0x0000000095bdd5c8, 0x00000000980c0000)
  to   space 43776K,   0% used [0x00000000980c0000, 0x00000000980c0000, 0x000000009ab80000)
 tenured generation   total 875380K, used 797778K [0x00000000aaaa0000, 0x00000000e017d000, 0x0000000100000000)
   the space 875380K,  91% used [0x00000000aaaa0000, 0x00000000db5b4b70, 0x00000000db5b4c00, 0x00000000e017d000)
 Metaspace       used 90633K, capacity 101513K, committed 101760K, reserved 1136640K
  class space    used 12329K, capacity 14647K, committed 14720K, reserved 1048576K
}
Event: 126406.935 GC heap before
{Heap before GC invocations=9932 (full 15):
 def new generation   total 393984K, used 356213K [0x0000000080000000, 0x000000009ab80000, 0x00000000aaaa0000)
  eden space 350208K, 100% used [0x0000000080000000, 0x0000000095600000, 0x0000000095600000)
  from space 43776K,  13% used [0x0000000095600000, 0x0000000095bdd5c8, 0x00000000980c0000)
  to   space 43776K,   0% used [0x00000000980c0000, 0x00000000980c0000, 0x000000009ab80000)
 tenured generation   total 875380K, used 797778K [0x00000000aaaa0000, 0x00000000e017d000, 0x0000000100000000)
   the space 875380K,  91% used [0x00000000aaaa0000, 0x00000000db5b4b70, 0x00000000db5b4c00, 0x00000000e017d000)
 Metaspace       used 90633K, capacity 101513K, committed 101760K, reserved 1136640K
  class space    used 12329K, capacity 14647K, committed 14720K, reserved 1048576K
Event: 126406.951 GC heap after
Heap after GC invocations=9933 (full 15):
 def new generation   total 393984K, used 5908K [0x0000000080000000, 0x000000009ab80000, 0x00000000aaaa0000)
  eden space 350208K,   0% used [0x0000000080000000, 0x0000000080000000, 0x0000000095600000)
  from space 43776K,  13% used [0x00000000980c0000, 0x0000000098685360, 0x000000009ab80000)
  to   space 43776K,   0% used [0x0000000095600000, 0x0000000095600000, 0x00000000980c0000)
 tenured generation   total 875380K, used 798001K [0x00000000aaaa0000, 0x00000000e017d000, 0x0000000100000000)
   the space 875380K,  91% used [0x00000000aaaa0000, 0x00000000db5ec4d0, 0x00000000db5ec600, 0x00000000e017d000)
 Metaspace       used 90633K, capacity 101513K, committed 101760K, reserved 1136640K
  class space    used 12329K, capacity 14647K, committed 14720K, reserved 1048576K
}
Event: 126409.345 GC heap before
{Heap before GC invocations=9933 (full 15):
 def new generation   total 393984K, used 356116K [0x0000000080000000, 0x000000009ab80000, 0x00000000aaaa0000)
  eden space 350208K, 100% used [0x0000000080000000, 0x0000000095600000, 0x0000000095600000)
  from space 43776K,  13% used [0x00000000980c0000, 0x0000000098685360, 0x000000009ab80000)
  to   space 43776K,   0% used [0x0000000095600000, 0x0000000095600000, 0x00000000980c0000)
 tenured generation   total 875380K, used 798001K [0x00000000aaaa0000, 0x00000000e017d000, 0x0000000100000000)
   the space 875380K,  91% used [0x00000000aaaa0000, 0x00000000db5ec4d0, 0x00000000db5ec600, 0x00000000e017d000)
 Metaspace       used 90633K, capacity 101513K, committed 101760K, reserved 1136640K
  class space    used 12329K, capacity 14647K, committed 14720K, reserved 1048576K
Event: 126409.359 GC heap after
Heap after GC invocations=9934 (full 15):
 def new generation   total 393984K, used 5927K [0x0000000080000000, 0x000000009ab80000, 0x00000000aaaa0000)
  eden space 350208K,   0% used [0x0000000080000000, 0x0000000080000000, 0x0000000095600000)
  from space 43776K,  13% used [0x0000000095600000, 0x0000000095bc9e40, 0x00000000980c0000)
  to   space 43776K,   0% used [0x00000000980c0000, 0x00000000980c0000, 0x000000009ab80000)
 tenured generation   total 875380K, used 798079K [0x00000000aaaa0000, 0x00000000e017d000, 0x0000000100000000)
   the space 875380K,  91% used [0x00000000aaaa0000, 0x00000000db5ffe28, 0x00000000db600000, 0x00000000e017d000)
 Metaspace       used 90633K, capacity 101513K, committed 101760K, reserved 1136640K
  class space    used 12329K, capacity 14647K, committed 14720K, reserved 1048576K
}
Event: 126411.792 GC heap before
{Heap before GC invocations=9934 (full 15):
 def new generation   total 393984K, used 356135K [0x0000000080000000, 0x000000009ab80000, 0x00000000aaaa0000)
  eden space 350208K, 100% used [0x0000000080000000, 0x0000000095600000, 0x0000000095600000)
  from space 43776K,  13% used [0x0000000095600000, 0x0000000095bc9e40, 0x00000000980c0000)
  to   space 43776K,   0% used [0x00000000980c0000, 0x00000000980c0000, 0x000000009ab80000)
 tenured generation   total 875380K, used 798079K [0x00000000aaaa0000, 0x00000000e017d000, 0x0000000100000000)
   the space 875380K,  91% used [0x00000000aaaa0000, 0x00000000db5ffe28, 0x00000000db600000, 0x00000000e017d000)
 Metaspace       used 90633K, capacity 101513K, committed 101760K, reserved 1136640K
  class space    used 12329K, capacity 14647K, committed 14720K, reserved 1048576K
Event: 126411.809 GC heap after
Heap after GC invocations=9935 (full 15):
 def new generation   total 393984K, used 5900K [0x0000000080000000, 0x000000009ab80000, 0x00000000aaaa0000)
  eden space 350208K,   0% used [0x0000000080000000, 0x0000000080000000, 0x0000000095600000)
  from space 43776K,  13% used [0x00000000980c0000, 0x00000000986830a8, 0x000000009ab80000)
  to   space 43776K,   0% used [0x0000000095600000, 0x0000000095600000, 0x00000000980c0000)
 tenured generation   total 875380K, used 798167K [0x00000000aaaa0000, 0x00000000e017d000, 0x0000000100000000)
   the space 875380K,  91% used [0x00000000aaaa0000, 0x00000000db615d80, 0x00000000db615e00, 0x00000000e017d000)
 Metaspace       used 90633K, capacity 101513K, committed 101760K, reserved 1136640K
  class space    used 12329K, capacity 14647K, committed 14720K, reserved 1048576K
}
Event: 126414.066 GC heap before
{Heap before GC invocations=9935 (full 15):
 def new generation   total 393984K, used 356108K [0x0000000080000000, 0x000000009ab80000, 0x00000000aaaa0000)
  eden space 350208K, 100% used [0x0000000080000000, 0x0000000095600000, 0x0000000095600000)
  from space 43776K,  13% used [0x00000000980c0000, 0x00000000986830a8, 0x000000009ab80000)
  to   space 43776K,   0% used [0x0000000095600000, 0x0000000095600000, 0x00000000980c0000)
 tenured generation   total 875380K, used 798167K [0x00000000aaaa0000, 0x00000000e017d000, 0x0000000100000000)
   the space 875380K,  91% used [0x00000000aaaa0000, 0x00000000db615d80, 0x00000000db615e00, 0x00000000e017d000)
 Metaspace       used 90633K, capacity 101513K, committed 101760K, reserved 1136640K
  class space    used 12329K, capacity 14647K, committed 14720K, reserved 1048576K
Event: 126414.082 GC heap after
Heap after GC invocations=9936 (full 15):
 def new generation   total 393984K, used 5931K [0x0000000080000000, 0x000000009ab80000, 0x00000000aaaa0000)
  eden space 350208K,   0% used [0x0000000080000000, 0x0000000080000000, 0x0000000095600000)
  from space 43776K,  13% used [0x0000000095600000, 0x0000000095bcaf00, 0x00000000980c0000)
  to   space 43776K,   0% used [0x00000000980c0000, 0x00000000980c0000, 0x000000009ab80000)
 tenured generation   total 875380K, used 798297K [0x00000000aaaa0000, 0x00000000e017d000, 0x0000000100000000)
   the space 875380K,  91% used [0x00000000aaaa0000, 0x00000000db636580, 0x00000000db636600, 0x00000000e017d000)
 Metaspace       used 90633K, capacity 101513K, committed 101760K, reserved 1136640K
  class space    used 12329K, capacity 14647K, committed 14720K, reserved 1048576K
}
Event: 126416.416 GC heap before
{Heap before GC invocations=9936 (full 15):
 def new generation   total 393984K, used 356139K [0x0000000080000000, 0x000000009ab80000, 0x00000000aaaa0000)
  eden space 350208K, 100% used [0x0000000080000000, 0x0000000095600000, 0x0000000095600000)
  from space 43776K,  13% used [0x0000000095600000, 0x0000000095bcaf00, 0x00000000980c0000)
  to   space 43776K,   0% used [0x00000000980c0000, 0x00000000980c0000, 0x000000009ab80000)
 tenured generation   total 875380K, used 798297K [0x00000000aaaa0000, 0x00000000e017d000, 0x0000000100000000)
   the space 875380K,  91% used [0x00000000aaaa0000, 0x00000000db636580, 0x00000000db636600, 0x00000000e017d000)
 Metaspace       used 90633K, capacity 101513K, committed 101760K, reserved 1136640K
  class space    used 12329K, capacity 14647K, committed 14720K, reserved 1048576K
Event: 126416.431 GC heap after
Heap after GC invocations=9937 (full 15):
 def new generation   total 393984K, used 5859K [0x0000000080000000, 0x000000009ab80000, 0x00000000aaaa0000)
  eden space 350208K,   0% used [0x0000000080000000, 0x0000000080000000, 0x0000000095600000)
  from space 43776K,  13% used [0x00000000980c0000, 0x0000000098678c08, 0x000000009ab80000)
  to   space 43776K,   0% used [0x0000000095600000, 0x0000000095600000, 0x00000000980c0000)
 tenured generation   total 875380K, used 798454K [0x00000000aaaa0000, 0x00000000e017d000, 0x0000000100000000)
   the space 875380K,  91% used [0x00000000aaaa0000, 0x00000000db65dad8, 0x00000000db65dc00, 0x00000000e017d000)
 Metaspace       used 90633K, capacity 101513K, committed 101760K, reserved 1136640K
  class space    used 12329K, capacity 14647K, committed 14720K, reserved 1048576K
}
Event: 126418.775 GC heap before
{Heap before GC invocations=9937 (full 15):
 def new generation   total 393984K, used 356067K [0x0000000080000000, 0x000000009ab80000, 0x00000000aaaa0000)
  eden space 350208K, 100% used [0x0000000080000000, 0x0000000095600000, 0x0000000095600000)
  from space 43776K,  13% used [0x00000000980c0000, 0x0000000098678c08, 0x000000009ab80000)
  to   space 43776K,   0% used [0x0000000095600000, 0x0000000095600000, 0x00000000980c0000)
 tenured generation   total 875380K, used 798454K [0x00000000aaaa0000, 0x00000000e017d000, 0x0000000100000000)
   the space 875380K,  91% used [0x00000000aaaa0000, 0x00000000db65dad8, 0x00000000db65dc00, 0x00000000e017d000)
 Metaspace       used 90633K, capacity 101513K, committed 101760K, reserved 1136640K
  class space    used 12329K, capacity 14647K, committed 14720K, reserved 1048576K
Event: 126418.790 GC heap after
Heap after GC invocations=9938 (full 15):
 def new generation   total 393984K, used 5768K [0x0000000080000000, 0x000000009ab80000, 0x00000000aaaa0000)
  eden space 350208K,   0% used [0x0000000080000000, 0x0000000080000000, 0x0000000095600000)
  from space 43776K,  13% used [0x0000000095600000, 0x0000000095ba2338, 0x00000000980c0000)
  to   space 43776K,   0% used [0x00000000980c0000, 0x00000000980c0000, 0x000000009ab80000)
 tenured generation   total 875380K, used 798561K [0x00000000aaaa0000, 0x00000000e017d000, 0x0000000100000000)
   the space 875380K,  91% used [0x00000000aaaa0000, 0x00000000db678588, 0x00000000db678600, 0x00000000e017d000)
 Metaspace       used 90633K, capacity 101513K, committed 101760K, reserved 1136640K
  class space    used 12329K, capacity 14647K, committed 14720K, reserved 1048576K
}
Event: 126421.034 GC heap before
{Heap before GC invocations=9938 (full 15):
 def new generation   total 393984K, used 355976K [0x0000000080000000, 0x000000009ab80000, 0x00000000aaaa0000)
  eden space 350208K, 100% used [0x0000000080000000, 0x0000000095600000, 0x0000000095600000)
  from space 43776K,  13% used [0x0000000095600000, 0x0000000095ba2338, 0x00000000980c0000)
  to   space 43776K,   0% used [0x00000000980c0000, 0x00000000980c0000, 0x000000009ab80000)
 tenured generation   total 875380K, used 798561K [0x00000000aaaa0000, 0x00000000e017d000, 0x0000000100000000)
   the space 875380K,  91% used [0x00000000aaaa0000, 0x00000000db678588, 0x00000000db678600, 0x00000000e017d000)
 Metaspace       used 90633K, capacity 101513K, committed 101760K, reserved 1136640K
  class space    used 12329K, capacity 14647K, committed 14720K, reserved 1048576K
Event: 126421.050 GC heap after
Heap after GC invocations=9939 (full 15):
 def new generation   total 393984K, used 5935K [0x0000000080000000, 0x000000009ab80000, 0x00000000aaaa0000)
  eden space 350208K,   0% used [0x0000000080000000, 0x0000000080000000, 0x0000000095600000)
  from space 43776K,  13% used [0x00000000980c0000, 0x000000009868bdd8, 0x000000009ab80000)
  to   space 43776K,   0% used [0x0000000095600000, 0x0000000095600000, 0x00000000980c0000)
 tenured generation   total 875380K, used 798687K [0x00000000aaaa0000, 0x00000000e017d000, 0x0000000100000000)
   the space 875380K,  91% used [0x00000000aaaa0000, 0x00000000db697d98, 0x00000000db697e00, 0x00000000e017d000)
 Metaspace       used 90633K, capacity 101513K, committed 101760K, reserved 1136640K
  class space    used 12329K, capacity 14647K, committed 14720K, reserved 1048576K
}
Event: 126423.335 GC heap before
{Heap before GC invocations=9939 (full 15):
 def new generation   total 393984K, used 356143K [0x0000000080000000, 0x000000009ab80000, 0x00000000aaaa0000)
  eden space 350208K, 100% used [0x0000000080000000, 0x0000000095600000, 0x0000000095600000)
  from space 43776K,  13% used [0x00000000980c0000, 0x000000009868bdd8, 0x000000009ab80000)
  to   space 43776K,   0% used [0x0000000095600000, 0x0000000095600000, 0x00000000980c0000)
 tenured generation   total 875380K, used 798687K [0x00000000aaaa0000, 0x00000000e017d000, 0x0000000100000000)
   the space 875380K,  91% used [0x00000000aaaa0000, 0x00000000db697d98, 0x00000000db697e00, 0x00000000e017d000)
 Metaspace       used 90633K, capacity 101513K, committed 101760K, reserved 1136640K
  class space    used 12329K, capacity 14647K, committed 14720K, reserved 1048576K
Event: 126423.355 GC heap after
Heap after GC invocations=9940 (full 15):
 def new generation   total 393984K, used 5594K [0x0000000080000000, 0x000000009ab80000, 0x00000000aaaa0000)
  eden space 350208K,   0% used [0x0000000080000000, 0x0000000080000000, 0x0000000095600000)
  from space 43776K,  12% used [0x0000000095600000, 0x0000000095b76908, 0x00000000980c0000)
  to   space 43776K,   0% used [0x00000000980c0000, 0x00000000980c0000, 0x000000009ab80000)
 tenured generation   total 875380K, used 799065K [0x00000000aaaa0000, 0x00000000e017d000, 0x0000000100000000)
   the space 875380K,  91% used [0x00000000aaaa0000, 0x00000000db6f65c0, 0x00000000db6f6600, 0x00000000e017d000)
 Metaspace       used 90633K, capacity 101513K, committed 101760K, reserved 1136640K
  class space    used 12329K, capacity 14647K, committed 14720K, reserved 1048576K
}
Event: 126425.628 GC heap before
{Heap before GC invocations=9940 (full 15):
 def new generation   total 393984K, used 355802K [0x0000000080000000, 0x000000009ab80000, 0x00000000aaaa0000)
  eden space 350208K, 100% used [0x0000000080000000, 0x0000000095600000, 0x0000000095600000)
  from space 43776K,  12% used [0x0000000095600000, 0x0000000095b76908, 0x00000000980c0000)
  to   space 43776K,   0% used [0x00000000980c0000, 0x00000000980c0000, 0x000000009ab80000)
 tenured generation   total 875380K, used 799065K [0x00000000aaaa0000, 0x00000000e017d000, 0x0000000100000000)
   the space 875380K,  91% used [0x00000000aaaa0000, 0x00000000db6f65c0, 0x00000000db6f6600, 0x00000000e017d000)
 Metaspace       used 90633K, capacity 101513K, committed 101760K, reserved 1136640K
  class space    used 12329K, capacity 14647K, committed 14720K, reserved 1048576K
Event: 126425.645 GC heap after
Heap after GC invocations=9941 (full 15):
 def new generation   total 393984K, used 5828K [0x0000000080000000, 0x000000009ab80000, 0x00000000aaaa0000)
  eden space 350208K,   0% used [0x0000000080000000, 0x0000000080000000, 0x0000000095600000)
  from space 43776K,  13% used [0x00000000980c0000, 0x0000000098671298, 0x000000009ab80000)
  to   space 43776K,   0% used [0x0000000095600000, 0x0000000095600000, 0x00000000980c0000)
 tenured generation   total 875380K, used 799620K [0x00000000aaaa0000, 0x00000000e017d000, 0x0000000100000000)
   the space 875380K,  91% used [0x00000000aaaa0000, 0x00000000db7810f0, 0x00000000db781200, 0x00000000e017d000)
 Metaspace       used 90633K, capacity 101513K, committed 101760K, reserved 1136640K
  class space    used 12329K, capacity 14647K, committed 14720K, reserved 1048576K
}
Event: 126427.618 GC heap before
{Heap before GC invocations=9941 (full 15):
 def new generation   total 393984K, used 356036K [0x0000000080000000, 0x000000009ab80000, 0x00000000aaaa0000)
  eden space 350208K, 100% used [0x0000000080000000, 0x0000000095600000, 0x0000000095600000)
  from space 43776K,  13% used [0x00000000980c0000, 0x0000000098671298, 0x000000009ab80000)
  to   space 43776K,   0% used [0x0000000095600000, 0x0000000095600000, 0x00000000980c0000)
 tenured generation   total 875380K, used 799620K [0x00000000aaaa0000, 0x00000000e017d000, 0x0000000100000000)
   the space 875380K,  91% used [0x00000000aaaa0000, 0x00000000db7810f0, 0x00000000db781200, 0x00000000e017d000)
 Metaspace       used 90633K, capacity 101513K, committed 101760K, reserved 1136640K
  class space    used 12329K, capacity 14647K, committed 14720K, reserved 1048576K
Event: 126427.653 GC heap after
Heap after GC invocations=9942 (full 15):
 def new generation   total 393984K, used 11528K [0x0000000080000000, 0x000000009ab80000, 0x00000000aaaa0000)
  eden space 350208K,   0% used [0x0000000080000000, 0x0000000080000000, 0x0000000095600000)
  from space 43776K,  26% used [0x0000000095600000, 0x00000000961421a0, 0x00000000980c0000)
  to   space 43776K,   0% used [0x00000000980c0000, 0x00000000980c0000, 0x000000009ab80000)
 tenured generation   total 875380K, used 799731K [0x00000000aaaa0000, 0x00000000e017d000, 0x0000000100000000)
   the space 875380K,  91% used [0x00000000aaaa0000, 0x00000000db79cf10, 0x00000000db79d000, 0x00000000e017d000)
 Metaspace       used 90633K, capacity 101513K, committed 101760K, reserved 1136640K
  class space    used 12329K, capacity 14647K, committed 14720K, reserved 1048576K
}
Event: 126429.414 GC heap before
{Heap before GC invocations=9942 (full 15):
 def new generation   total 393984K, used 361736K [0x0000000080000000, 0x000000009ab80000, 0x00000000aaaa0000)
  eden space 350208K, 100% used [0x0000000080000000, 0x0000000095600000, 0x0000000095600000)
  from space 43776K,  26% used [0x0000000095600000, 0x00000000961421a0, 0x00000000980c0000)
  to   space 43776K,   0% used [0x00000000980c0000, 0x00000000980c0000, 0x000000009ab80000)
 tenured generation   total 875380K, used 799731K [0x00000000aaaa0000, 0x00000000e017d000, 0x0000000100000000)
   the space 875380K,  91% used [0x00000000aaaa0000, 0x00000000db79cf10, 0x00000000db79d000, 0x00000000e017d000)
 Metaspace       used 90633K, capacity 101513K, committed 101760K, reserved 1136640K
  class space    used 12329K, capacity 14647K, committed 14720K, reserved 1048576K
Event: 126429.452 GC heap after
Heap after GC invocations=9943 (full 15):
 def new generation   total 393984K, used 12458K [0x0000000080000000, 0x000000009ab80000, 0x00000000aaaa0000)
  eden space 350208K,   0% used [0x0000000080000000, 0x0000000080000000, 0x0000000095600000)
  from space 43776K,  28% used [0x00000000980c0000, 0x0000000098ceaa58, 0x000000009ab80000)
  to   space 43776K,   0% used [0x0000000095600000, 0x0000000095600000, 0x00000000980c0000)
 tenured generation   total 875380K, used 800013K [0x00000000aaaa0000, 0x00000000e017d000, 0x0000000100000000)
   the space 875380K,  91% used [0x00000000aaaa0000, 0x00000000db7e34e8, 0x00000000db7e3600, 0x00000000e017d000)
 Metaspace       used 90633K, capacity 101513K, committed 101760K, reserved 1136640K
  class space    used 12329K, capacity 14647K, committed 14720K, reserved 1048576K
}
Event: 126430.991 GC heap before
{Heap before GC invocations=9943 (full 15):
 def new generation   total 393984K, used 362666K [0x0000000080000000, 0x000000009ab80000, 0x00000000aaaa0000)
  eden space 350208K, 100% used [0x0000000080000000, 0x0000000095600000, 0x0000000095600000)
  from space 43776K,  28% used [0x00000000980c0000, 0x0000000098ceaa58, 0x000000009ab80000)
  to   space 43776K,   0% used [0x0000000095600000, 0x0000000095600000, 0x00000000980c0000)
 tenured generation   total 875380K, used 800013K [0x00000000aaaa0000, 0x00000000e017d000, 0x0000000100000000)
   the space 875380K,  91% used [0x00000000aaaa0000, 0x00000000db7e34e8, 0x00000000db7e3600, 0x00000000e017d000)
 Metaspace       used 90633K, capacity 101513K, committed 101760K, reserved 1136640K
  class space    used 12329K, capacity 14647K, committed 14720K, reserved 1048576K
Event: 126431.027 GC heap after
Heap after GC invocations=9944 (full 15):
 def new generation   total 393984K, used 13306K [0x0000000080000000, 0x000000009ab80000, 0x00000000aaaa0000)
  eden space 350208K,   0% used [0x0000000080000000, 0x0000000080000000, 0x0000000095600000)
  from space 43776K,  30% used [0x0000000095600000, 0x00000000962fe8d0, 0x00000000980c0000)
  to   space 43776K,   0% used [0x00000000980c0000, 0x00000000980c0000, 0x000000009ab80000)
 tenured generation   total 875380K, used 800062K [0x00000000aaaa0000, 0x00000000e017d000, 0x0000000100000000)
   the space 875380K,  91% used [0x00000000aaaa0000, 0x00000000db7ef910, 0x00000000db7efa00, 0x00000000e017d000)
 Metaspace       used 90633K, capacity 101513K, committed 101760K, reserved 1136640K
  class space    used 12329K, capacity 14647K, committed 14720K, reserved 1048576K
}
Event: 126432.645 GC heap before
{Heap before GC invocations=9944 (full 15):
 def new generation   total 393984K, used 363514K [0x0000000080000000, 0x000000009ab80000, 0x00000000aaaa0000)
  eden space 350208K, 100% used [0x0000000080000000, 0x0000000095600000, 0x0000000095600000)
  from space 43776K,  30% used [0x0000000095600000, 0x00000000962fe8d0, 0x00000000980c0000)
  to   space 43776K,   0% used [0x00000000980c0000, 0x00000000980c0000, 0x000000009ab80000)
 tenured generation   total 875380K, used 800062K [0x00000000aaaa0000, 0x00000000e017d000, 0x0000000100000000)
   the space 875380K,  91% used [0x00000000aaaa0000, 0x00000000db7ef910, 0x00000000db7efa00, 0x00000000e017d000)
 Metaspace       used 90633K, capacity 101513K, committed 101760K, reserved 1136640K
  class space    used 12329K, capacity 14647K, committed 14720K, reserved 1048576K
Event: 126432.670 GC heap after
Heap after GC invocations=9945 (full 15):
 def new generation   total 393984K, used 13663K [0x0000000080000000, 0x000000009ab80000, 0x00000000aaaa0000)
  eden space 350208K,   0% used [0x0000000080000000, 0x0000000080000000, 0x0000000095600000)
  from space 43776K,  31% used [0x00000000980c0000, 0x0000000098e17ef8, 0x000000009ab80000)
  to   space 43776K,   0% used [0x0000000095600000, 0x0000000095600000, 0x00000000980c0000)
 tenured generation   total 875380K, used 800229K [0x00000000aaaa0000, 0x00000000e017d000, 0x0000000100000000)
   the space 875380K,  91% used [0x00000000aaaa0000, 0x00000000db819450, 0x00000000db819600, 0x00000000e017d000)
 Metaspace       used 90633K, capacity 101513K, committed 101760K, reserved 1136640K
  class space    used 12329K, capacity 14647K, committed 14720K, reserved 1048576K
}
Event: 126434.408 GC heap before
{Heap before GC invocations=9945 (full 15):
 def new generation   total 393984K, used 363871K [0x0000000080000000, 0x000000009ab80000, 0x00000000aaaa0000)
  eden space 350208K, 100% used [0x0000000080000000, 0x0000000095600000, 0x0000000095600000)
  from space 43776K,  31% used [0x00000000980c0000, 0x0000000098e17ef8, 0x000000009ab80000)
  to   space 43776K,   0% used [0x0000000095600000, 0x0000000095600000, 0x00000000980c0000)
 tenured generation   total 875380K, used 800229K [0x00000000aaaa0000, 0x00000000e017d000, 0x0000000100000000)
   the space 875380K,  91% used [0x00000000aaaa0000, 0x00000000db819450, 0x00000000db819600, 0x00000000e017d000)
 Metaspace       used 90633K, capacity 101513K, committed 101760K, reserved 1136640K
  class space    used 12329K, capacity 14647K, committed 14720K, reserved 1048576K
Event: 126434.440 GC heap after
Heap after GC invocations=9946 (full 15):
 def new generation   total 393984K, used 13717K [0x0000000080000000, 0x000000009ab80000, 0x00000000aaaa0000)
  eden space 350208K,   0% used [0x0000000080000000, 0x0000000080000000, 0x0000000095600000)
  from space 43776K,  31% used [0x0000000095600000, 0x00000000963654c8, 0x00000000980c0000)
  to   space 43776K,   0% used [0x00000000980c0000, 0x00000000980c0000, 0x000000009ab80000)
 tenured generation   total 875380K, used 800561K [0x00000000aaaa0000, 0x00000000e017d000, 0x0000000100000000)
   the space 875380K,  91% used [0x00000000aaaa0000, 0x00000000db86c658, 0x00000000db86c800, 0x00000000e017d000)
 Metaspace       used 90633K, capacity 101513K, committed 101760K, reserved 1136640K
  class space    used 12329K, capacity 14647K, committed 14720K, reserved 1048576K
}
Event: 126436.196 GC heap before
{Heap before GC invocations=9946 (full 15):
 def new generation   total 393984K, used 363925K [0x0000000080000000, 0x000000009ab80000, 0x00000000aaaa0000)
  eden space 350208K, 100% used [0x0000000080000000, 0x0000000095600000, 0x0000000095600000)
  from space 43776K,  31% used [0x0000000095600000, 0x00000000963654c8, 0x00000000980c0000)
  to   space 43776K,   0% used [0x00000000980c0000, 0x00000000980c0000, 0x000000009ab80000)
 tenured generation   total 875380K, used 800561K [0x00000000aaaa0000, 0x00000000e017d000, 0x0000000100000000)
   the space 875380K,  91% used [0x00000000aaaa0000, 0x00000000db86c658, 0x00000000db86c800, 0x00000000e017d000)
 Metaspace       used 90633K, capacity 101513K, committed 101760K, reserved 1136640K
  class space    used 12329K, capacity 14647K, committed 14720K, reserved 1048576K
Event: 126436.220 GC heap after
Heap after GC invocations=9947 (full 15):
 def new generation   total 393984K, used 13723K [0x0000000080000000, 0x000000009ab80000, 0x00000000aaaa0000)
  eden space 350208K,   0% used [0x0000000080000000, 0x0000000080000000, 0x0000000095600000)
  from space 43776K,  31% used [0x00000000980c0000, 0x0000000098e26f98, 0x000000009ab80000)
  to   space 43776K,   0% used [0x0000000095600000, 0x0000000095600000, 0x00000000980c0000)
 tenured generation   total 875380K, used 800631K [0x00000000aaaa0000, 0x00000000e017d000, 0x0000000100000000)
   the space 875380K,  91% used [0x00000000aaaa0000, 0x00000000db87dce8, 0x00000000db87de00, 0x00000000e017d000)
 Metaspace       used 90633K, capacity 101513K, committed 101760K, reserved 1136640K
  class space    used 12329K, capacity 14647K, committed 14720K, reserved 1048576K
}
Event: 126438.093 GC heap before
{Heap before GC invocations=9947 (full 15):
 def new generation   total 393984K, used 363931K [0x0000000080000000, 0x000000009ab80000, 0x00000000aaaa0000)
  eden space 350208K, 100% used [0x0000000080000000, 0x0000000095600000, 0x0000000095600000)
  from space 43776K,  31% used [0x00000000980c0000, 0x0000000098e26f98, 0x000000009ab80000)
  to   space 43776K,   0% used [0x0000000095600000, 0x0000000095600000, 0x00000000980c0000)
 tenured generation   total 875380K, used 800631K [0x00000000aaaa0000, 0x00000000e017d000, 0x0000000100000000)
   the space 875380K,  91% used [0x00000000aaaa0000, 0x00000000db87dce8, 0x00000000db87de00, 0x00000000e017d000)
 Metaspace       used 90633K, capacity 101513K, committed 101760K, reserved 1136640K
  class space    used 12329K, capacity 14647K, committed 14720K, reserved 1048576K
Event: 126438.117 GC heap after
Heap after GC invocations=9948 (full 15):
 def new generation   total 393984K, used 13805K [0x0000000080000000, 0x000000009ab80000, 0x00000000aaaa0000)
  eden space 350208K,   0% used [0x0000000080000000, 0x0000000080000000, 0x0000000095600000)
  from space 43776K,  31% used [0x0000000095600000, 0x000000009637b4d8, 0x00000000980c0000)
  to   space 43776K,   0% used [0x00000000980c0000, 0x00000000980c0000, 0x000000009ab80000)
 tenured generation   total 875380K, used 800792K [0x00000000aaaa0000, 0x00000000e017d000, 0x0000000100000000)
   the space 875380K,  91% used [0x00000000aaaa0000, 0x00000000db8a6220, 0x00000000db8a6400, 0x00000000e017d000)
 Metaspace       used 90633K, capacity 101513K, committed 101760K, reserved 1136640K
  class space    used 12329K, capacity 14647K, committed 14720K, reserved 1048576K
}
Event: 126440.092 GC heap before
{Heap before GC invocations=9948 (full 15):
 def new generation   total 393984K, used 364013K [0x0000000080000000, 0x000000009ab80000, 0x00000000aaaa0000)
  eden space 350208K, 100% used [0x0000000080000000, 0x0000000095600000, 0x0000000095600000)
  from space 43776K,  31% used [0x0000000095600000, 0x000000009637b4d8, 0x00000000980c0000)
  to   space 43776K,   0% used [0x00000000980c0000, 0x00000000980c0000, 0x000000009ab80000)
 tenured generation   total 875380K, used 800792K [0x00000000aaaa0000, 0x00000000e017d000, 0x0000000100000000)
   the space 875380K,  91% used [0x00000000aaaa0000, 0x00000000db8a6220, 0x00000000db8a6400, 0x00000000e017d000)
 Metaspace       used 90633K, capacity 101513K, committed 101760K, reserved 1136640K
  class space    used 12329K, capacity 14647K, committed 14720K, reserved 1048576K
Event: 126440.128 GC heap after
Heap after GC invocations=9949 (full 15):
 def new generation   total 393984K, used 13639K [0x0000000080000000, 0x000000009ab80000, 0x00000000aaaa0000)
  eden space 350208K,   0% used [0x0000000080000000, 0x0000000080000000, 0x0000000095600000)
  from space 43776K,  31% used [0x00000000980c0000, 0x0000000098e11e90, 0x000000009ab80000)
  to   space 43776K,   0% used [0x0000000095600000, 0x0000000095600000, 0x00000000980c0000)
 tenured generation   total 875380K, used 800919K [0x00000000aaaa0000, 0x00000000e017d000, 0x0000000100000000)
   the space 875380K,  91% used [0x00000000aaaa0000, 0x00000000db8c5db8, 0x00000000db8c5e00, 0x00000000e017d000)
 Metaspace       used 90633K, capacity 101513K, committed 101760K, reserved 1136640K
  class space    used 12329K, capacity 14647K, committed 14720K, reserved 1048576K
}
Event: 126442.539 GC heap before
{Heap before GC invocations=9949 (full 15):
 def new generation   total 393984K, used 363847K [0x0000000080000000, 0x000000009ab80000, 0x00000000aaaa0000)
  eden space 350208K, 100% used [0x0000000080000000, 0x0000000095600000, 0x0000000095600000)
  from space 43776K,  31% used [0x00000000980c0000, 0x0000000098e11e90, 0x000000009ab80000)
  to   space 43776K,   0% used [0x0000000095600000, 0x0000000095600000, 0x00000000980c0000)
 tenured generation   total 875380K, used 800919K [0x00000000aaaa0000, 0x00000000e017d000, 0x0000000100000000)
   the space 875380K,  91% used [0x00000000aaaa0000, 0x00000000db8c5db8, 0x00000000db8c5e00, 0x00000000e017d000)
 Metaspace       used 90633K, capacity 101513K, committed 101760K, reserved 1136640K
  class space    used 12329K, capacity 14647K, committed 14720K, reserved 1048576K
Event: 126442.566 GC heap after
Heap after GC invocations=9950 (full 15):
 def new generation   total 393984K, used 13958K [0x0000000080000000, 0x000000009ab80000, 0x00000000aaaa0000)
  eden space 350208K,   0% used [0x0000000080000000, 0x0000000080000000, 0x0000000095600000)
  from space 43776K,  31% used [0x0000000095600000, 0x00000000963a1958, 0x00000000980c0000)
  to   space 43776K,   0% used [0x00000000980c0000, 0x00000000980c0000, 0x000000009ab80000)
 tenured generation   total 875380K, used 801099K [0x00000000aaaa0000, 0x00000000e017d000, 0x0000000100000000)
   the space 875380K,  91% used [0x00000000aaaa0000, 0x00000000db8f2f10, 0x00000000db8f3000, 0x00000000e017d000)
 Metaspace       used 90633K, capacity 101513K, committed 101760K, reserved 1136640K
  class space    used 12329K, capacity 14647K, committed 14720K, reserved 1048576K
}
Event: 126444.935 GC heap before
{Heap before GC invocations=9950 (full 15):
 def new generation   total 393984K, used 364166K [0x0000000080000000, 0x000000009ab80000, 0x00000000aaaa0000)
  eden space 350208K, 100% used [0x0000000080000000, 0x0000000095600000, 0x0000000095600000)
  from space 43776K,  31% used [0x0000000095600000, 0x00000000963a1958, 0x00000000980c0000)
  to   space 43776K,   0% used [0x00000000980c0000, 0x00000000980c0000, 0x000000009ab80000)
 tenured generation   total 875380K, used 801099K [0x00000000aaaa0000, 0x00000000e017d000, 0x0000000100000000)
   the space 875380K,  91% used [0x00000000aaaa0000, 0x00000000db8f2f10, 0x00000000db8f3000, 0x00000000e017d000)
 Metaspace       used 90633K, capacity 101513K, committed 101760K, reserved 1136640K
  class space    used 12329K, capacity 14647K, committed 14720K, reserved 1048576K
Event: 126444.964 GC heap after
Heap after GC invocations=9951 (full 15):
 def new generation   total 393984K, used 14032K [0x0000000080000000, 0x000000009ab80000, 0x00000000aaaa0000)
  eden space 350208K,   0% used [0x0000000080000000, 0x0000000080000000, 0x0000000095600000)
  from space 43776K,  32% used [0x00000000980c0000, 0x0000000098e742f8, 0x000000009ab80000)
  to   space 43776K,   0% used [0x0000000095600000, 0x0000000095600000, 0x00000000980c0000)
 tenured generation   total 875380K, used 801174K [0x00000000aaaa0000, 0x00000000e017d000, 0x0000000100000000)
   the space 875380K,  91% used [0x00000000aaaa0000, 0x00000000db905b00, 0x00000000db905c00, 0x00000000e017d000)
 Metaspace       used 90633K, capacity 101513K, committed 101760K, reserved 1136640K
  class space    used 12329K, capacity 14647K, committed 14720K, reserved 1048576K
}
Event: 126446.895 GC heap before
{Heap before GC invocations=9951 (full 15):
 def new generation   total 393984K, used 364240K [0x0000000080000000, 0x000000009ab80000, 0x00000000aaaa0000)
  eden space 350208K, 100% used [0x0000000080000000, 0x0000000095600000, 0x0000000095600000)
  from space 43776K,  32% used [0x00000000980c0000, 0x0000000098e742f8, 0x000000009ab80000)
  to   space 43776K,   0% used [0x0000000095600000, 0x0000000095600000, 0x00000000980c0000)
 tenured generation   total 875380K, used 801174K [0x00000000aaaa0000, 0x00000000e017d000, 0x0000000100000000)
   the space 875380K,  91% used [0x00000000aaaa0000, 0x00000000db905b00, 0x00000000db905c00, 0x00000000e017d000)
 Metaspace       used 90633K, capacity 101513K, committed 101760K, reserved 1136640K
  class space    used 12329K, capacity 14647K, committed 14720K, reserved 1048576K
Event: 126446.918 GC heap after
Heap after GC invocations=9952 (full 15):
 def new generation   total 393984K, used 13725K [0x0000000080000000, 0x000000009ab80000, 0x00000000aaaa0000)
  eden space 350208K,   0% used [0x0000000080000000, 0x0000000080000000, 0x0000000095600000)
  from space 43776K,  31% used [0x0000000095600000, 0x00000000963674d8, 0x00000000980c0000)
  to   space 43776K,   0% used [0x00000000980c0000, 0x00000000980c0000, 0x000000009ab80000)
 tenured generation   total 875380K, used 801327K [0x00000000aaaa0000, 0x00000000e017d000, 0x0000000100000000)
   the space 875380K,  91% used [0x00000000aaaa0000, 0x00000000db92bf18, 0x00000000db92c000, 0x00000000e017d000)
 Metaspace       used 90633K, capacity 101513K, committed 101760K, reserved 1136640K
  class space    used 12329K, capacity 14647K, committed 14720K, reserved 1048576K
}
Event: 126448.892 GC heap before
{Heap before GC invocations=9952 (full 15):
 def new generation   total 393984K, used 363933K [0x0000000080000000, 0x000000009ab80000, 0x00000000aaaa0000)
  eden space 350208K, 100% used [0x0000000080000000, 0x0000000095600000, 0x0000000095600000)
  from space 43776K,  31% used [0x0000000095600000, 0x00000000963674d8, 0x00000000980c0000)
  to   space 43776K,   0% used [0x00000000980c0000, 0x00000000980c0000, 0x000000009ab80000)
 tenured generation   total 875380K, used 801327K [0x00000000aaaa0000, 0x00000000e017d000, 0x0000000100000000)
   the space 875380K,  91% used [0x00000000aaaa0000, 0x00000000db92bf18, 0x00000000db92c000, 0x00000000e017d000)
 Metaspace       used 90633K, capacity 101513K, committed 101760K, reserved 1136640K
  class space    used 12329K, capacity 14647K, committed 14720K, reserved 1048576K
Event: 126448.916 GC heap after
Heap after GC invocations=9953 (full 15):
 def new generation   total 393984K, used 13839K [0x0000000080000000, 0x000000009ab80000, 0x00000000aaaa0000)
  eden space 350208K,   0% used [0x0000000080000000, 0x0000000080000000, 0x0000000095600000)
  from space 43776K,  31% used [0x00000000980c0000, 0x0000000098e43e48, 0x000000009ab80000)
  to   space 43776K,   0% used [0x0000000095600000, 0x0000000095600000, 0x00000000980c0000)
 tenured generation   total 875380K, used 801379K [0x00000000aaaa0000, 0x00000000e017d000, 0x0000000100000000)
   the space 875380K,  91% used [0x00000000aaaa0000, 0x00000000db938dc8, 0x00000000db938e00, 0x00000000e017d000)
 Metaspace       used 90633K, capacity 101513K, committed 101760K, reserved 1136640K
  class space    used 12329K, capacity 14647K, committed 14720K, reserved 1048576K
}
Event: 126450.738 GC heap before
{Heap before GC invocations=9953 (full 15):
 def new generation   total 393984K, used 364047K [0x0000000080000000, 0x000000009ab80000, 0x00000000aaaa0000)
  eden space 350208K, 100% used [0x0000000080000000, 0x0000000095600000, 0x0000000095600000)
  from space 43776K,  31% used [0x00000000980c0000, 0x0000000098e43e48, 0x000000009ab80000)
  to   space 43776K,   0% used [0x0000000095600000, 0x0000000095600000, 0x00000000980c0000)
 tenured generation   total 875380K, used 801379K [0x00000000aaaa0000, 0x00000000e017d000, 0x0000000100000000)
   the space 875380K,  91% used [0x00000000aaaa0000, 0x00000000db938dc8, 0x00000000db938e00, 0x00000000e017d000)
 Metaspace       used 90633K, capacity 101513K, committed 101760K, reserved 1136640K
  class space    used 12329K, capacity 14647K, committed 14720K, reserved 1048576K
Event: 126450.763 GC heap after
Heap after GC invocations=9954 (full 15):
 def new generation   total 393984K, used 13935K [0x0000000080000000, 0x000000009ab80000, 0x00000000aaaa0000)
  eden space 350208K,   0% used [0x0000000080000000, 0x0000000080000000, 0x0000000095600000)
  from space 43776K,  31% used [0x0000000095600000, 0x000000009639be88, 0x00000000980c0000)
  to   space 43776K,   0% used [0x00000000980c0000, 0x00000000980c0000, 0x000000009ab80000)
 tenured generation   total 875380K, used 801618K [0x00000000aaaa0000, 0x00000000e017d000, 0x0000000100000000)
   the space 875380K,  91% used [0x00000000aaaa0000, 0x00000000db974b88, 0x00000000db974c00, 0x00000000e017d000)
 Metaspace       used 90633K, capacity 101513K, committed 101760K, reserved 1136640K
  class space    used 12329K, capacity 14647K, committed 14720K, reserved 1048576K
}
Event: 126452.540 GC heap before
{Heap before GC invocations=9954 (full 15):
 def new generation   total 393984K, used 364143K [0x0000000080000000, 0x000000009ab80000, 0x00000000aaaa0000)
  eden space 350208K, 100% used [0x0000000080000000, 0x0000000095600000, 0x0000000095600000)
  from space 43776K,  31% used [0x0000000095600000, 0x000000009639be88, 0x00000000980c0000)
  to   space 43776K,   0% used [0x00000000980c0000, 0x00000000980c0000, 0x000000009ab80000)
 tenured generation   total 875380K, used 801618K [0x00000000aaaa0000, 0x00000000e017d000, 0x0000000100000000)
   the space 875380K,  91% used [0x00000000aaaa0000, 0x00000000db974b88, 0x00000000db974c00, 0x00000000e017d000)
 Metaspace       used 90633K, capacity 101513K, committed 101760K, reserved 1136640K
  class space    used 12329K, capacity 14647K, committed 14720K, reserved 1048576K
Event: 126452.564 GC heap after
Heap after GC invocations=9955 (full 15):
 def new generation   total 393984K, used 13823K [0x0000000080000000, 0x000000009ab80000, 0x00000000aaaa0000)
  eden space 350208K,   0% used [0x0000000080000000, 0x0000000080000000, 0x0000000095600000)
  from space 43776K,  31% used [0x00000000980c0000, 0x0000000098e3fce0, 0x000000009ab80000)
  to   space 43776K,   0% used [0x0000000095600000, 0x0000000095600000, 0x00000000980c0000)
 tenured generation   total 875380K, used 801712K [0x00000000aaaa0000, 0x00000000e017d000, 0x0000000100000000)
   the space 875380K,  91% used [0x00000000aaaa0000, 0x00000000db98c048, 0x00000000db98c200, 0x00000000e017d000)
 Metaspace       used 90633K, capacity 101513K, committed 101760K, reserved 1136640K
  class space    used 12329K, capacity 14647K, committed 14720K, reserved 1048576K
}
Event: 126454.392 GC heap before
{Heap before GC invocations=9955 (full 15):
 def new generation   total 393984K, used 364031K [0x0000000080000000, 0x000000009ab80000, 0x00000000aaaa0000)
  eden space 350208K, 100% used [0x0000000080000000, 0x0000000095600000, 0x0000000095600000)
  from space 43776K,  31% used [0x00000000980c0000, 0x0000000098e3fce0, 0x000000009ab80000)
  to   space 43776K,   0% used [0x0000000095600000, 0x0000000095600000, 0x00000000980c0000)
 tenured generation   total 875380K, used 801712K [0x00000000aaaa0000, 0x00000000e017d000, 0x0000000100000000)
   the space 875380K,  91% used [0x00000000aaaa0000, 0x00000000db98c048, 0x00000000db98c200, 0x00000000e017d000)
 Metaspace       used 90633K, capacity 101513K, committed 101760K, reserved 1136640K
  class space    used 12329K, capacity 14647K, committed 14720K, reserved 1048576K
Event: 126454.416 GC heap after
Heap after GC invocations=9956 (full 15):
 def new generation   total 393984K, used 12830K [0x0000000080000000, 0x000000009ab80000, 0x00000000aaaa0000)
  eden space 350208K,   0% used [0x0000000080000000, 0x0000000080000000, 0x0000000095600000)
  from space 43776K,  29% used [0x0000000095600000, 0x0000000096287be8, 0x00000000980c0000)
  to   space 43776K,   0% used [0x00000000980c0000, 0x00000000980c0000, 0x000000009ab80000)
 tenured generation   total 875380K, used 802531K [0x00000000aaaa0000, 0x00000000e017d000, 0x0000000100000000)
   the space 875380K,  91% used [0x00000000aaaa0000, 0x00000000dba58d98, 0x00000000dba58e00, 0x00000000e017d000)
 Metaspace       used 90633K, capacity 101513K, committed 101760K, reserved 1136640K
  class space    used 12329K, capacity 14647K, committed 14720K, reserved 1048576K
}
Event: 126456.237 GC heap before
{Heap before GC invocations=9956 (full 15):
 def new generation   total 393984K, used 363038K [0x0000000080000000, 0x000000009ab80000, 0x00000000aaaa0000)
  eden space 350208K, 100% used [0x0000000080000000, 0x0000000095600000, 0x0000000095600000)
  from space 43776K,  29% used [0x0000000095600000, 0x0000000096287be8, 0x00000000980c0000)
  to   space 43776K,   0% used [0x00000000980c0000, 0x00000000980c0000, 0x000000009ab80000)
 tenured generation   total 875380K, used 802531K [0x00000000aaaa0000, 0x00000000e017d000, 0x0000000100000000)
   the space 875380K,  91% used [0x00000000aaaa0000, 0x00000000dba58d98, 0x00000000dba58e00, 0x00000000e017d000)
 Metaspace       used 90633K, capacity 101513K, committed 101760K, reserved 1136640K
  class space    used 12329K, capacity 14647K, committed 14720K, reserved 1048576K
Event: 126456.263 GC heap after
Heap after GC invocations=9957 (full 15):
 def new generation   total 393984K, used 9500K [0x0000000080000000, 0x000000009ab80000, 0x00000000aaaa0000)
  eden space 350208K,   0% used [0x0000000080000000, 0x0000000080000000, 0x0000000095600000)
  from space 43776K,  21% used [0x00000000980c0000, 0x0000000098a07200, 0x000000009ab80000)
  to   space 43776K,   0% used [0x0000000095600000, 0x0000000095600000, 0x00000000980c0000)
 tenured generation   total 875380K, used 806070K [0x00000000aaaa0000, 0x00000000e017d000, 0x0000000100000000)
   the space 875380K,  92% used [0x00000000aaaa0000, 0x00000000dbdcd958, 0x00000000dbdcda00, 0x00000000e017d000)
 Metaspace       used 90633K, capacity 101513K, committed 101760K, reserved 1136640K
  class space    used 12329K, capacity 14647K, committed 14720K, reserved 1048576K
}
Event: 126458.033 GC heap before
{Heap before GC invocations=9957 (full 15):
 def new generation   total 393984K, used 359708K [0x0000000080000000, 0x000000009ab80000, 0x00000000aaaa0000)
  eden space 350208K, 100% used [0x0000000080000000, 0x0000000095600000, 0x0000000095600000)
  from space 43776K,  21% used [0x00000000980c0000, 0x0000000098a07200, 0x000000009ab80000)
  to   space 43776K,   0% used [0x0000000095600000, 0x0000000095600000, 0x00000000980c0000)
 tenured generation   total 875380K, used 806070K [0x00000000aaaa0000, 0x00000000e017d000, 0x0000000100000000)
   the space 875380K,  92% used [0x00000000aaaa0000, 0x00000000dbdcd958, 0x00000000dbdcda00, 0x00000000e017d000)
 Metaspace       used 90633K, capacity 101513K, committed 101760K, reserved 1136640K
  class space    used 12329K, capacity 14647K, committed 14720K, reserved 1048576K
Event: 126458.057 GC heap after
Heap after GC invocations=9958 (full 15):
 def new generation   total 393984K, used 10083K [0x0000000080000000, 0x000000009ab80000, 0x00000000aaaa0000)
  eden space 350208K,   0% used [0x0000000080000000, 0x0000000080000000, 0x0000000095600000)
  from space 43776K,  23% used [0x0000000095600000, 0x0000000095fd8dc0, 0x00000000980c0000)
  to   space 43776K,   0% used [0x00000000980c0000, 0x00000000980c0000, 0x000000009ab80000)
 tenured generation   total 875380K, used 807071K [0x00000000aaaa0000, 0x00000000e017d000, 0x0000000100000000)
   the space 875380K,  92% used [0x00000000aaaa0000, 0x00000000dbec7c70, 0x00000000dbec7e00, 0x00000000e017d000)
 Metaspace       used 90633K, capacity 101513K, committed 101760K, reserved 1136640K
  class space    used 12329K, capacity 14647K, committed 14720K, reserved 1048576K
}
Event: 126459.485 GC heap before
{Heap before GC invocations=9958 (full 15):
 def new generation   total 393984K, used 360291K [0x0000000080000000, 0x000000009ab80000, 0x00000000aaaa0000)
  eden space 350208K, 100% used [0x0000000080000000, 0x0000000095600000, 0x0000000095600000)
  from space 43776K,  23% used [0x0000000095600000, 0x0000000095fd8dc0, 0x00000000980c0000)
  to   space 43776K,   0% used [0x00000000980c0000, 0x00000000980c0000, 0x000000009ab80000)
 tenured generation   total 875380K, used 807071K [0x00000000aaaa0000, 0x00000000e017d000, 0x0000000100000000)
   the space 875380K,  92% used [0x00000000aaaa0000, 0x00000000dbec7c70, 0x00000000dbec7e00, 0x00000000e017d000)
 Metaspace       used 90633K, capacity 101513K, committed 101760K, reserved 1136640K
  class space    used 12329K, capacity 14647K, committed 14720K, reserved 1048576K
Event: 126459.512 GC heap after
Heap after GC invocations=9959 (full 15):
 def new generation   total 393984K, used 11098K [0x0000000080000000, 0x000000009ab80000, 0x00000000aaaa0000)
  eden space 350208K,   0% used [0x0000000080000000, 0x0000000080000000, 0x0000000095600000)
  from space 43776K,  25% used [0x00000000980c0000, 0x0000000098b96bd8, 0x000000009ab80000)
  to   space 43776K,   0% used [0x0000000095600000, 0x0000000095600000, 0x00000000980c0000)
 tenured generation   total 875380K, used 808077K [0x00000000aaaa0000, 0x00000000e017d000, 0x0000000100000000)
   the space 875380K,  92% used [0x00000000aaaa0000, 0x00000000dbfc3638, 0x00000000dbfc3800, 0x00000000e017d000)
 Metaspace       used 90633K, capacity 101513K, committed 101760K, reserved 1136640K
  class space    used 12329K, capacity 14647K, committed 14720K, reserved 1048576K
}
Event: 126461.328 GC heap before
{Heap before GC invocations=9959 (full 15):
 def new generation   total 393984K, used 361306K [0x0000000080000000, 0x000000009ab80000, 0x00000000aaaa0000)
  eden space 350208K, 100% used [0x0000000080000000, 0x0000000095600000, 0x0000000095600000)
  from space 43776K,  25% used [0x00000000980c0000, 0x0000000098b96bd8, 0x000000009ab80000)
  to   space 43776K,   0% used [0x0000000095600000, 0x0000000095600000, 0x00000000980c0000)
 tenured generation   total 875380K, used 808077K [0x00000000aaaa0000, 0x00000000e017d000, 0x0000000100000000)
   the space 875380K,  92% used [0x00000000aaaa0000, 0x00000000dbfc3638, 0x00000000dbfc3800, 0x00000000e017d000)
 Metaspace       used 90633K, capacity 101513K, committed 101760K, reserved 1136640K
  class space    used 12329K, capacity 14647K, committed 14720K, reserved 1048576K
Event: 126461.352 GC heap after
Heap after GC invocations=9960 (full 15):
 def new generation   total 393984K, used 10315K [0x0000000080000000, 0x000000009ab80000, 0x00000000aaaa0000)
  eden space 350208K,   0% used [0x0000000080000000, 0x0000000080000000, 0x0000000095600000)
  from space 43776K,  23% used [0x0000000095600000, 0x0000000096012d20, 0x00000000980c0000)
  to   space 43776K,   0% used [0x00000000980c0000, 0x00000000980c0000, 0x000000009ab80000)
 tenured generation   total 875380K, used 808671K [0x00000000aaaa0000, 0x00000000e017d000, 0x0000000100000000)
   the space 875380K,  92% used [0x00000000aaaa0000, 0x00000000dc057c98, 0x00000000dc057e00, 0x00000000e017d000)
 Metaspace       used 90633K, capacity 101513K, committed 101760K, reserved 1136640K
  class space    used 12329K, capacity 14647K, committed 14720K, reserved 1048576K
}
Event: 126463.370 GC heap before
{Heap before GC invocations=9960 (full 15):
 def new generation   total 393984K, used 360523K [0x0000000080000000, 0x000000009ab80000, 0x00000000aaaa0000)
  eden space 350208K, 100% used [0x0000000080000000, 0x0000000095600000, 0x0000000095600000)
  from space 43776K,  23% used [0x0000000095600000, 0x0000000096012d20, 0x00000000980c0000)
  to   space 43776K,   0% used [0x00000000980c0000, 0x00000000980c0000, 0x000000009ab80000)
 tenured generation   total 875380K, used 808671K [0x00000000aaaa0000, 0x00000000e017d000, 0x0000000100000000)
   the space 875380K,  92% used [0x00000000aaaa0000, 0x00000000dc057c98, 0x00000000dc057e00, 0x00000000e017d000)
 Metaspace       used 90633K, capacity 101513K, committed 101760K, reserved 1136640K
  class space    used 12329K, capacity 14647K, committed 14720K, reserved 1048576K
Event: 126463.392 GC heap after
Heap after GC invocations=9961 (full 15):
 def new generation   total 393984K, used 9706K [0x0000000080000000, 0x000000009ab80000, 0x00000000aaaa0000)
  eden space 350208K,   0% used [0x0000000080000000, 0x0000000080000000, 0x0000000095600000)
  from space 43776K,  22% used [0x00000000980c0000, 0x0000000098a3aa48, 0x000000009ab80000)
  to   space 43776K,   0% used [0x0000000095600000, 0x0000000095600000, 0x00000000980c0000)
 tenured generation   total 875380K, used 809328K [0x00000000aaaa0000, 0x00000000e017d000, 0x0000000100000000)
   the space 875380K,  92% used [0x00000000aaaa0000, 0x00000000dc0fc2d0, 0x00000000dc0fc400, 0x00000000e017d000)
 Metaspace       used 90633K, capacity 101513K, committed 101760K, reserved 1136640K
  class space    used 12329K, capacity 14647K, committed 14720K, reserved 1048576K
}
Event: 126465.446 GC heap before
{Heap before GC invocations=9961 (full 15):
 def new generation   total 393984K, used 359914K [0x0000000080000000, 0x000000009ab80000, 0x00000000aaaa0000)
  eden space 350208K, 100% used [0x0000000080000000, 0x0000000095600000, 0x0000000095600000)
  from space 43776K,  22% used [0x00000000980c0000, 0x0000000098a3aa48, 0x000000009ab80000)
  to   space 43776K,   0% used [0x0000000095600000, 0x0000000095600000, 0x00000000980c0000)
 tenured generation   total 875380K, used 809328K [0x00000000aaaa0000, 0x00000000e017d000, 0x0000000100000000)
   the space 875380K,  92% used [0x00000000aaaa0000, 0x00000000dc0fc2d0, 0x00000000dc0fc400, 0x00000000e017d000)
 Metaspace       used 90633K, capacity 101513K, committed 101760K, reserved 1136640K
  class space    used 12329K, capacity 14647K, committed 14720K, reserved 1048576K
Event: 126465.467 GC heap after
Heap after GC invocations=9962 (full 15):
 def new generation   total 393984K, used 9620K [0x0000000080000000, 0x000000009ab80000, 0x00000000aaaa0000)
  eden space 350208K,   0% used [0x0000000080000000, 0x0000000080000000, 0x0000000095600000)
  from space 43776K,  21% used [0x0000000095600000, 0x0000000095f652d0, 0x00000000980c0000)
  to   space 43776K,   0% used [0x00000000980c0000, 0x00000000980c0000, 0x000000009ab80000)
 tenured generation   total 875380K, used 809462K [0x00000000aaaa0000, 0x00000000e017d000, 0x0000000100000000)
   the space 875380K,  92% used [0x00000000aaaa0000, 0x00000000dc11d898, 0x00000000dc11da00, 0x00000000e017d000)
 Metaspace       used 90633K, capacity 101513K, committed 101760K, reserved 1136640K
  class space    used 12329K, capacity 14647K, committed 14720K, reserved 1048576K
}
Event: 126467.332 GC heap before
{Heap before GC invocations=9962 (full 15):
 def new generation   total 393984K, used 359828K [0x0000000080000000, 0x000000009ab80000, 0x00000000aaaa0000)
  eden space 350208K, 100% used [0x0000000080000000, 0x0000000095600000, 0x0000000095600000)
  from space 43776K,  21% used [0x0000000095600000, 0x0000000095f652d0, 0x00000000980c0000)
  to   space 43776K,   0% used [0x00000000980c0000, 0x00000000980c0000, 0x000000009ab80000)
 tenured generation   total 875380K, used 809462K [0x00000000aaaa0000, 0x00000000e017d000, 0x0000000100000000)
   the space 875380K,  92% used [0x00000000aaaa0000, 0x00000000dc11d898, 0x00000000dc11da00, 0x00000000e017d000)
 Metaspace       used 90633K, capacity 101513K, committed 101760K, reserved 1136640K
  class space    used 12329K, capacity 14647K, committed 14720K, reserved 1048576K
Event: 126467.355 GC heap after
Heap after GC invocations=9963 (full 15):
 def new generation   total 393984K, used 9368K [0x0000000080000000, 0x000000009ab80000, 0x00000000aaaa0000)
  eden space 350208K,   0% used [0x0000000080000000, 0x0000000080000000, 0x0000000095600000)
  from space 43776K,  21% used [0x00000000980c0000, 0x00000000989e6250, 0x000000009ab80000)
  to   space 43776K,   0% used [0x0000000095600000, 0x0000000095600000, 0x00000000980c0000)
 tenured generation   total 875380K, used 809819K [0x00000000aaaa0000, 0x00000000e017d000, 0x0000000100000000)
   the space 875380K,  92% used [0x00000000aaaa0000, 0x00000000dc176e88, 0x00000000dc177000, 0x00000000e017d000)
 Metaspace       used 90633K, capacity 101513K, committed 101760K, reserved 1136640K
  class space    used 12329K, capacity 14647K, committed 14720K, reserved 1048576K
}
Event: 126469.239 GC heap before
{Heap before GC invocations=9963 (full 15):
 def new generation   total 393984K, used 359576K [0x0000000080000000, 0x000000009ab80000, 0x00000000aaaa0000)
  eden space 350208K, 100% used [0x0000000080000000, 0x0000000095600000, 0x0000000095600000)
  from space 43776K,  21% used [0x00000000980c0000, 0x00000000989e6250, 0x000000009ab80000)
  to   space 43776K,   0% used [0x0000000095600000, 0x0000000095600000, 0x00000000980c0000)
 tenured generation   total 875380K, used 809819K [0x00000000aaaa0000, 0x00000000e017d000, 0x0000000100000000)
   the space 875380K,  92% used [0x00000000aaaa0000, 0x00000000dc176e88, 0x00000000dc177000, 0x00000000e017d000)
 Metaspace       used 90633K, capacity 101513K, committed 101760K, reserved 1136640K
  class space    used 12329K, capacity 14647K, committed 14720K, reserved 1048576K
Event: 126469.262 GC heap after
Heap after GC invocations=9964 (full 15):
 def new generation   total 393984K, used 10053K [0x0000000080000000, 0x000000009ab80000, 0x00000000aaaa0000)
  eden space 350208K,   0% used [0x0000000080000000, 0x0000000080000000, 0x0000000095600000)
  from space 43776K,  22% used [0x0000000095600000, 0x0000000095fd1700, 0x00000000980c0000)
  to   space 43776K,   0% used [0x00000000980c0000, 0x00000000980c0000, 0x000000009ab80000)
 tenured generation   total 875380K, used 809852K [0x00000000aaaa0000, 0x00000000e017d000, 0x0000000100000000)
   the space 875380K,  92% used [0x00000000aaaa0000, 0x00000000dc17f328, 0x00000000dc17f400, 0x00000000e017d000)
 Metaspace       used 90633K, capacity 101513K, committed 101760K, reserved 1136640K
  class space    used 12329K, capacity 14647K, committed 14720K, reserved 1048576K
}
Event: 126471.395 GC heap before
{Heap before GC invocations=9964 (full 15):
 def new generation   total 393984K, used 360261K [0x0000000080000000, 0x000000009ab80000, 0x00000000aaaa0000)
  eden space 350208K, 100% used [0x0000000080000000, 0x0000000095600000, 0x0000000095600000)
  from space 43776K,  22% used [0x0000000095600000, 0x0000000095fd1700, 0x00000000980c0000)
  to   space 43776K,   0% used [0x00000000980c0000, 0x00000000980c0000, 0x000000009ab80000)
 tenured generation   total 875380K, used 809852K [0x00000000aaaa0000, 0x00000000e017d000, 0x0000000100000000)
   the space 875380K,  92% used [0x00000000aaaa0000, 0x00000000dc17f328, 0x00000000dc17f400, 0x00000000e017d000)
 Metaspace       used 90633K, capacity 101513K, committed 101760K, reserved 1136640K
  class space    used 12329K, capacity 14647K, committed 14720K, reserved 1048576K
Event: 126471.417 GC heap after
Heap after GC invocations=9965 (full 15):
 def new generation   total 393984K, used 9520K [0x0000000080000000, 0x000000009ab80000, 0x00000000aaaa0000)
  eden space 350208K,   0% used [0x0000000080000000, 0x0000000080000000, 0x0000000095600000)
  from space 43776K,  21% used [0x00000000980c0000, 0x0000000098a0c338, 0x000000009ab80000)
  to   space 43776K,   0% used [0x0000000095600000, 0x0000000095600000, 0x00000000980c0000)
 tenured generation   total 875380K, used 810026K [0x00000000aaaa0000, 0x00000000e017d000, 0x0000000100000000)
   the space 875380K,  92% used [0x00000000aaaa0000, 0x00000000dc1aabb8, 0x00000000dc1aac00, 0x00000000e017d000)
 Metaspace       used 90633K, capacity 101513K, committed 101760K, reserved 1136640K
  class space    used 12329K, capacity 14647K, committed 14720K, reserved 1048576K
}
Event: 126473.504 GC heap before
{Heap before GC invocations=9965 (full 15):
 def new generation   total 393984K, used 359728K [0x0000000080000000, 0x000000009ab80000, 0x00000000aaaa0000)
  eden space 350208K, 100% used [0x0000000080000000, 0x0000000095600000, 0x0000000095600000)
  from space 43776K,  21% used [0x00000000980c0000, 0x0000000098a0c338, 0x000000009ab80000)
  to   space 43776K,   0% used [0x0000000095600000, 0x0000000095600000, 0x00000000980c0000)
 tenured generation   total 875380K, used 810026K [0x00000000aaaa0000, 0x00000000e017d000, 0x0000000100000000)
   the space 875380K,  92% used [0x00000000aaaa0000, 0x00000000dc1aabb8, 0x00000000dc1aac00, 0x00000000e017d000)
 Metaspace       used 90633K, capacity 101513K, committed 101760K, reserved 1136640K
  class space    used 12329K, capacity 14647K, committed 14720K, reserved 1048576K
Event: 126473.526 GC heap after
Heap after GC invocations=9966 (full 15):
 def new generation   total 393984K, used 9195K [0x0000000080000000, 0x000000009ab80000, 0x00000000aaaa0000)
  eden space 350208K,   0% used [0x0000000080000000, 0x0000000080000000, 0x0000000095600000)
  from space 43776K,  21% used [0x0000000095600000, 0x0000000095efad48, 0x00000000980c0000)
  to   space 43776K,   0% used [0x00000000980c0000, 0x00000000980c0000, 0x000000009ab80000)
 tenured generation   total 875380K, used 810316K [0x00000000aaaa0000, 0x00000000e017d000, 0x0000000100000000)
   the space 875380K,  92% used [0x00000000aaaa0000, 0x00000000dc1f33d8, 0x00000000dc1f3400, 0x00000000e017d000)
 Metaspace       used 90633K, capacity 101513K, committed 101760K, reserved 1136640K
  class space    used 12329K, capacity 14647K, committed 14720K, reserved 1048576K
}
Event: 126475.683 GC heap before
{Heap before GC invocations=9966 (full 15):
 def new generation   total 393984K, used 359403K [0x0000000080000000, 0x000000009ab80000, 0x00000000aaaa0000)
  eden space 350208K, 100% used [0x0000000080000000, 0x0000000095600000, 0x0000000095600000)
  from space 43776K,  21% used [0x0000000095600000, 0x0000000095efad48, 0x00000000980c0000)
  to   space 43776K,   0% used [0x00000000980c0000, 0x00000000980c0000, 0x000000009ab80000)
 tenured generation   total 875380K, used 810316K [0x00000000aaaa0000, 0x00000000e017d000, 0x0000000100000000)
   the space 875380K,  92% used [0x00000000aaaa0000, 0x00000000dc1f33d8, 0x00000000dc1f3400, 0x00000000e017d000)
 Metaspace       used 90633K, capacity 101513K, committed 101760K, reserved 1136640K
  class space    used 12329K, capacity 14647K, committed 14720K, reserved 1048576K
Event: 126475.702 GC heap after
Heap after GC invocations=9967 (full 15):
 def new generation   total 393984K, used 8996K [0x0000000080000000, 0x000000009ab80000, 0x00000000aaaa0000)
  eden space 350208K,   0% used [0x0000000080000000, 0x0000000080000000, 0x0000000095600000)
  from space 43776K,  20% used [0x00000000980c0000, 0x0000000098989278, 0x000000009ab80000)
  to   space 43776K,   0% used [0x0000000095600000, 0x0000000095600000, 0x00000000980c0000)
 tenured generation   total 875380K, used 810474K [0x00000000aaaa0000, 0x00000000e017d000, 0x0000000100000000)
   the space 875380K,  92% used [0x00000000aaaa0000, 0x00000000dc21abd0, 0x00000000dc21ac00, 0x00000000e017d000)
 Metaspace       used 90633K, capacity 101513K, committed 101760K, reserved 1136640K
  class space    used 12329K, capacity 14647K, committed 14720K, reserved 1048576K
}
Event: 126477.798 GC heap before
{Heap before GC invocations=9967 (full 15):
 def new generation   total 393984K, used 359204K [0x0000000080000000, 0x000000009ab80000, 0x00000000aaaa0000)
  eden space 350208K, 100% used [0x0000000080000000, 0x0000000095600000, 0x0000000095600000)
  from space 43776K,  20% used [0x00000000980c0000, 0x0000000098989278, 0x000000009ab80000)
  to   space 43776K,   0% used [0x0000000095600000, 0x0000000095600000, 0x00000000980c0000)
 tenured generation   total 875380K, used 810474K [0x00000000aaaa0000, 0x00000000e017d000, 0x0000000100000000)
   the space 875380K,  92% used [0x00000000aaaa0000, 0x00000000dc21abd0, 0x00000000dc21ac00, 0x00000000e017d000)
 Metaspace       used 90633K, capacity 101513K, committed 101760K, reserved 1136640K
  class space    used 12329K, capacity 14647K, committed 14720K, reserved 1048576K
Event: 126477.817 GC heap after
Heap after GC invocations=9968 (full 15):
 def new generation   total 393984K, used 8982K [0x0000000080000000, 0x000000009ab80000, 0x00000000aaaa0000)
  eden space 350208K,   0% used [0x0000000080000000, 0x0000000080000000, 0x0000000095600000)
  from space 43776K,  20% used [0x0000000095600000, 0x0000000095ec5ab0, 0x00000000980c0000)
  to   space 43776K,   0% used [0x00000000980c0000, 0x00000000980c0000, 0x000000009ab80000)
 tenured generation   total 875380K, used 810713K [0x00000000aaaa0000, 0x00000000e017d000, 0x0000000100000000)
   the space 875380K,  92% used [0x00000000aaaa0000, 0x00000000dc256618, 0x00000000dc256800, 0x00000000e017d000)
 Metaspace       used 90633K, capacity 101513K, committed 101760K, reserved 1136640K
  class space    used 12329K, capacity 14647K, committed 14720K, reserved 1048576K
}
Event: 126479.747 GC heap before
{Heap before GC invocations=9968 (full 15):
 def new generation   total 393984K, used 359190K [0x0000000080000000, 0x000000009ab80000, 0x00000000aaaa0000)
  eden space 350208K, 100% used [0x0000000080000000, 0x0000000095600000, 0x0000000095600000)
  from space 43776K,  20% used [0x0000000095600000, 0x0000000095ec5ab0, 0x00000000980c0000)
  to   space 43776K,   0% used [0x00000000980c0000, 0x00000000980c0000, 0x000000009ab80000)
 tenured generation   total 875380K, used 810713K [0x00000000aaaa0000, 0x00000000e017d000, 0x0000000100000000)
   the space 875380K,  92% used [0x00000000aaaa0000, 0x00000000dc256618, 0x00000000dc256800, 0x00000000e017d000)
 Metaspace       used 90633K, capacity 101513K, committed 101760K, reserved 1136640K
  class space    used 12329K, capacity 14647K, committed 14720K, reserved 1048576K
Event: 126479.769 GC heap after
Heap after GC invocations=9969 (full 15):
 def new generation   total 393984K, used 9567K [0x0000000080000000, 0x000000009ab80000, 0x00000000aaaa0000)
  eden space 350208K,   0% used [0x0000000080000000, 0x0000000080000000, 0x0000000095600000)
  from space 43776K,  21% used [0x00000000980c0000, 0x0000000098a17e28, 0x000000009ab80000)
  to   space 43776K,   0% used [0x0000000095600000, 0x0000000095600000, 0x00000000980c0000)
 tenured generation   total 875380K, used 810870K [0x00000000aaaa0000, 0x00000000e017d000, 0x0000000100000000)
   the space 875380K,  92% used [0x00000000aaaa0000, 0x00000000dc27da88, 0x00000000dc27dc00, 0x00000000e017d000)
 Metaspace       used 90633K, capacity 101513K, committed 101760K, reserved 1136640K
  class space    used 12329K, capacity 14647K, committed 14720K, reserved 1048576K
}
Event: 126481.885 GC heap before
{Heap before GC invocations=9969 (full 15):
 def new generation   total 393984K, used 359775K [0x0000000080000000, 0x000000009ab80000, 0x00000000aaaa0000)
  eden space 350208K, 100% used [0x0000000080000000, 0x0000000095600000, 0x0000000095600000)
  from space 43776K,  21% used [0x00000000980c0000, 0x0000000098a17e28, 0x000000009ab80000)
  to   space 43776K,   0% used [0x0000000095600000, 0x0000000095600000, 0x00000000980c0000)
 tenured generation   total 875380K, used 810870K [0x00000000aaaa0000, 0x00000000e017d000, 0x0000000100000000)
   the space 875380K,  92% used [0x00000000aaaa0000, 0x00000000dc27da88, 0x00000000dc27dc00, 0x00000000e017d000)
 Metaspace       used 90633K, capacity 101513K, committed 101760K, reserved 1136640K
  class space    used 12329K, capacity 14647K, committed 14720K, reserved 1048576K
Event: 126481.905 GC heap after
Heap after GC invocations=9970 (full 15):
 def new generation   total 393984K, used 9482K [0x0000000080000000, 0x000000009ab80000, 0x00000000aaaa0000)
  eden space 350208K,   0% used [0x0000000080000000, 0x0000000080000000, 0x0000000095600000)
  from space 43776K,  21% used [0x0000000095600000, 0x0000000095f428e0, 0x00000000980c0000)
  to   space 43776K,   0% used [0x00000000980c0000, 0x00000000980c0000, 0x000000009ab80000)
 tenured generation   total 875380K, used 811071K [0x00000000aaaa0000, 0x00000000e017d000, 0x0000000100000000)
   the space 875380K,  92% used [0x00000000aaaa0000, 0x00000000dc2aff48, 0x00000000dc2b0000, 0x00000000e017d000)
 Metaspace       used 90633K, capacity 101513K, committed 101760K, reserved 1136640K
  class space    used 12329K, capacity 14647K, committed 14720K, reserved 1048576K
}
Event: 126484.017 GC heap before
{Heap before GC invocations=9970 (full 15):
 def new generation   total 393984K, used 359690K [0x0000000080000000, 0x000000009ab80000, 0x00000000aaaa0000)
  eden space 350208K, 100% used [0x0000000080000000, 0x0000000095600000, 0x0000000095600000)
  from space 43776K,  21% used [0x0000000095600000, 0x0000000095f428e0, 0x00000000980c0000)
  to   space 43776K,   0% used [0x00000000980c0000, 0x00000000980c0000, 0x000000009ab80000)
 tenured generation   total 875380K, used 811071K [0x00000000aaaa0000, 0x00000000e017d000, 0x0000000100000000)
   the space 875380K,  92% used [0x00000000aaaa0000, 0x00000000dc2aff48, 0x00000000dc2b0000, 0x00000000e017d000)
 Metaspace       used 90633K, capacity 101513K, committed 101760K, reserved 1136640K
  class space    used 12329K, capacity 14647K, committed 14720K, reserved 1048576K
Event: 126484.037 GC heap after
Heap after GC invocations=9971 (full 15):
 def new generation   total 393984K, used 9396K [0x0000000080000000, 0x000000009ab80000, 0x00000000aaaa0000)
  eden space 350208K,   0% used [0x0000000080000000, 0x0000000080000000, 0x0000000095600000)
  from space 43776K,  21% used [0x00000000980c0000, 0x00000000989ed3f8, 0x000000009ab80000)
  to   space 43776K,   0% used [0x0000000095600000, 0x0000000095600000, 0x00000000980c0000)
 tenured generation   total 875380K, used 811188K [0x00000000aaaa0000, 0x00000000e017d000, 0x0000000100000000)
   the space 875380K,  92% used [0x00000000aaaa0000, 0x00000000dc2cd220, 0x00000000dc2cd400, 0x00000000e017d000)
 Metaspace       used 90633K, capacity 101513K, committed 101760K, reserved 1136640K
  class space    used 12329K, capacity 14647K, committed 14720K, reserved 1048576K
}
Event: 126486.192 GC heap before
{Heap before GC invocations=9971 (full 15):
 def new generation   total 393984K, used 359604K [0x0000000080000000, 0x000000009ab80000, 0x00000000aaaa0000)
  eden space 350208K, 100% used [0x0000000080000000, 0x0000000095600000, 0x0000000095600000)
  from space 43776K,  21% used [0x00000000980c0000, 0x00000000989ed3f8, 0x000000009ab80000)
  to   space 43776K,   0% used [0x0000000095600000, 0x0000000095600000, 0x00000000980c0000)
 tenured generation   total 875380K, used 811188K [0x00000000aaaa0000, 0x00000000e017d000, 0x0000000100000000)
   the space 875380K,  92% used [0x00000000aaaa0000, 0x00000000dc2cd220, 0x00000000dc2cd400, 0x00000000e017d000)
 Metaspace       used 90633K, capacity 101513K, committed 101760K, reserved 1136640K
  class space    used 12329K, capacity 14647K, committed 14720K, reserved 1048576K
Event: 126486.211 GC heap after
Heap after GC invocations=9972 (full 15):
 def new generation   total 393984K, used 8670K [0x0000000080000000, 0x000000009ab80000, 0x00000000aaaa0000)
  eden space 350208K,   0% used [0x0000000080000000, 0x0000000080000000, 0x0000000095600000)
  from space 43776K,  19% used [0x0000000095600000, 0x0000000095e77ba0, 0x00000000980c0000)
  to   space 43776K,   0% used [0x00000000980c0000, 0x00000000980c0000, 0x000000009ab80000)
 tenured generation   total 875380K, used 811601K [0x00000000aaaa0000, 0x00000000e017d000, 0x0000000100000000)
   the space 875380K,  92% used [0x00000000aaaa0000, 0x00000000dc3344d0, 0x00000000dc334600, 0x00000000e017d000)
 Metaspace       used 90633K, capacity 101513K, committed 101760K, reserved 1136640K
  class space    used 12329K, capacity 14647K, committed 14720K, reserved 1048576K
}
Event: 126488.421 GC heap before
{Heap before GC invocations=9972 (full 15):
 def new generation   total 393984K, used 358878K [0x0000000080000000, 0x000000009ab80000, 0x00000000aaaa0000)
  eden space 350208K, 100% used [0x0000000080000000, 0x0000000095600000, 0x0000000095600000)
  from space 43776K,  19% used [0x0000000095600000, 0x0000000095e77ba0, 0x00000000980c0000)
  to   space 43776K,   0% used [0x00000000980c0000, 0x00000000980c0000, 0x000000009ab80000)
 tenured generation   total 875380K, used 811601K [0x00000000aaaa0000, 0x00000000e017d000, 0x0000000100000000)
   the space 875380K,  92% used [0x00000000aaaa0000, 0x00000000dc3344d0, 0x00000000dc334600, 0x00000000e017d000)
 Metaspace       used 90633K, capacity 101513K, committed 101760K, reserved 1136640K
  class space    used 12329K, capacity 14647K, committed 14720K, reserved 1048576K
Event: 126488.439 GC heap after
Heap after GC invocations=9973 (full 15):
 def new generation   total 393984K, used 7314K [0x0000000080000000, 0x000000009ab80000, 0x00000000aaaa0000)
  eden space 350208K,   0% used [0x0000000080000000, 0x0000000080000000, 0x0000000095600000)
  from space 43776K,  16% used [0x00000000980c0000, 0x00000000987e49e8, 0x000000009ab80000)
  to   space 43776K,   0% used [0x0000000095600000, 0x0000000095600000, 0x00000000980c0000)
 tenured generation   total 875380K, used 813067K [0x00000000aaaa0000, 0x00000000e017d000, 0x0000000100000000)
   the space 875380K,  92% used [0x00000000aaaa0000, 0x00000000dc4a2f88, 0x00000000dc4a3000, 0x00000000e017d000)
 Metaspace       used 90633K, capacity 101513K, committed 101760K, reserved 1136640K
  class space    used 12329K, capacity 14647K, committed 14720K, reserved 1048576K
}
Event: 126490.725 GC heap before
{Heap before GC invocations=9973 (full 15):
 def new generation   total 393984K, used 357522K [0x0000000080000000, 0x000000009ab80000, 0x00000000aaaa0000)
  eden space 350208K, 100% used [0x0000000080000000, 0x0000000095600000, 0x0000000095600000)
  from space 43776K,  16% used [0x00000000980c0000, 0x00000000987e49e8, 0x000000009ab80000)
  to   space 43776K,   0% used [0x0000000095600000, 0x0000000095600000, 0x00000000980c0000)
 tenured generation   total 875380K, used 813067K [0x00000000aaaa0000, 0x00000000e017d000, 0x0000000100000000)
   the space 875380K,  92% used [0x00000000aaaa0000, 0x00000000dc4a2f88, 0x00000000dc4a3000, 0x00000000e017d000)
 Metaspace       used 90633K, capacity 101513K, committed 101760K, reserved 1136640K
  class space    used 12329K, capacity 14647K, committed 14720K, reserved 1048576K
Event: 126490.741 GC heap after
Heap after GC invocations=9974 (full 15):
 def new generation   total 393984K, used 6257K [0x0000000080000000, 0x000000009ab80000, 0x00000000aaaa0000)
  eden space 350208K,   0% used [0x0000000080000000, 0x0000000080000000, 0x0000000095600000)
  from space 43776K,  14% used [0x0000000095600000, 0x0000000095c1c4c0, 0x00000000980c0000)
  to   space 43776K,   0% used [0x00000000980c0000, 0x00000000980c0000, 0x000000009ab80000)
 tenured generation   total 875380K, used 814240K [0x00000000aaaa0000, 0x00000000e017d000, 0x0000000100000000)
   the space 875380K,  93% used [0x00000000aaaa0000, 0x00000000dc5c80b0, 0x00000000dc5c8200, 0x00000000e017d000)
 Metaspace       used 90633K, capacity 101513K, committed 101760K, reserved 1136640K
  class space    used 12329K, capacity 14647K, committed 14720K, reserved 1048576K
}
Event: 126492.969 GC heap before
{Heap before GC invocations=9974 (full 15):
 def new generation   total 393984K, used 356465K [0x0000000080000000, 0x000000009ab80000, 0x00000000aaaa0000)
  eden space 350208K, 100% used [0x0000000080000000, 0x0000000095600000, 0x0000000095600000)
  from space 43776K,  14% used [0x0000000095600000, 0x0000000095c1c4c0, 0x00000000980c0000)
  to   space 43776K,   0% used [0x00000000980c0000, 0x00000000980c0000, 0x000000009ab80000)
 tenured generation   total 875380K, used 814240K [0x00000000aaaa0000, 0x00000000e017d000, 0x0000000100000000)
   the space 875380K,  93% used [0x00000000aaaa0000, 0x00000000dc5c80b0, 0x00000000dc5c8200, 0x00000000e017d000)
 Metaspace       used 90633K, capacity 101513K, committed 101760K, reserved 1136640K
  class space    used 12329K, capacity 14647K, committed 14720K, reserved 1048576K
Event: 126492.985 GC heap after
Heap after GC invocations=9975 (full 15):
 def new generation   total 393984K, used 6101K [0x0000000080000000, 0x000000009ab80000, 0x00000000aaaa0000)
  eden space 350208K,   0% used [0x0000000080000000, 0x0000000080000000, 0x0000000095600000)
  from space 43776K,  13% used [0x00000000980c0000, 0x00000000986b5518, 0x000000009ab80000)
  to   space 43776K,   0% used [0x0000000095600000, 0x0000000095600000, 0x00000000980c0000)
 tenured generation   total 875380K, used 814642K [0x00000000aaaa0000, 0x00000000e017d000, 0x0000000100000000)
   the space 875380K,  93% used [0x00000000aaaa0000, 0x00000000dc62c8f8, 0x00000000dc62ca00, 0x00000000e017d000)
 Metaspace       used 90633K, capacity 101513K, committed 101760K, reserved 1136640K
  class space    used 12329K, capacity 14647K, committed 14720K, reserved 1048576K
}
Event: 126495.273 GC heap before
{Heap before GC invocations=9975 (full 15):
 def new generation   total 393984K, used 356309K [0x0000000080000000, 0x000000009ab80000, 0x00000000aaaa0000)
  eden space 350208K, 100% used [0x0000000080000000, 0x0000000095600000, 0x0000000095600000)
  from space 43776K,  13% used [0x00000000980c0000, 0x00000000986b5518, 0x000000009ab80000)
  to   space 43776K,   0% used [0x0000000095600000, 0x0000000095600000, 0x00000000980c0000)
 tenured generation   total 875380K, used 814642K [0x00000000aaaa0000, 0x00000000e017d000, 0x0000000100000000)
   the space 875380K,  93% used [0x00000000aaaa0000, 0x00000000dc62c8f8, 0x00000000dc62ca00, 0x00000000e017d000)
 Metaspace       used 90633K, capacity 101513K, committed 101760K, reserved 1136640K
  class space    used 12329K, capacity 14647K, committed 14720K, reserved 1048576K
Event: 126495.289 GC heap after
Heap after GC invocations=9976 (full 15):
 def new generation   total 393984K, used 6132K [0x0000000080000000, 0x000000009ab80000, 0x00000000aaaa0000)
  eden space 350208K,   0% used [0x0000000080000000, 0x0000000080000000, 0x0000000095600000)
  from space 43776K,  14% used [0x0000000095600000, 0x0000000095bfd048, 0x00000000980c0000)
  to   space 43776K,   0% used [0x00000000980c0000, 0x00000000980c0000, 0x000000009ab80000)
 tenured generation   total 875380K, used 814764K [0x00000000aaaa0000, 0x00000000e017d000, 0x0000000100000000)
   the space 875380K,  93% used [0x00000000aaaa0000, 0x00000000dc64b3c0, 0x00000000dc64b400, 0x00000000e017d000)
 Metaspace       used 90633K, capacity 101513K, committed 101760K, reserved 1136640K
  class space    used 12329K, capacity 14647K, committed 14720K, reserved 1048576K
}
Event: 126497.492 GC heap before
{Heap before GC invocations=9976 (full 15):
 def new generation   total 393984K, used 356340K [0x0000000080000000, 0x000000009ab80000, 0x00000000aaaa0000)
  eden space 350208K, 100% used [0x0000000080000000, 0x0000000095600000, 0x0000000095600000)
  from space 43776K,  14% used [0x0000000095600000, 0x0000000095bfd048, 0x00000000980c0000)
  to   space 43776K,   0% used [0x00000000980c0000, 0x00000000980c0000, 0x000000009ab80000)
 tenured generation   total 875380K, used 814764K [0x00000000aaaa0000, 0x00000000e017d000, 0x0000000100000000)
   the space 875380K,  93% used [0x00000000aaaa0000, 0x00000000dc64b3c0, 0x00000000dc64b400, 0x00000000e017d000)
 Metaspace       used 90633K, capacity 101513K, committed 101760K, reserved 1136640K
  class space    used 12329K, capacity 14647K, committed 14720K, reserved 1048576K
Event: 126497.508 GC heap after
Heap after GC invocations=9977 (full 15):
 def new generation   total 393984K, used 6409K [0x0000000080000000, 0x000000009ab80000, 0x00000000aaaa0000)
  eden space 350208K,   0% used [0x0000000080000000, 0x0000000080000000, 0x0000000095600000)
  from space 43776K,  14% used [0x00000000980c0000, 0x00000000987025c0, 0x000000009ab80000)
  to   space 43776K,   0% used [0x0000000095600000, 0x0000000095600000, 0x00000000980c0000)
 tenured generation   total 875380K, used 814855K [0x00000000aaaa0000, 0x00000000e017d000, 0x0000000100000000)
   the space 875380K,  93% used [0x00000000aaaa0000, 0x00000000dc661d20, 0x00000000dc661e00, 0x00000000e017d000)
 Metaspace       used 90633K, capacity 101513K, committed 101760K, reserved 1136640K
  class space    used 12329K, capacity 14647K, committed 14720K, reserved 1048576K
}
Event: 126499.779 GC heap before
{Heap before GC invocations=9977 (full 15):
 def new generation   total 393984K, used 356617K [0x0000000080000000, 0x000000009ab80000, 0x00000000aaaa0000)
  eden space 350208K, 100% used [0x0000000080000000, 0x0000000095600000, 0x0000000095600000)
  from space 43776K,  14% used [0x00000000980c0000, 0x00000000987025c0, 0x000000009ab80000)
  to   space 43776K,   0% used [0x0000000095600000, 0x0000000095600000, 0x00000000980c0000)
 tenured generation   total 875380K, used 814855K [0x00000000aaaa0000, 0x00000000e017d000, 0x0000000100000000)
   the space 875380K,  93% used [0x00000000aaaa0000, 0x00000000dc661d20, 0x00000000dc661e00, 0x00000000e017d000)
 Metaspace       used 90633K, capacity 101513K, committed 101760K, reserved 1136640K
  class space    used 12329K, capacity 14647K, committed 14720K, reserved 1048576K
Event: 126499.796 GC heap after
Heap after GC invocations=9978 (full 15):
 def new generation   total 393984K, used 5963K [0x0000000080000000, 0x000000009ab80000, 0x00000000aaaa0000)
  eden space 350208K,   0% used [0x0000000080000000, 0x0000000080000000, 0x0000000095600000)
  from space 43776K,  13% used [0x0000000095600000, 0x0000000095bd2e00, 0x00000000980c0000)
  to   space 43776K,   0% used [0x00000000980c0000, 0x00000000980c0000, 0x000000009ab80000)
 tenured generation   total 875380K, used 815546K [0x00000000aaaa0000, 0x00000000e017d000, 0x0000000100000000)
   the space 875380K,  93% used [0x00000000aaaa0000, 0x00000000dc70e838, 0x00000000dc70ea00, 0x00000000e017d000)
 Metaspace       used 90633K, capacity 101513K, committed 101760K, reserved 1136640K
  class space    used 12329K, capacity 14647K, committed 14720K, reserved 1048576K
}
Event: 126502.081 GC heap before
{Heap before GC invocations=9978 (full 15):
 def new generation   total 393984K, used 356171K [0x0000000080000000, 0x000000009ab80000, 0x00000000aaaa0000)
  eden space 350208K, 100% used [0x0000000080000000, 0x0000000095600000, 0x0000000095600000)
  from space 43776K,  13% used [0x0000000095600000, 0x0000000095bd2e00, 0x00000000980c0000)
  to   space 43776K,   0% used [0x00000000980c0000, 0x00000000980c0000, 0x000000009ab80000)
 tenured generation   total 875380K, used 815546K [0x00000000aaaa0000, 0x00000000e017d000, 0x0000000100000000)
   the space 875380K,  93% used [0x00000000aaaa0000, 0x00000000dc70e838, 0x00000000dc70ea00, 0x00000000e017d000)
 Metaspace       used 90633K, capacity 101513K, committed 101760K, reserved 1136640K
  class space    used 12329K, capacity 14647K, committed 14720K, reserved 1048576K
Event: 126502.098 GC heap after
Heap after GC invocations=9979 (full 15):
 def new generation   total 393984K, used 5747K [0x0000000080000000, 0x000000009ab80000, 0x00000000aaaa0000)
  eden space 350208K,   0% used [0x0000000080000000, 0x0000000080000000, 0x0000000095600000)
  from space 43776K,  13% used [0x00000000980c0000, 0x000000009865ccd8, 0x000000009ab80000)
  to   space 43776K,   0% used [0x0000000095600000, 0x0000000095600000, 0x00000000980c0000)
 tenured generation   total 875380K, used 815888K [0x00000000aaaa0000, 0x00000000e017d000, 0x0000000100000000)
   the space 875380K,  93% used [0x00000000aaaa0000, 0x00000000dc764098, 0x00000000dc764200, 0x00000000e017d000)
 Metaspace       used 90633K, capacity 101513K, committed 101760K, reserved 1136640K
  class space    used 12329K, capacity 14647K, committed 14720K, reserved 1048576K
}
Event: 126504.473 GC heap before
{Heap before GC invocations=9979 (full 15):
 def new generation   total 393984K, used 355955K [0x0000000080000000, 0x000000009ab80000, 0x00000000aaaa0000)
  eden space 350208K, 100% used [0x0000000080000000, 0x0000000095600000, 0x0000000095600000)
  from space 43776K,  13% used [0x00000000980c0000, 0x000000009865ccd8, 0x000000009ab80000)
  to   space 43776K,   0% used [0x0000000095600000, 0x0000000095600000, 0x00000000980c0000)
 tenured generation   total 875380K, used 815888K [0x00000000aaaa0000, 0x00000000e017d000, 0x0000000100000000)
   the space 875380K,  93% used [0x00000000aaaa0000, 0x00000000dc764098, 0x00000000dc764200, 0x00000000e017d000)
 Metaspace       used 90633K, capacity 101513K, committed 101760K, reserved 1136640K
  class space    used 12329K, capacity 14647K, committed 14720K, reserved 1048576K
Event: 126504.488 GC heap after
Heap after GC invocations=9980 (full 15):
 def new generation   total 393984K, used 5695K [0x0000000080000000, 0x000000009ab80000, 0x00000000aaaa0000)
  eden space 350208K,   0% used [0x0000000080000000, 0x0000000080000000, 0x0000000095600000)
  from space 43776K,  13% used [0x0000000095600000, 0x0000000095b8fd68, 0x00000000980c0000)
  to   space 43776K,   0% used [0x00000000980c0000, 0x00000000980c0000, 0x000000009ab80000)
 tenured generation   total 875380K, used 816036K [0x00000000aaaa0000, 0x00000000e017d000, 0x0000000100000000)
   the space 875380K,  93% used [0x00000000aaaa0000, 0x00000000dc789240, 0x00000000dc789400, 0x00000000e017d000)
 Metaspace       used 90633K, capacity 101513K, committed 101760K, reserved 1136640K
  class space    used 12329K, capacity 14647K, committed 14720K, reserved 1048576K
}
Event: 126506.867 GC heap before
{Heap before GC invocations=9980 (full 15):
 def new generation   total 393984K, used 355903K [0x0000000080000000, 0x000000009ab80000, 0x00000000aaaa0000)
  eden space 350208K, 100% used [0x0000000080000000, 0x0000000095600000, 0x0000000095600000)
  from space 43776K,  13% used [0x0000000095600000, 0x0000000095b8fd68, 0x00000000980c0000)
  to   space 43776K,   0% used [0x00000000980c0000, 0x00000000980c0000, 0x000000009ab80000)
 tenured generation   total 875380K, used 816036K [0x00000000aaaa0000, 0x00000000e017d000, 0x0000000100000000)
   the space 875380K,  93% used [0x00000000aaaa0000, 0x00000000dc789240, 0x00000000dc789400, 0x00000000e017d000)
 Metaspace       used 90633K, capacity 101513K, committed 101760K, reserved 1136640K
  class space    used 12329K, capacity 14647K, committed 14720K, reserved 1048576K
Event: 126506.882 GC heap after
Heap after GC invocations=9981 (full 15):
 def new generation   total 393984K, used 5837K [0x0000000080000000, 0x000000009ab80000, 0x00000000aaaa0000)
  eden space 350208K,   0% used [0x0000000080000000, 0x0000000080000000, 0x0000000095600000)
  from space 43776K,  13% used [0x00000000980c0000, 0x0000000098673570, 0x000000009ab80000)
  to   space 43776K,   0% used [0x0000000095600000, 0x0000000095600000, 0x00000000980c0000)
 tenured generation   total 875380K, used 816101K [0x00000000aaaa0000, 0x00000000e017d000, 0x0000000100000000)
   the space 875380K,  93% used [0x00000000aaaa0000, 0x00000000dc7997e0, 0x00000000dc799800, 0x00000000e017d000)
 Metaspace       used 90633K, capacity 101513K, committed 101760K, reserved 1136640K
  class space    used 12329K, capacity 14647K, committed 14720K, reserved 1048576K
}
Event: 126509.220 GC heap before
{Heap before GC invocations=9981 (full 15):
 def new generation   total 393984K, used 356045K [0x0000000080000000, 0x000000009ab80000, 0x00000000aaaa0000)
  eden space 350208K, 100% used [0x0000000080000000, 0x0000000095600000, 0x0000000095600000)
  from space 43776K,  13% used [0x00000000980c0000, 0x0000000098673570, 0x000000009ab80000)
  to   space 43776K,   0% used [0x0000000095600000, 0x0000000095600000, 0x00000000980c0000)
 tenured generation   total 875380K, used 816101K [0x00000000aaaa0000, 0x00000000e017d000, 0x0000000100000000)
   the space 875380K,  93% used [0x00000000aaaa0000, 0x00000000dc7997e0, 0x00000000dc799800, 0x00000000e017d000)
 Metaspace       used 90634K, capacity 101513K, committed 101760K, reserved 1136640K
  class space    used 12329K, capacity 14647K, committed 14720K, reserved 1048576K
Event: 126509.236 GC heap after
Heap after GC invocations=9982 (full 15):
 def new generation   total 393984K, used 5934K [0x0000000080000000, 0x000000009ab80000, 0x00000000aaaa0000)
  eden space 350208K,   0% used [0x0000000080000000, 0x0000000080000000, 0x0000000095600000)
  from space 43776K,  13% used [0x0000000095600000, 0x0000000095bcb840, 0x00000000980c0000)
  to   space 43776K,   0% used [0x00000000980c0000, 0x00000000980c0000, 0x000000009ab80000)
 tenured generation   total 875380K, used 816248K [0x00000000aaaa0000, 0x00000000e017d000, 0x0000000100000000)
   the space 875380K,  93% used [0x00000000aaaa0000, 0x00000000dc7be090, 0x00000000dc7be200, 0x00000000e017d000)
 Metaspace       used 90634K, capacity 101513K, committed 101760K, reserved 1136640K
  class space    used 12329K, capacity 14647K, committed 14720K, reserved 1048576K
}
Event: 126511.666 GC heap before
{Heap before GC invocations=9982 (full 15):
 def new generation   total 393984K, used 356142K [0x0000000080000000, 0x000000009ab80000, 0x00000000aaaa0000)
  eden space 350208K, 100% used [0x0000000080000000, 0x0000000095600000, 0x0000000095600000)
  from space 43776K,  13% used [0x0000000095600000, 0x0000000095bcb840, 0x00000000980c0000)
  to   space 43776K,   0% used [0x00000000980c0000, 0x00000000980c0000, 0x000000009ab80000)
 tenured generation   total 875380K, used 816248K [0x00000000aaaa0000, 0x00000000e017d000, 0x0000000100000000)
   the space 875380K,  93% used [0x00000000aaaa0000, 0x00000000dc7be090, 0x00000000dc7be200, 0x00000000e017d000)
 Metaspace       used 90634K, capacity 101513K, committed 101760K, reserved 1136640K
  class space    used 12329K, capacity 14647K, committed 14720K, reserved 1048576K
Event: 126511.682 GC heap after
Heap after GC invocations=9983 (full 15):
 def new generation   total 393984K, used 5783K [0x0000000080000000, 0x000000009ab80000, 0x00000000aaaa0000)
  eden space 350208K,   0% used [0x0000000080000000, 0x0000000080000000, 0x0000000095600000)
  from space 43776K,  13% used [0x00000000980c0000, 0x0000000098665d38, 0x000000009ab80000)
  to   space 43776K,   0% used [0x0000000095600000, 0x0000000095600000, 0x00000000980c0000)
 tenured generation   total 875380K, used 816449K [0x00000000aaaa0000, 0x00000000e017d000, 0x0000000100000000)
   the space 875380K,  93% used [0x00000000aaaa0000, 0x00000000dc7f05a0, 0x00000000dc7f0600, 0x00000000e017d000)
 Metaspace       used 90634K, capacity 101513K, committed 101760K, reserved 1136640K
  class space    used 12329K, capacity 14647K, committed 14720K, reserved 1048576K
}
Event: 126514.127 GC heap before
{Heap before GC invocations=9983 (full 15):
 def new generation   total 393984K, used 355991K [0x0000000080000000, 0x000000009ab80000, 0x00000000aaaa0000)
  eden space 350208K, 100% used [0x0000000080000000, 0x0000000095600000, 0x0000000095600000)
  from space 43776K,  13% used [0x00000000980c0000, 0x0000000098665d38, 0x000000009ab80000)
  to   space 43776K,   0% used [0x0000000095600000, 0x0000000095600000, 0x00000000980c0000)
 tenured generation   total 875380K, used 816449K [0x00000000aaaa0000, 0x00000000e017d000, 0x0000000100000000)
   the space 875380K,  93% used [0x00000000aaaa0000, 0x00000000dc7f05a0, 0x00000000dc7f0600, 0x00000000e017d000)
 Metaspace       used 90634K, capacity 101513K, committed 101760K, reserved 1136640K
  class space    used 12329K, capacity 14647K, committed 14720K, reserved 1048576K
Event: 126514.142 GC heap after
Heap after GC invocations=9984 (full 15):
 def new generation   total 393984K, used 5732K [0x0000000080000000, 0x000000009ab80000, 0x00000000aaaa0000)
  eden space 350208K,   0% used [0x0000000080000000, 0x0000000080000000, 0x0000000095600000)
  from space 43776K,  13% used [0x0000000095600000, 0x0000000095b99350, 0x00000000980c0000)
  to   space 43776K,   0% used [0x00000000980c0000, 0x00000000980c0000, 0x000000009ab80000)
 tenured generation   total 875380K, used 816673K [0x00000000aaaa0000, 0x00000000e017d000, 0x0000000100000000)
   the space 875380K,  93% used [0x00000000aaaa0000, 0x00000000dc8287d8, 0x00000000dc828800, 0x00000000e017d000)
 Metaspace       used 90634K, capacity 101513K, committed 101760K, reserved 1136640K
  class space    used 12329K, capacity 14647K, committed 14720K, reserved 1048576K
}
Event: 126516.616 GC heap before
{Heap before GC invocations=9984 (full 15):
 def new generation   total 393984K, used 355940K [0x0000000080000000, 0x000000009ab80000, 0x00000000aaaa0000)
  eden space 350208K, 100% used [0x0000000080000000, 0x0000000095600000, 0x0000000095600000)
  from space 43776K,  13% used [0x0000000095600000, 0x0000000095b99350, 0x00000000980c0000)
  to   space 43776K,   0% used [0x00000000980c0000, 0x00000000980c0000, 0x000000009ab80000)
 tenured generation   total 875380K, used 816673K [0x00000000aaaa0000, 0x00000000e017d000, 0x0000000100000000)
   the space 875380K,  93% used [0x00000000aaaa0000, 0x00000000dc8287d8, 0x00000000dc828800, 0x00000000e017d000)
 Metaspace       used 90634K, capacity 101513K, committed 101760K, reserved 1136640K
  class space    used 12329K, capacity 14647K, committed 14720K, reserved 1048576K
Event: 126516.631 GC heap after
Heap after GC invocations=9985 (full 15):
 def new generation   total 393984K, used 5759K [0x0000000080000000, 0x000000009ab80000, 0x00000000aaaa0000)
  eden space 350208K,   0% used [0x0000000080000000, 0x0000000080000000, 0x0000000095600000)
  from space 43776K,  13% used [0x00000000980c0000, 0x000000009865fc48, 0x000000009ab80000)
  to   space 43776K,   0% used [0x0000000095600000, 0x0000000095600000, 0x00000000980c0000)
 tenured generation   total 875380K, used 816823K [0x00000000aaaa0000, 0x00000000e017d000, 0x0000000100000000)
   the space 875380K,  93% used [0x00000000aaaa0000, 0x00000000dc84de00, 0x00000000dc84de00, 0x00000000e017d000)
 Metaspace       used 90634K, capacity 101513K, committed 101760K, reserved 1136640K
  class space    used 12329K, capacity 14647K, committed 14720K, reserved 1048576K
}
Event: 126518.867 GC heap before
{Heap before GC invocations=9985 (full 15):
 def new generation   total 393984K, used 355967K [0x0000000080000000, 0x000000009ab80000, 0x00000000aaaa0000)
  eden space 350208K, 100% used [0x0000000080000000, 0x0000000095600000, 0x0000000095600000)
  from space 43776K,  13% used [0x00000000980c0000, 0x000000009865fc48, 0x000000009ab80000)
  to   space 43776K,   0% used [0x0000000095600000, 0x0000000095600000, 0x00000000980c0000)
 tenured generation   total 875380K, used 816823K [0x00000000aaaa0000, 0x00000000e017d000, 0x0000000100000000)
   the space 875380K,  93% used [0x00000000aaaa0000, 0x00000000dc84de00, 0x00000000dc84de00, 0x00000000e017d000)
 Metaspace       used 90634K, capacity 101513K, committed 101760K, reserved 1136640K
  class space    used 12329K, capacity 14647K, committed 14720K, reserved 1048576K
Event: 126518.882 GC heap after
Heap after GC invocations=9986 (full 15):
 def new generation   total 393984K, used 5819K [0x0000000080000000, 0x000000009ab80000, 0x00000000aaaa0000)
  eden space 350208K,   0% used [0x0000000080000000, 0x0000000080000000, 0x0000000095600000)
  from space 43776K,  13% used [0x0000000095600000, 0x0000000095baec20, 0x00000000980c0000)
  to   space 43776K,   0% used [0x00000000980c0000, 0x00000000980c0000, 0x000000009ab80000)
 tenured generation   total 875380K, used 817067K [0x00000000aaaa0000, 0x00000000e017d000, 0x0000000100000000)
   the space 875380K,  93% used [0x00000000aaaa0000, 0x00000000dc88ace0, 0x00000000dc88ae00, 0x00000000e017d000)
 Metaspace       used 90634K, capacity 101513K, committed 101760K, reserved 1136640K
  class space    used 12329K, capacity 14647K, committed 14720K, reserved 1048576K
}
Event: 126521.244 GC heap before
{Heap before GC invocations=9986 (full 15):
 def new generation   total 393984K, used 356027K [0x0000000080000000, 0x000000009ab80000, 0x00000000aaaa0000)
  eden space 350208K, 100% used [0x0000000080000000, 0x0000000095600000, 0x0000000095600000)
  from space 43776K,  13% used [0x0000000095600000, 0x0000000095baec20, 0x00000000980c0000)
  to   space 43776K,   0% used [0x00000000980c0000, 0x00000000980c0000, 0x000000009ab80000)
 tenured generation   total 875380K, used 817067K [0x00000000aaaa0000, 0x00000000e017d000, 0x0000000100000000)
   the space 875380K,  93% used [0x00000000aaaa0000, 0x00000000dc88ace0, 0x00000000dc88ae00, 0x00000000e017d000)
 Metaspace       used 90634K, capacity 101513K, committed 101760K, reserved 1136640K
  class space    used 12329K, capacity 14647K, committed 14720K, reserved 1048576K
Event: 126521.259 GC heap after
Heap after GC invocations=9987 (full 15):
 def new generation   total 393984K, used 5795K [0x0000000080000000, 0x000000009ab80000, 0x00000000aaaa0000)
  eden space 350208K,   0% used [0x0000000080000000, 0x0000000080000000, 0x0000000095600000)
  from space 43776K,  13% used [0x00000000980c0000, 0x0000000098668e88, 0x000000009ab80000)
  to   space 43776K,   0% used [0x0000000095600000, 0x0000000095600000, 0x00000000980c0000)
 tenured generation   total 875380K, used 817141K [0x00000000aaaa0000, 0x00000000e017d000, 0x0000000100000000)
   the space 875380K,  93% used [0x00000000aaaa0000, 0x00000000dc89d710, 0x00000000dc89d800, 0x00000000e017d000)
 Metaspace       used 90634K, capacity 101513K, committed 101760K, reserved 1136640K
  class space    used 12329K, capacity 14647K, committed 14720K, reserved 1048576K
}
Event: 126523.737 GC heap before
{Heap before GC invocations=9987 (full 15):
 def new generation   total 393984K, used 356003K [0x0000000080000000, 0x000000009ab80000, 0x00000000aaaa0000)
  eden space 350208K, 100% used [0x0000000080000000, 0x0000000095600000, 0x0000000095600000)
  from space 43776K,  13% used [0x00000000980c0000, 0x0000000098668e88, 0x000000009ab80000)
  to   space 43776K,   0% used [0x0000000095600000, 0x0000000095600000, 0x00000000980c0000)
 tenured generation   total 875380K, used 817141K [0x00000000aaaa0000, 0x00000000e017d000, 0x0000000100000000)
   the space 875380K,  93% used [0x00000000aaaa0000, 0x00000000dc89d710, 0x00000000dc89d800, 0x00000000e017d000)
 Metaspace       used 90634K, capacity 101513K, committed 101760K, reserved 1136640K
  class space    used 12329K, capacity 14647K, committed 14720K, reserved 1048576K
Event: 126523.752 GC heap after
Heap after GC invocations=9988 (full 15):
 def new generation   total 393984K, used 5692K [0x0000000080000000, 0x000000009ab80000, 0x00000000aaaa0000)
  eden space 350208K,   0% used [0x0000000080000000, 0x0000000080000000, 0x0000000095600000)
  from space 43776K,  13% used [0x0000000095600000, 0x0000000095b8f088, 0x00000000980c0000)
  to   space 43776K,   0% used [0x00000000980c0000, 0x00000000980c0000, 0x000000009ab80000)
 tenured generation   total 875380K, used 817228K [0x00000000aaaa0000, 0x00000000e017d000, 0x0000000100000000)
   the space 875380K,  93% used [0x00000000aaaa0000, 0x00000000dc8b3300, 0x00000000dc8b3400, 0x00000000e017d000)
 Metaspace       used 90634K, capacity 101513K, committed 101760K, reserved 1136640K
  class space    used 12329K, capacity 14647K, committed 14720K, reserved 1048576K
}
Event: 126526.171 GC heap before
{Heap before GC invocations=9988 (full 15):
 def new generation   total 393984K, used 355900K [0x0000000080000000, 0x000000009ab80000, 0x00000000aaaa0000)
  eden space 350208K, 100% used [0x0000000080000000, 0x0000000095600000, 0x0000000095600000)
  from space 43776K,  13% used [0x0000000095600000, 0x0000000095b8f088, 0x00000000980c0000)
  to   space 43776K,   0% used [0x00000000980c0000, 0x00000000980c0000, 0x000000009ab80000)
 tenured generation   total 875380K, used 817228K [0x00000000aaaa0000, 0x00000000e017d000, 0x0000000100000000)
   the space 875380K,  93% used [0x00000000aaaa0000, 0x00000000dc8b3300, 0x00000000dc8b3400, 0x00000000e017d000)
 Metaspace       used 90634K, capacity 101513K, committed 101760K, reserved 1136640K
  class space    used 12329K, capacity 14647K, committed 14720K, reserved 1048576K
Event: 126526.186 GC heap after
Heap after GC invocations=9989 (full 15):
 def new generation   total 393984K, used 5840K [0x0000000080000000, 0x000000009ab80000, 0x00000000aaaa0000)
  eden space 350208K,   0% used [0x0000000080000000, 0x0000000080000000, 0x0000000095600000)
  from space 43776K,  13% used [0x00000000980c0000, 0x0000000098674208, 0x000000009ab80000)
  to   space 43776K,   0% used [0x0000000095600000, 0x0000000095600000, 0x00000000980c0000)
 tenured generation   total 875380K, used 817361K [0x00000000aaaa0000, 0x00000000e017d000, 0x0000000100000000)
   the space 875380K,  93% used [0x00000000aaaa0000, 0x00000000dc8d46b0, 0x00000000dc8d4800, 0x00000000e017d000)
 Metaspace       used 90634K, capacity 101513K, committed 101760K, reserved 1136640K
  class space    used 12329K, capacity 14647K, committed 14720K, reserved 1048576K
}
Event: 126528.670 GC heap before
{Heap before GC invocations=9989 (full 15):
 def new generation   total 393984K, used 356048K [0x0000000080000000, 0x000000009ab80000, 0x00000000aaaa0000)
  eden space 350208K, 100% used [0x0000000080000000, 0x0000000095600000, 0x0000000095600000)
  from space 43776K,  13% used [0x00000000980c0000, 0x0000000098674208, 0x000000009ab80000)
  to   space 43776K,   0% used [0x0000000095600000, 0x0000000095600000, 0x00000000980c0000)
 tenured generation   total 875380K, used 817361K [0x00000000aaaa0000, 0x00000000e017d000, 0x0000000100000000)
   the space 875380K,  93% used [0x00000000aaaa0000, 0x00000000dc8d46b0, 0x00000000dc8d4800, 0x00000000e017d000)
 Metaspace       used 90634K, capacity 101513K, committed 101760K, reserved 1136640K
  class space    used 12329K, capacity 14647K, committed 14720K, reserved 1048576K
Event: 126528.685 GC heap after
Heap after GC invocations=9990 (full 15):
 def new generation   total 393984K, used 5881K [0x0000000080000000, 0x000000009ab80000, 0x00000000aaaa0000)
  eden space 350208K,   0% used [0x0000000080000000, 0x0000000080000000, 0x0000000095600000)
  from space 43776K,  13% used [0x0000000095600000, 0x0000000095bbe408, 0x00000000980c0000)
  to   space 43776K,   0% used [0x00000000980c0000, 0x00000000980c0000, 0x000000009ab80000)
 tenured generation   total 875380K, used 817513K [0x00000000aaaa0000, 0x00000000e017d000, 0x0000000100000000)
   the space 875380K,  93% used [0x00000000aaaa0000, 0x00000000dc8fa5d8, 0x00000000dc8fa600, 0x00000000e017d000)
 Metaspace       used 90634K, capacity 101513K, committed 101760K, reserved 1136640K
  class space    used 12329K, capacity 14647K, committed 14720K, reserved 1048576K
}
Event: 126531.103 GC heap before
{Heap before GC invocations=9990 (full 15):
 def new generation   total 393984K, used 356089K [0x0000000080000000, 0x000000009ab80000, 0x00000000aaaa0000)
  eden space 350208K, 100% used [0x0000000080000000, 0x0000000095600000, 0x0000000095600000)
  from space 43776K,  13% used [0x0000000095600000, 0x0000000095bbe408, 0x00000000980c0000)
  to   space 43776K,   0% used [0x00000000980c0000, 0x00000000980c0000, 0x000000009ab80000)
 tenured generation   total 875380K, used 817513K [0x00000000aaaa0000, 0x00000000e017d000, 0x0000000100000000)
   the space 875380K,  93% used [0x00000000aaaa0000, 0x00000000dc8fa5d8, 0x00000000dc8fa600, 0x00000000e017d000)
 Metaspace       used 90634K, capacity 101513K, committed 101760K, reserved 1136640K
  class space    used 12329K, capacity 14647K, committed 14720K, reserved 1048576K
Event: 126531.117 GC heap after
Heap after GC invocations=9991 (full 15):
 def new generation   total 393984K, used 6009K [0x0000000080000000, 0x000000009ab80000, 0x00000000aaaa0000)
  eden space 350208K,   0% used [0x0000000080000000, 0x0000000080000000, 0x0000000095600000)
  from space 43776K,  13% used [0x00000000980c0000, 0x000000009869e550, 0x000000009ab80000)
  to   space 43776K,   0% used [0x0000000095600000, 0x0000000095600000, 0x00000000980c0000)
 tenured generation   total 875380K, used 817666K [0x00000000aaaa0000, 0x00000000e017d000, 0x0000000100000000)
   the space 875380K,  93% used [0x00000000aaaa0000, 0x00000000dc9209b8, 0x00000000dc920a00, 0x00000000e017d000)
 Metaspace       used 90634K, capacity 101513K, committed 101760K, reserved 1136640K
  class space    used 12329K, capacity 14647K, committed 14720K, reserved 1048576K
}
Event: 126533.616 GC heap before
{Heap before GC invocations=9991 (full 15):
 def new generation   total 393984K, used 356217K [0x0000000080000000, 0x000000009ab80000, 0x00000000aaaa0000)
  eden space 350208K, 100% used [0x0000000080000000, 0x0000000095600000, 0x0000000095600000)
  from space 43776K,  13% used [0x00000000980c0000, 0x000000009869e550, 0x000000009ab80000)
  to   space 43776K,   0% used [0x0000000095600000, 0x0000000095600000, 0x00000000980c0000)
 tenured generation   total 875380K, used 817666K [0x00000000aaaa0000, 0x00000000e017d000, 0x0000000100000000)
   the space 875380K,  93% used [0x00000000aaaa0000, 0x00000000dc9209b8, 0x00000000dc920a00, 0x00000000e017d000)
 Metaspace       used 90634K, capacity 101513K, committed 101760K, reserved 1136640K
  class space    used 12329K, capacity 14647K, committed 14720K, reserved 1048576K
Event: 126533.631 GC heap after
Heap after GC invocations=9992 (full 15):
 def new generation   total 393984K, used 5762K [0x0000000080000000, 0x000000009ab80000, 0x00000000aaaa0000)
  eden space 350208K,   0% used [0x0000000080000000, 0x0000000080000000, 0x0000000095600000)
  from space 43776K,  13% used [0x0000000095600000, 0x0000000095ba0970, 0x00000000980c0000)
  to   space 43776K,   0% used [0x00000000980c0000, 0x00000000980c0000, 0x000000009ab80000)
 tenured generation   total 875380K, used 817879K [0x00000000aaaa0000, 0x00000000e017d000, 0x0000000100000000)
   the space 875380K,  93% used [0x00000000aaaa0000, 0x00000000dc955cb8, 0x00000000dc955e00, 0x00000000e017d000)
 Metaspace       used 90634K, capacity 101513K, committed 101760K, reserved 1136640K
  class space    used 12329K, capacity 14647K, committed 14720K, reserved 1048576K
}
Event: 126536.043 GC heap before
{Heap before GC invocations=9992 (full 15):
 def new generation   total 393984K, used 355970K [0x0000000080000000, 0x000000009ab80000, 0x00000000aaaa0000)
  eden space 350208K, 100% used [0x0000000080000000, 0x0000000095600000, 0x0000000095600000)
  from space 43776K,  13% used [0x0000000095600000, 0x0000000095ba0970, 0x00000000980c0000)
  to   space 43776K,   0% used [0x00000000980c0000, 0x00000000980c0000, 0x000000009ab80000)
 tenured generation   total 875380K, used 817879K [0x00000000aaaa0000, 0x00000000e017d000, 0x0000000100000000)
   the space 875380K,  93% used [0x00000000aaaa0000, 0x00000000dc955cb8, 0x00000000dc955e00, 0x00000000e017d000)
 Metaspace       used 90634K, capacity 101513K, committed 101760K, reserved 1136640K
  class space    used 12329K, capacity 14647K, committed 14720K, reserved 1048576K
Event: 126536.058 GC heap after
Heap after GC invocations=9993 (full 15):
 def new generation   total 393984K, used 5807K [0x0000000080000000, 0x000000009ab80000, 0x00000000aaaa0000)
  eden space 350208K,   0% used [0x0000000080000000, 0x0000000080000000, 0x0000000095600000)
  from space 43776K,  13% used [0x00000000980c0000, 0x000000009866bc60, 0x000000009ab80000)
  to   space 43776K,   0% used [0x0000000095600000, 0x0000000095600000, 0x00000000980c0000)
 tenured generation   total 875380K, used 817937K [0x00000000aaaa0000, 0x00000000e017d000, 0x0000000100000000)
   the space 875380K,  93% used [0x00000000aaaa0000, 0x00000000dc964768, 0x00000000dc964800, 0x00000000e017d000)
 Metaspace       used 90634K, capacity 101513K, committed 101760K, reserved 1136640K
  class space    used 12329K, capacity 14647K, committed 14720K, reserved 1048576K
}
Event: 126538.583 GC heap before
{Heap before GC invocations=9993 (full 15):
 def new generation   total 393984K, used 356015K [0x0000000080000000, 0x000000009ab80000, 0x00000000aaaa0000)
  eden space 350208K, 100% used [0x0000000080000000, 0x0000000095600000, 0x0000000095600000)
  from space 43776K,  13% used [0x00000000980c0000, 0x000000009866bc60, 0x000000009ab80000)
  to   space 43776K,   0% used [0x0000000095600000, 0x0000000095600000, 0x00000000980c0000)
 tenured generation   total 875380K, used 817937K [0x00000000aaaa0000, 0x00000000e017d000, 0x0000000100000000)
   the space 875380K,  93% used [0x00000000aaaa0000, 0x00000000dc964768, 0x00000000dc964800, 0x00000000e017d000)
 Metaspace       used 90634K, capacity 101513K, committed 101760K, reserved 1136640K
  class space    used 12329K, capacity 14647K, committed 14720K, reserved 1048576K
Event: 126538.597 GC heap after
Heap after GC invocations=9994 (full 15):
 def new generation   total 393984K, used 5405K [0x0000000080000000, 0x000000009ab80000, 0x00000000aaaa0000)
  eden space 350208K,   0% used [0x0000000080000000, 0x0000000080000000, 0x0000000095600000)
  from space 43776K,  12% used [0x0000000095600000, 0x0000000095b475b8, 0x00000000980c0000)
  to   space 43776K,   0% used [0x00000000980c0000, 0x00000000980c0000, 0x000000009ab80000)
 tenured generation   total 875380K, used 818271K [0x00000000aaaa0000, 0x00000000e017d000, 0x0000000100000000)
   the space 875380K,  93% used [0x00000000aaaa0000, 0x00000000dc9b7cb0, 0x00000000dc9b7e00, 0x00000000e017d000)
 Metaspace       used 90634K, capacity 101513K, committed 101760K, reserved 1136640K
  class space    used 12329K, capacity 14647K, committed 14720K, reserved 1048576K
}
Event: 126541.126 GC heap before
{Heap before GC invocations=9994 (full 15):
 def new generation   total 393984K, used 355613K [0x0000000080000000, 0x000000009ab80000, 0x00000000aaaa0000)
  eden space 350208K, 100% used [0x0000000080000000, 0x0000000095600000, 0x0000000095600000)
  from space 43776K,  12% used [0x0000000095600000, 0x0000000095b475b8, 0x00000000980c0000)
  to   space 43776K,   0% used [0x00000000980c0000, 0x00000000980c0000, 0x000000009ab80000)
 tenured generation   total 875380K, used 818271K [0x00000000aaaa0000, 0x00000000e017d000, 0x0000000100000000)
   the space 875380K,  93% used [0x00000000aaaa0000, 0x00000000dc9b7cb0, 0x00000000dc9b7e00, 0x00000000e017d000)
 Metaspace       used 90634K, capacity 101513K, committed 101760K, reserved 1136640K
  class space    used 12329K, capacity 14647K, committed 14720K, reserved 1048576K
Event: 126541.140 GC heap after
Heap after GC invocations=9995 (full 15):
 def new generation   total 393984K, used 5385K [0x0000000080000000, 0x000000009ab80000, 0x00000000aaaa0000)
  eden space 350208K,   0% used [0x0000000080000000, 0x0000000080000000, 0x0000000095600000)
  from space 43776K,  12% used [0x00000000980c0000, 0x0000000098602510, 0x000000009ab80000)
  to   space 43776K,   0% used [0x0000000095600000, 0x0000000095600000, 0x00000000980c0000)
 tenured generation   total 875380K, used 818424K [0x00000000aaaa0000, 0x00000000e017d000, 0x0000000100000000)
   the space 875380K,  93% used [0x00000000aaaa0000, 0x00000000dc9de378, 0x00000000dc9de400, 0x00000000e017d000)
 Metaspace       used 90634K, capacity 101513K, committed 101760K, reserved 1136640K
  class space    used 12329K, capacity 14647K, committed 14720K, reserved 1048576K
}
Event: 126543.768 GC heap before
{Heap before GC invocations=9995 (full 15):
 def new generation   total 393984K, used 355593K [0x0000000080000000, 0x000000009ab80000, 0x00000000aaaa0000)
  eden space 350208K, 100% used [0x0000000080000000, 0x0000000095600000, 0x0000000095600000)
  from space 43776K,  12% used [0x00000000980c0000, 0x0000000098602510, 0x000000009ab80000)
  to   space 43776K,   0% used [0x0000000095600000, 0x0000000095600000, 0x00000000980c0000)
 tenured generation   total 875380K, used 818424K [0x00000000aaaa0000, 0x00000000e017d000, 0x0000000100000000)
   the space 875380K,  93% used [0x00000000aaaa0000, 0x00000000dc9de378, 0x00000000dc9de400, 0x00000000e017d000)
 Metaspace       used 90634K, capacity 101513K, committed 101760K, reserved 1136640K
  class space    used 12329K, capacity 14647K, committed 14720K, reserved 1048576K
Event: 126543.782 GC heap after
Heap after GC invocations=9996 (full 15):
 def new generation   total 393984K, used 4412K [0x0000000080000000, 0x000000009ab80000, 0x00000000aaaa0000)
  eden space 350208K,   0% used [0x0000000080000000, 0x0000000080000000, 0x0000000095600000)
  from space 43776K,  10% used [0x0000000095600000, 0x0000000095a4f348, 0x00000000980c0000)
  to   space 43776K,   0% used [0x00000000980c0000, 0x00000000980c0000, 0x000000009ab80000)
 tenured generation   total 875380K, used 819486K [0x00000000aaaa0000, 0x00000000e017d000, 0x0000000100000000)
   the space 875380K,  93% used [0x00000000aaaa0000, 0x00000000dcae7940, 0x00000000dcae7a00, 0x00000000e017d000)
 Metaspace       used 90634K, capacity 101513K, committed 101760K, reserved 1136640K
  class space    used 12329K, capacity 14647K, committed 14720K, reserved 1048576K
}
Event: 126546.388 GC heap before
{Heap before GC invocations=9996 (full 15):
 def new generation   total 393984K, used 354620K [0x0000000080000000, 0x000000009ab80000, 0x00000000aaaa0000)
  eden space 350208K, 100% used [0x0000000080000000, 0x0000000095600000, 0x0000000095600000)
  from space 43776K,  10% used [0x0000000095600000, 0x0000000095a4f348, 0x00000000980c0000)
  to   space 43776K,   0% used [0x00000000980c0000, 0x00000000980c0000, 0x000000009ab80000)
 tenured generation   total 875380K, used 819486K [0x00000000aaaa0000, 0x00000000e017d000, 0x0000000100000000)
   the space 875380K,  93% used [0x00000000aaaa0000, 0x00000000dcae7940, 0x00000000dcae7a00, 0x00000000e017d000)
 Metaspace       used 90634K, capacity 101513K, committed 101760K, reserved 1136640K
  class space    used 12329K, capacity 14647K, committed 14720K, reserved 1048576K
Event: 126546.402 GC heap after
Heap after GC invocations=9997 (full 15):
 def new generation   total 393984K, used 4278K [0x0000000080000000, 0x000000009ab80000, 0x00000000aaaa0000)
  eden space 350208K,   0% used [0x0000000080000000, 0x0000000080000000, 0x0000000095600000)
  from space 43776K,   9% used [0x00000000980c0000, 0x00000000984ed840, 0x000000009ab80000)
  to   space 43776K,   0% used [0x0000000095600000, 0x0000000095600000, 0x00000000980c0000)
 tenured generation   total 875380K, used 819680K [0x00000000aaaa0000, 0x00000000e017d000, 0x0000000100000000)
   the space 875380K,  93% used [0x00000000aaaa0000, 0x00000000dcb18348, 0x00000000dcb18400, 0x00000000e017d000)
 Metaspace       used 90634K, capacity 101513K, committed 101760K, reserved 1136640K
  class space    used 12329K, capacity 14647K, committed 14720K, reserved 1048576K
}
Event: 126548.981 GC heap before
{Heap before GC invocations=9997 (full 15):
 def new generation   total 393984K, used 354486K [0x0000000080000000, 0x000000009ab80000, 0x00000000aaaa0000)
  eden space 350208K, 100% used [0x0000000080000000, 0x0000000095600000, 0x0000000095600000)
  from space 43776K,   9% used [0x00000000980c0000, 0x00000000984ed840, 0x000000009ab80000)
  to   space 43776K,   0% used [0x0000000095600000, 0x0000000095600000, 0x00000000980c0000)
 tenured generation   total 875380K, used 819680K [0x00000000aaaa0000, 0x00000000e017d000, 0x0000000100000000)
   the space 875380K,  93% used [0x00000000aaaa0000, 0x00000000dcb18348, 0x00000000dcb18400, 0x00000000e017d000)
 Metaspace       used 90634K, capacity 101513K, committed 101760K, reserved 1136640K
  class space    used 12329K, capacity 14647K, committed 14720K, reserved 1048576K
Event: 126548.995 GC heap after
Heap after GC invocations=9998 (full 15):
 def new generation   total 393984K, used 4338K [0x0000000080000000, 0x000000009ab80000, 0x00000000aaaa0000)
  eden space 350208K,   0% used [0x0000000080000000, 0x0000000080000000, 0x0000000095600000)
  from space 43776K,   9% used [0x0000000095600000, 0x0000000095a3ca98, 0x00000000980c0000)
  to   space 43776K,   0% used [0x00000000980c0000, 0x00000000980c0000, 0x000000009ab80000)
 tenured generation   total 875380K, used 819839K [0x00000000aaaa0000, 0x00000000e017d000, 0x0000000100000000)
   the space 875380K,  93% used [0x00000000aaaa0000, 0x00000000dcb3ffc0, 0x00000000dcb40000, 0x00000000e017d000)
 Metaspace       used 90634K, capacity 101513K, committed 101760K, reserved 1136640K
  class space    used 12329K, capacity 14647K, committed 14720K, reserved 1048576K
}
Event: 126551.524 GC heap before
{Heap before GC invocations=9998 (full 15):
 def new generation   total 393984K, used 354546K [0x0000000080000000, 0x000000009ab80000, 0x00000000aaaa0000)
  eden space 350208K, 100% used [0x0000000080000000, 0x0000000095600000, 0x0000000095600000)
  from space 43776K,   9% used [0x0000000095600000, 0x0000000095a3ca98, 0x00000000980c0000)
  to   space 43776K,   0% used [0x00000000980c0000, 0x00000000980c0000, 0x000000009ab80000)
 tenured generation   total 875380K, used 819839K [0x00000000aaaa0000, 0x00000000e017d000, 0x0000000100000000)
   the space 875380K,  93% used [0x00000000aaaa0000, 0x00000000dcb3ffc0, 0x00000000dcb40000, 0x00000000e017d000)
 Metaspace       used 90634K, capacity 101513K, committed 101760K, reserved 1136640K
  class space    used 12329K, capacity 14647K, committed 14720K, reserved 1048576K
Event: 126551.544 GC heap after
Heap after GC invocations=9999 (full 15):
 def new generation   total 393984K, used 5546K [0x0000000080000000, 0x000000009ab80000, 0x00000000aaaa0000)
  eden space 350208K,   0% used [0x0000000080000000, 0x0000000080000000, 0x0000000095600000)
  from space 43776K,  12% used [0x00000000980c0000, 0x000000009862abb8, 0x000000009ab80000)
  to   space 43776K,   0% used [0x0000000095600000, 0x0000000095600000, 0x00000000980c0000)
 tenured generation   total 875380K, used 819938K [0x00000000aaaa0000, 0x00000000e017d000, 0x0000000100000000)
   the space 875380K,  93% used [0x00000000aaaa0000, 0x00000000dcb58910, 0x00000000dcb58a00, 0x00000000e017d000)
 Metaspace       used 90634K, capacity 101513K, committed 101760K, reserved 1136640K
  class space    used 12329K, capacity 14647K, committed 14720K, reserved 1048576K
}
Event: 126553.683 GC heap before
{Heap before GC invocations=9999 (full 15):
 def new generation   total 393984K, used 355754K [0x0000000080000000, 0x000000009ab80000, 0x00000000aaaa0000)
  eden space 350208K, 100% used [0x0000000080000000, 0x0000000095600000, 0x0000000095600000)
  from space 43776K,  12% used [0x00000000980c0000, 0x000000009862abb8, 0x000000009ab80000)
  to   space 43776K,   0% used [0x0000000095600000, 0x0000000095600000, 0x00000000980c0000)
 tenured generation   total 875380K, used 819938K [0x00000000aaaa0000, 0x00000000e017d000, 0x0000000100000000)
   the space 875380K,  93% used [0x00000000aaaa0000, 0x00000000dcb58910, 0x00000000dcb58a00, 0x00000000e017d000)
 Metaspace       used 90634K, capacity 101513K, committed 101760K, reserved 1136640K
  class space    used 12329K, capacity 14647K, committed 14720K, reserved 1048576K
Event: 126553.722 GC heap after
Heap after GC invocations=10000 (full 15):
 def new generation   total 393984K, used 10925K [0x0000000080000000, 0x000000009ab80000, 0x00000000aaaa0000)
  eden space 350208K,   0% used [0x0000000080000000, 0x0000000080000000, 0x0000000095600000)
  from space 43776K,  24% used [0x0000000095600000, 0x00000000960ab478, 0x00000000980c0000)
  to   space 43776K,   0% used [0x00000000980c0000, 0x00000000980c0000, 0x000000009ab80000)
 tenured generation   total 875380K, used 820096K [0x00000000aaaa0000, 0x00000000e017d000, 0x0000000100000000)
   the space 875380K,  93% used [0x00000000aaaa0000, 0x00000000dcb803a0, 0x00000000dcb80400, 0x00000000e017d000)
 Metaspace       used 90634K, capacity 101513K, committed 101760K, reserved 1136640K
  class space    used 12329K, capacity 14647K, committed 14720K, reserved 1048576K
}
Event: 126555.350 GC heap before
{Heap before GC invocations=10000 (full 15):
 def new generation   total 393984K, used 361133K [0x0000000080000000, 0x000000009ab80000, 0x00000000aaaa0000)
  eden space 350208K, 100% used [0x0000000080000000, 0x0000000095600000, 0x0000000095600000)
  from space 43776K,  24% used [0x0000000095600000, 0x00000000960ab478, 0x00000000980c0000)
  to   space 43776K,   0% used [0x00000000980c0000, 0x00000000980c0000, 0x000000009ab80000)
 tenured generation   total 875380K, used 820096K [0x00000000aaaa0000, 0x00000000e017d000, 0x0000000100000000)
   the space 875380K,  93% used [0x00000000aaaa0000, 0x00000000dcb803a0, 0x00000000dcb80400, 0x00000000e017d000)
 Metaspace       used 90634K, capacity 101513K, committed 101760K, reserved 1136640K
  class space    used 12329K, capacity 14647K, committed 14720K, reserved 1048576K
Event: 126555.376 GC heap after
Heap after GC invocations=10001 (full 15):
 def new generation   total 393984K, used 12059K [0x0000000080000000, 0x000000009ab80000, 0x00000000aaaa0000)
  eden space 350208K,   0% used [0x0000000080000000, 0x0000000080000000, 0x0000000095600000)
  from space 43776K,  27% used [0x00000000980c0000, 0x0000000098c86e38, 0x000000009ab80000)
  to   space 43776K,   0% used [0x0000000095600000, 0x0000000095600000, 0x00000000980c0000)
 tenured generation   total 875380K, used 820591K [0x00000000aaaa0000, 0x00000000e017d000, 0x0000000100000000)
   the space 875380K,  93% used [0x00000000aaaa0000, 0x00000000dcbfbcf8, 0x00000000dcbfbe00, 0x00000000e017d000)
 Metaspace       used 90634K, capacity 101513K, committed 101760K, reserved 1136640K
  class space    used 12329K, capacity 14647K, committed 14720K, reserved 1048576K
}
Event: 126557.076 GC heap before
{Heap before GC invocations=10001 (full 15):
 def new generation   total 393984K, used 362267K [0x0000000080000000, 0x000000009ab80000, 0x00000000aaaa0000)
  eden space 350208K, 100% used [0x0000000080000000, 0x0000000095600000, 0x0000000095600000)
  from space 43776K,  27% used [0x00000000980c0000, 0x0000000098c86e38, 0x000000009ab80000)
  to   space 43776K,   0% used [0x0000000095600000, 0x0000000095600000, 0x00000000980c0000)
 tenured generation   total 875380K, used 820591K [0x00000000aaaa0000, 0x00000000e017d000, 0x0000000100000000)
   the space 875380K,  93% used [0x00000000aaaa0000, 0x00000000dcbfbcf8, 0x00000000dcbfbe00, 0x00000000e017d000)
 Metaspace       used 90634K, capacity 101513K, committed 101760K, reserved 1136640K
  class space    used 12329K, capacity 14647K, committed 14720K, reserved 1048576K
Event: 126557.103 GC heap after
Heap after GC invocations=10002 (full 15):
 def new generation   total 393984K, used 12727K [0x0000000080000000, 0x000000009ab80000, 0x00000000aaaa0000)
  eden space 350208K,   0% used [0x0000000080000000, 0x0000000080000000, 0x0000000095600000)
  from space 43776K,  29% used [0x0000000095600000, 0x000000009626def8, 0x00000000980c0000)
  to   space 43776K,   0% used [0x00000000980c0000, 0x00000000980c0000, 0x000000009ab80000)
 tenured generation   total 875380K, used 820613K [0x00000000aaaa0000, 0x00000000e017d000, 0x0000000100000000)
   the space 875380K,  93% used [0x00000000aaaa0000, 0x00000000dcc01448, 0x00000000dcc01600, 0x00000000e017d000)
 Metaspace       used 90634K, capacity 101513K, committed 101760K, reserved 1136640K
  class space    used 12329K, capacity 14647K, committed 14720K, reserved 1048576K
}
Event: 126558.839 GC heap before
{Heap before GC invocations=10002 (full 15):
 def new generation   total 393984K, used 362935K [0x0000000080000000, 0x000000009ab80000, 0x00000000aaaa0000)
  eden space 350208K, 100% used [0x0000000080000000, 0x0000000095600000, 0x0000000095600000)
  from space 43776K,  29% used [0x0000000095600000, 0x000000009626def8, 0x00000000980c0000)
  to   space 43776K,   0% used [0x00000000980c0000, 0x00000000980c0000, 0x000000009ab80000)
 tenured generation   total 875380K, used 820613K [0x00000000aaaa0000, 0x00000000e017d000, 0x0000000100000000)
   the space 875380K,  93% used [0x00000000aaaa0000, 0x00000000dcc01448, 0x00000000dcc01600, 0x00000000e017d000)
 Metaspace       used 90634K, capacity 101513K, committed 101760K, reserved 1136640K
  class space    used 12329K, capacity 14647K, committed 14720K, reserved 1048576K
Event: 126558.865 GC heap after
Heap after GC invocations=10003 (full 15):
 def new generation   total 393984K, used 13037K [0x0000000080000000, 0x000000009ab80000, 0x00000000aaaa0000)
  eden space 350208K,   0% used [0x0000000080000000, 0x0000000080000000, 0x0000000095600000)
  from space 43776K,  29% used [0x00000000980c0000, 0x0000000098d7b698, 0x000000009ab80000)
  to   space 43776K,   0% used [0x0000000095600000, 0x0000000095600000, 0x00000000980c0000)
 tenured generation   total 875380K, used 820677K [0x00000000aaaa0000, 0x00000000e017d000, 0x0000000100000000)
   the space 875380K,  93% used [0x00000000aaaa0000, 0x00000000dcc114c8, 0x00000000dcc11600, 0x00000000e017d000)
 Metaspace       used 90634K, capacity 101513K, committed 101760K, reserved 1136640K
  class space    used 12329K, capacity 14647K, committed 14720K, reserved 1048576K
}
Event: 126560.596 GC heap before
{Heap before GC invocations=10003 (full 15):
 def new generation   total 393984K, used 363245K [0x0000000080000000, 0x000000009ab80000, 0x00000000aaaa0000)
  eden space 350208K, 100% used [0x0000000080000000, 0x0000000095600000, 0x0000000095600000)
  from space 43776K,  29% used [0x00000000980c0000, 0x0000000098d7b698, 0x000000009ab80000)
  to   space 43776K,   0% used [0x0000000095600000, 0x0000000095600000, 0x00000000980c0000)
 tenured generation   total 875380K, used 820677K [0x00000000aaaa0000, 0x00000000e017d000, 0x0000000100000000)
   the space 875380K,  93% used [0x00000000aaaa0000, 0x00000000dcc114c8, 0x00000000dcc11600, 0x00000000e017d000)
 Metaspace       used 90634K, capacity 101513K, committed 101760K, reserved 1136640K
  class space    used 12329K, capacity 14647K, committed 14720K, reserved 1048576K
Event: 126560.621 GC heap after
Heap after GC invocations=10004 (full 15):
 def new generation   total 393984K, used 12278K [0x0000000080000000, 0x000000009ab80000, 0x00000000aaaa0000)
  eden space 350208K,   0% used [0x0000000080000000, 0x0000000080000000, 0x0000000095600000)
  from space 43776K,  28% used [0x0000000095600000, 0x00000000961fdbc0, 0x00000000980c0000)
  to   space 43776K,   0% used [0x00000000980c0000, 0x00000000980c0000, 0x000000009ab80000)
 tenured generation   total 875380K, used 821561K [0x00000000aaaa0000, 0x00000000e017d000, 0x0000000100000000)
   the space 875380K,  93% used [0x00000000aaaa0000, 0x00000000dccee7f0, 0x00000000dccee800, 0x00000000e017d000)
 Metaspace       used 90634K, capacity 101513K, committed 101760K, reserved 1136640K
  class space    used 12329K, capacity 14647K, committed 14720K, reserved 1048576K
}
Event: 126562.540 GC heap before
{Heap before GC invocations=10004 (full 15):
 def new generation   total 393984K, used 362486K [0x0000000080000000, 0x000000009ab80000, 0x00000000aaaa0000)
  eden space 350208K, 100% used [0x0000000080000000, 0x0000000095600000, 0x0000000095600000)
  from space 43776K,  28% used [0x0000000095600000, 0x00000000961fdbc0, 0x00000000980c0000)
  to   space 43776K,   0% used [0x00000000980c0000, 0x00000000980c0000, 0x000000009ab80000)
 tenured generation   total 875380K, used 821561K [0x00000000aaaa0000, 0x00000000e017d000, 0x0000000100000000)
   the space 875380K,  93% used [0x00000000aaaa0000, 0x00000000dccee7f0, 0x00000000dccee800, 0x00000000e017d000)
 Metaspace       used 90634K, capacity 101513K, committed 101760K, reserved 1136640K
  class space    used 12329K, capacity 14647K, committed 14720K, reserved 1048576K
Event: 126562.563 GC heap after
Heap after GC invocations=10005 (full 15):
 def new generation   total 393984K, used 12172K [0x0000000080000000, 0x000000009ab80000, 0x00000000aaaa0000)
  eden space 350208K,   0% used [0x0000000080000000, 0x0000000080000000, 0x0000000095600000)
  from space 43776K,  27% used [0x00000000980c0000, 0x0000000098ca3288, 0x000000009ab80000)
  to   space 43776K,   0% used [0x0000000095600000, 0x0000000095600000, 0x00000000980c0000)
 tenured generation   total 875380K, used 821802K [0x00000000aaaa0000, 0x00000000e017d000, 0x0000000100000000)
   the space 875380K,  93% used [0x00000000aaaa0000, 0x00000000dcd2a848, 0x00000000dcd2aa00, 0x00000000e017d000)
 Metaspace       used 90634K, capacity 101513K, committed 101760K, reserved 1136640K
  class space    used 12329K, capacity 14647K, committed 14720K, reserved 1048576K
}
Event: 126564.537 GC heap before
{Heap before GC invocations=10005 (full 15):
 def new generation   total 393984K, used 362380K [0x0000000080000000, 0x000000009ab80000, 0x00000000aaaa0000)
  eden space 350208K, 100% used [0x0000000080000000, 0x0000000095600000, 0x0000000095600000)
  from space 43776K,  27% used [0x00000000980c0000, 0x0000000098ca3288, 0x000000009ab80000)
  to   space 43776K,   0% used [0x0000000095600000, 0x0000000095600000, 0x00000000980c0000)
 tenured generation   total 875380K, used 821802K [0x00000000aaaa0000, 0x00000000e017d000, 0x0000000100000000)
   the space 875380K,  93% used [0x00000000aaaa0000, 0x00000000dcd2a848, 0x00000000dcd2aa00, 0x00000000e017d000)
 Metaspace       used 90634K, capacity 101513K, committed 101760K, reserved 1136640K
  class space    used 12329K, capacity 14647K, committed 14720K, reserved 1048576K
Event: 126564.560 GC heap after
Heap after GC invocations=10006 (full 15):
 def new generation   total 393984K, used 12143K [0x0000000080000000, 0x000000009ab80000, 0x00000000aaaa0000)
  eden space 350208K,   0% used [0x0000000080000000, 0x0000000080000000, 0x0000000095600000)
  from space 43776K,  27% used [0x0000000095600000, 0x00000000961dbda0, 0x00000000980c0000)
  to   space 43776K,   0% used [0x00000000980c0000, 0x00000000980c0000, 0x000000009ab80000)
 tenured generation   total 875380K, used 822064K [0x00000000aaaa0000, 0x00000000e017d000, 0x0000000100000000)
   the space 875380K,  93% used [0x00000000aaaa0000, 0x00000000dcd6c3c0, 0x00000000dcd6c400, 0x00000000e017d000)
 Metaspace       used 90634K, capacity 101513K, committed 101760K, reserved 1136640K
  class space    used 12329K, capacity 14647K, committed 14720K, reserved 1048576K
}
Event: 126566.485 GC heap before
{Heap before GC invocations=10006 (full 15):
 def new generation   total 393984K, used 362351K [0x0000000080000000, 0x000000009ab80000, 0x00000000aaaa0000)
  eden space 350208K, 100% used [0x0000000080000000, 0x0000000095600000, 0x0000000095600000)
  from space 43776K,  27% used [0x0000000095600000, 0x00000000961dbda0, 0x00000000980c0000)
  to   space 43776K,   0% used [0x00000000980c0000, 0x00000000980c0000, 0x000000009ab80000)
 tenured generation   total 875380K, used 822064K [0x00000000aaaa0000, 0x00000000e017d000, 0x0000000100000000)
   the space 875380K,  93% used [0x00000000aaaa0000, 0x00000000dcd6c3c0, 0x00000000dcd6c400, 0x00000000e017d000)
 Metaspace       used 90634K, capacity 101513K, committed 101760K, reserved 1136640K
  class space    used 12329K, capacity 14647K, committed 14720K, reserved 1048576K
Event: 126566.508 GC heap after
Heap after GC invocations=10007 (full 15):
 def new generation   total 393984K, used 12158K [0x0000000080000000, 0x000000009ab80000, 0x00000000aaaa0000)
  eden space 350208K,   0% used [0x0000000080000000, 0x0000000080000000, 0x0000000095600000)
  from space 43776K,  27% used [0x00000000980c0000, 0x0000000098c9f828, 0x000000009ab80000)
  to   space 43776K,   0% used [0x0000000095600000, 0x0000000095600000, 0x00000000980c0000)
 tenured generation   total 875380K, used 822168K [0x00000000aaaa0000, 0x00000000e017d000, 0x0000000100000000)
   the space 875380K,  93% used [0x00000000aaaa0000, 0x00000000dcd863e0, 0x00000000dcd86400, 0x00000000e017d000)
 Metaspace       used 90634K, capacity 101513K, committed 101760K, reserved 1136640K
  class space    used 12329K, capacity 14647K, committed 14720K, reserved 1048576K
}
Event: 126568.574 GC heap before
{Heap before GC invocations=10007 (full 15):
 def new generation   total 393984K, used 362366K [0x0000000080000000, 0x000000009ab80000, 0x00000000aaaa0000)
  eden space 350208K, 100% used [0x0000000080000000, 0x0000000095600000, 0x0000000095600000)
  from space 43776K,  27% used [0x00000000980c0000, 0x0000000098c9f828, 0x000000009ab80000)
  to   space 43776K,   0% used [0x0000000095600000, 0x0000000095600000, 0x00000000980c0000)
 tenured generation   total 875380K, used 822168K [0x00000000aaaa0000, 0x00000000e017d000, 0x0000000100000000)
   the space 875380K,  93% used [0x00000000aaaa0000, 0x00000000dcd863e0, 0x00000000dcd86400, 0x00000000e017d000)
 Metaspace       used 90634K, capacity 101513K, committed 101760K, reserved 1136640K
  class space    used 12329K, capacity 14647K, committed 14720K, reserved 1048576K
Event: 126568.597 GC heap after
Heap after GC invocations=10008 (full 15):
 def new generation   total 393984K, used 12896K [0x0000000080000000, 0x000000009ab80000, 0x00000000aaaa0000)
  eden space 350208K,   0% used [0x0000000080000000, 0x0000000080000000, 0x0000000095600000)
  from space 43776K,  29% used [0x0000000095600000, 0x0000000096298218, 0x00000000980c0000)
  to   space 43776K,   0% used [0x00000000980c0000, 0x00000000980c0000, 0x000000009ab80000)
 tenured generation   total 875380K, used 822299K [0x00000000aaaa0000, 0x00000000e017d000, 0x0000000100000000)
   the space 875380K,  93% used [0x00000000aaaa0000, 0x00000000dcda6fe8, 0x00000000dcda7000, 0x00000000e017d000)
 Metaspace       used 90634K, capacity 101513K, committed 101760K, reserved 1136640K
  class space    used 12329K, capacity 14647K, committed 14720K, reserved 1048576K
}
Event: 126570.633 GC heap before
{Heap before GC invocations=10008 (full 15):
 def new generation   total 393984K, used 363104K [0x0000000080000000, 0x000000009ab80000, 0x00000000aaaa0000)
  eden space 350208K, 100% used [0x0000000080000000, 0x0000000095600000, 0x0000000095600000)
  from space 43776K,  29% used [0x0000000095600000, 0x0000000096298218, 0x00000000980c0000)
  to   space 43776K,   0% used [0x00000000980c0000, 0x00000000980c0000, 0x000000009ab80000)
 tenured generation   total 875380K, used 822299K [0x00000000aaaa0000, 0x00000000e017d000, 0x0000000100000000)
   the space 875380K,  93% used [0x00000000aaaa0000, 0x00000000dcda6fe8, 0x00000000dcda7000, 0x00000000e017d000)
 Metaspace       used 90634K, capacity 101513K, committed 101760K, reserved 1136640K
  class space    used 12329K, capacity 14647K, committed 14720K, reserved 1048576K
Event: 126570.655 GC heap after
Heap after GC invocations=10009 (full 15):
 def new generation   total 393984K, used 12845K [0x0000000080000000, 0x000000009ab80000, 0x00000000aaaa0000)
  eden space 350208K,   0% used [0x0000000080000000, 0x0000000080000000, 0x0000000095600000)
  from space 43776K,  29% used [0x00000000980c0000, 0x0000000098d4b458, 0x000000009ab80000)
  to   space 43776K,   0% used [0x0000000095600000, 0x0000000095600000, 0x00000000980c0000)
 tenured generation   total 875380K, used 822395K [0x00000000aaaa0000, 0x00000000e017d000, 0x0000000100000000)
   the space 875380K,  93% used [0x00000000aaaa0000, 0x00000000dcdbeeb8, 0x00000000dcdbf000, 0x00000000e017d000)
 Metaspace       used 90634K, capacity 101513K, committed 101760K, reserved 1136640K
  class space    used 12329K, capacity 14647K, committed 14720K, reserved 1048576K
}
Event: 126572.712 GC heap before
{Heap before GC invocations=10009 (full 15):
 def new generation   total 393984K, used 363053K [0x0000000080000000, 0x000000009ab80000, 0x00000000aaaa0000)
  eden space 350208K, 100% used [0x0000000080000000, 0x0000000095600000, 0x0000000095600000)
  from space 43776K,  29% used [0x00000000980c0000, 0x0000000098d4b458, 0x000000009ab80000)
  to   space 43776K,   0% used [0x0000000095600000, 0x0000000095600000, 0x00000000980c0000)
 tenured generation   total 875380K, used 822395K [0x00000000aaaa0000, 0x00000000e017d000, 0x0000000100000000)
   the space 875380K,  93% used [0x00000000aaaa0000, 0x00000000dcdbeeb8, 0x00000000dcdbf000, 0x00000000e017d000)
 Metaspace       used 90634K, capacity 101513K, committed 101760K, reserved 1136640K
  class space    used 12329K, capacity 14647K, committed 14720K, reserved 1048576K
Event: 126572.734 GC heap after
Heap after GC invocations=10010 (full 15):
 def new generation   total 393984K, used 12817K [0x0000000080000000, 0x000000009ab80000, 0x00000000aaaa0000)
  eden space 350208K,   0% used [0x0000000080000000, 0x0000000080000000, 0x0000000095600000)
  from space 43776K,  29% used [0x0000000095600000, 0x0000000096284610, 0x00000000980c0000)
  to   space 43776K,   0% used [0x00000000980c0000, 0x00000000980c0000, 0x000000009ab80000)
 tenured generation   total 875380K, used 822504K [0x00000000aaaa0000, 0x00000000e017d000, 0x0000000100000000)
   the space 875380K,  93% used [0x00000000aaaa0000, 0x00000000dcdda0b0, 0x00000000dcdda200, 0x00000000e017d000)
 Metaspace       used 90634K, capacity 101513K, committed 101760K, reserved 1136640K
  class space    used 12329K, capacity 14647K, committed 14720K, reserved 1048576K
}
Event: 126574.829 GC heap before
{Heap before GC invocations=10010 (full 15):
 def new generation   total 393984K, used 363025K [0x0000000080000000, 0x000000009ab80000, 0x00000000aaaa0000)
  eden space 350208K, 100% used [0x0000000080000000, 0x0000000095600000, 0x0000000095600000)
  from space 43776K,  29% used [0x0000000095600000, 0x0000000096284610, 0x00000000980c0000)
  to   space 43776K,   0% used [0x00000000980c0000, 0x00000000980c0000, 0x000000009ab80000)
 tenured generation   total 875380K, used 822504K [0x00000000aaaa0000, 0x00000000e017d000, 0x0000000100000000)
   the space 875380K,  93% used [0x00000000aaaa0000, 0x00000000dcdda0b0, 0x00000000dcdda200, 0x00000000e017d000)
 Metaspace       used 90634K, capacity 101513K, committed 101760K, reserved 1136640K
  class space    used 12329K, capacity 14647K, committed 14720K, reserved 1048576K
Event: 126574.852 GC heap after
Heap after GC invocations=10011 (full 15):
 def new generation   total 393984K, used 12789K [0x0000000080000000, 0x000000009ab80000, 0x00000000aaaa0000)
  eden space 350208K,   0% used [0x0000000080000000, 0x0000000080000000, 0x0000000095600000)
  from space 43776K,  29% used [0x00000000980c0000, 0x0000000098d3d468, 0x000000009ab80000)
  to   space 43776K,   0% used [0x0000000095600000, 0x0000000095600000, 0x00000000980c0000)
 tenured generation   total 875380K, used 822666K [0x00000000aaaa0000, 0x00000000e017d000, 0x0000000100000000)
   the space 875380K,  93% used [0x00000000aaaa0000, 0x00000000dce02a48, 0x00000000dce02c00, 0x00000000e017d000)
 Metaspace       used 90634K, capacity 101513K, committed 101760K, reserved 1136640K
  class space    used 12329K, capacity 14647K, committed 14720K, reserved 1048576K
}
Event: 126576.892 GC heap before
{Heap before GC invocations=10011 (full 15):
 def new generation   total 393984K, used 362997K [0x0000000080000000, 0x000000009ab80000, 0x00000000aaaa0000)
  eden space 350208K, 100% used [0x0000000080000000, 0x0000000095600000, 0x0000000095600000)
  from space 43776K,  29% used [0x00000000980c0000, 0x0000000098d3d468, 0x000000009ab80000)
  to   space 43776K,   0% used [0x0000000095600000, 0x0000000095600000, 0x00000000980c0000)
 tenured generation   total 875380K, used 822666K [0x00000000aaaa0000, 0x00000000e017d000, 0x0000000100000000)
   the space 875380K,  93% used [0x00000000aaaa0000, 0x00000000dce02a48, 0x00000000dce02c00, 0x00000000e017d000)
 Metaspace       used 90634K, capacity 101513K, committed 101760K, reserved 1136640K
  class space    used 12329K, capacity 14647K, committed 14720K, reserved 1048576K
Event: 126576.915 GC heap after
Heap after GC invocations=10012 (full 15):
 def new generation   total 393984K, used 12896K [0x0000000080000000, 0x000000009ab80000, 0x00000000aaaa0000)
  eden space 350208K,   0% used [0x0000000080000000, 0x0000000080000000, 0x0000000095600000)
  from space 43776K,  29% used [0x0000000095600000, 0x00000000962982b8, 0x00000000980c0000)
  to   space 43776K,   0% used [0x00000000980c0000, 0x00000000980c0000, 0x000000009ab80000)
 tenured generation   total 875380K, used 822706K [0x00000000aaaa0000, 0x00000000e017d000, 0x0000000100000000)
   the space 875380K,  93% used [0x00000000aaaa0000, 0x00000000dce0ca00, 0x00000000dce0ca00, 0x00000000e017d000)
 Metaspace       used 90634K, capacity 101513K, committed 101760K, reserved 1136640K
  class space    used 12329K, capacity 14647K, committed 14720K, reserved 1048576K
}
Event: 126578.977 GC heap before
{Heap before GC invocations=10012 (full 15):
 def new generation   total 393984K, used 363104K [0x0000000080000000, 0x000000009ab80000, 0x00000000aaaa0000)
  eden space 350208K, 100% used [0x0000000080000000, 0x0000000095600000, 0x0000000095600000)
  from space 43776K,  29% used [0x0000000095600000, 0x00000000962982b8, 0x00000000980c0000)
  to   space 43776K,   0% used [0x00000000980c0000, 0x00000000980c0000, 0x000000009ab80000)
 tenured generation   total 875380K, used 822706K [0x00000000aaaa0000, 0x00000000e017d000, 0x0000000100000000)
   the space 875380K,  93% used [0x00000000aaaa0000, 0x00000000dce0ca00, 0x00000000dce0ca00, 0x00000000e017d000)
 Metaspace       used 90634K, capacity 101513K, committed 101760K, reserved 1136640K
  class space    used 12329K, capacity 14647K, committed 14720K, reserved 1048576K
Event: 126578.999 GC heap after
Heap after GC invocations=10013 (full 15):
 def new generation   total 393984K, used 12592K [0x0000000080000000, 0x000000009ab80000, 0x00000000aaaa0000)
  eden space 350208K,   0% used [0x0000000080000000, 0x0000000080000000, 0x0000000095600000)
  from space 43776K,  28% used [0x00000000980c0000, 0x0000000098d0c278, 0x000000009ab80000)
  to   space 43776K,   0% used [0x0000000095600000, 0x0000000095600000, 0x00000000980c0000)
 tenured generation   total 875380K, used 822948K [0x00000000aaaa0000, 0x00000000e017d000, 0x0000000100000000)
   the space 875380K,  94% used [0x00000000aaaa0000, 0x00000000dce493e0, 0x00000000dce49400, 0x00000000e017d000)
 Metaspace       used 90634K, capacity 101513K, committed 101760K, reserved 1136640K
  class space    used 12329K, capacity 14647K, committed 14720K, reserved 1048576K
}
Event: 126581.022 GC heap before
{Heap before GC invocations=10013 (full 15):
 def new generation   total 393984K, used 362800K [0x0000000080000000, 0x000000009ab80000, 0x00000000aaaa0000)
  eden space 350208K, 100% used [0x0000000080000000, 0x0000000095600000, 0x0000000095600000)
  from space 43776K,  28% used [0x00000000980c0000, 0x0000000098d0c278, 0x000000009ab80000)
  to   space 43776K,   0% used [0x0000000095600000, 0x0000000095600000, 0x00000000980c0000)
 tenured generation   total 875380K, used 822948K [0x00000000aaaa0000, 0x00000000e017d000, 0x0000000100000000)
   the space 875380K,  94% used [0x00000000aaaa0000, 0x00000000dce493e0, 0x00000000dce49400, 0x00000000e017d000)
 Metaspace       used 90634K, capacity 101513K, committed 101760K, reserved 1136640K
  class space    used 12329K, capacity 14647K, committed 14720K, reserved 1048576K
Event: 126581.044 GC heap after
Heap after GC invocations=10014 (full 15):
 def new generation   total 393984K, used 12716K [0x0000000080000000, 0x000000009ab80000, 0x00000000aaaa0000)
  eden space 350208K,   0% used [0x0000000080000000, 0x0000000080000000, 0x0000000095600000)
  from space 43776K,  29% used [0x0000000095600000, 0x000000009626b0f0, 0x00000000980c0000)
  to   space 43776K,   0% used [0x00000000980c0000, 0x00000000980c0000, 0x000000009ab80000)
 tenured generation   total 875380K, used 823224K [0x00000000aaaa0000, 0x00000000e017d000, 0x0000000100000000)
   the space 875380K,  94% used [0x00000000aaaa0000, 0x00000000dce8e000, 0x00000000dce8e000, 0x00000000e017d000)
 Metaspace       used 90634K, capacity 101513K, committed 101760K, reserved 1136640K
  class space    used 12329K, capacity 14647K, committed 14720K, reserved 1048576K
}
Event: 126583.142 GC heap before
{Heap before GC invocations=10014 (full 15):
 def new generation   total 393984K, used 362924K [0x0000000080000000, 0x000000009ab80000, 0x00000000aaaa0000)
  eden space 350208K, 100% used [0x0000000080000000, 0x0000000095600000, 0x0000000095600000)
  from space 43776K,  29% used [0x0000000095600000, 0x000000009626b0f0, 0x00000000980c0000)
  to   space 43776K,   0% used [0x00000000980c0000, 0x00000000980c0000, 0x000000009ab80000)
 tenured generation   total 875380K, used 823224K [0x00000000aaaa0000, 0x00000000e017d000, 0x0000000100000000)
   the space 875380K,  94% used [0x00000000aaaa0000, 0x00000000dce8e000, 0x00000000dce8e000, 0x00000000e017d000)
 Metaspace       used 90634K, capacity 101513K, committed 101760K, reserved 1136640K
  class space    used 12329K, capacity 14647K, committed 14720K, reserved 1048576K
Event: 126583.164 GC heap after
Heap after GC invocations=10015 (full 15):
 def new generation   total 393984K, used 8889K [0x0000000080000000, 0x000000009ab80000, 0x00000000aaaa0000)
  eden space 350208K,   0% used [0x0000000080000000, 0x0000000080000000, 0x0000000095600000)
  from space 43776K,  20% used [0x00000000980c0000, 0x000000009896e5b8, 0x000000009ab80000)
  to   space 43776K,   0% used [0x0000000095600000, 0x0000000095600000, 0x00000000980c0000)
 tenured generation   total 875380K, used 826977K [0x00000000aaaa0000, 0x00000000e017d000, 0x0000000100000000)
   the space 875380K,  94% used [0x00000000aaaa0000, 0x00000000dd238428, 0x00000000dd238600, 0x00000000e017d000)
 Metaspace       used 90634K, capacity 101513K, committed 101760K, reserved 1136640K
  class space    used 12329K, capacity 14647K, committed 14720K, reserved 1048576K
}
Event: 126585.270 GC heap before
{Heap before GC invocations=10015 (full 15):
 def new generation   total 393984K, used 359097K [0x0000000080000000, 0x000000009ab80000, 0x00000000aaaa0000)
  eden space 350208K, 100% used [0x0000000080000000, 0x0000000095600000, 0x0000000095600000)
  from space 43776K,  20% used [0x00000000980c0000, 0x000000009896e5b8, 0x000000009ab80000)
  to   space 43776K,   0% used [0x0000000095600000, 0x0000000095600000, 0x00000000980c0000)
 tenured generation   total 875380K, used 826977K [0x00000000aaaa0000, 0x00000000e017d000, 0x0000000100000000)
   the space 875380K,  94% used [0x00000000aaaa0000, 0x00000000dd238428, 0x00000000dd238600, 0x00000000e017d000)
 Metaspace       used 90634K, capacity 101513K, committed 101760K, reserved 1136640K
  class space    used 12329K, capacity 14647K, committed 14720K, reserved 1048576K
Event: 126585.289 GC heap after
Heap after GC invocations=10016 (full 15):
 def new generation   total 393984K, used 7839K [0x0000000080000000, 0x000000009ab80000, 0x00000000aaaa0000)
  eden space 350208K,   0% used [0x0000000080000000, 0x0000000080000000, 0x0000000095600000)
  from space 43776K,  17% used [0x0000000095600000, 0x0000000095da7fa8, 0x00000000980c0000)
  to   space 43776K,   0% used [0x00000000980c0000, 0x00000000980c0000, 0x000000009ab80000)
 tenured generation   total 875380K, used 828195K [0x00000000aaaa0000, 0x00000000e017d000, 0x0000000100000000)
   the space 875380K,  94% used [0x00000000aaaa0000, 0x00000000dd368da0, 0x00000000dd368e00, 0x00000000e017d000)
 Metaspace       used 90634K, capacity 101513K, committed 101760K, reserved 1136640K
  class space    used 12329K, capacity 14647K, committed 14720K, reserved 1048576K
}
Event: 126587.525 GC heap before
{Heap before GC invocations=10016 (full 15):
 def new generation   total 393984K, used 358047K [0x0000000080000000, 0x000000009ab80000, 0x00000000aaaa0000)
  eden space 350208K, 100% used [0x0000000080000000, 0x0000000095600000, 0x0000000095600000)
  from space 43776K,  17% used [0x0000000095600000, 0x0000000095da7fa8, 0x00000000980c0000)
  to   space 43776K,   0% used [0x00000000980c0000, 0x00000000980c0000, 0x000000009ab80000)
 tenured generation   total 875380K, used 828195K [0x00000000aaaa0000, 0x00000000e017d000, 0x0000000100000000)
   the space 875380K,  94% used [0x00000000aaaa0000, 0x00000000dd368da0, 0x00000000dd368e00, 0x00000000e017d000)
 Metaspace       used 90634K, capacity 101513K, committed 101760K, reserved 1136640K
  class space    used 12329K, capacity 14647K, committed 14720K, reserved 1048576K
Event: 126587.542 GC heap after
Heap after GC invocations=10017 (full 15):
 def new generation   total 393984K, used 7129K [0x0000000080000000, 0x000000009ab80000, 0x00000000aaaa0000)
  eden space 350208K,   0% used [0x0000000080000000, 0x0000000080000000, 0x0000000095600000)
  from space 43776K,  16% used [0x00000000980c0000, 0x00000000987b64d8, 0x000000009ab80000)
  to   space 43776K,   0% used [0x0000000095600000, 0x0000000095600000, 0x00000000980c0000)
 tenured generation   total 875380K, used 829035K [0x00000000aaaa0000, 0x00000000e017d000, 0x0000000100000000)
   the space 875380K,  94% used [0x00000000aaaa0000, 0x00000000dd43aca0, 0x00000000dd43ae00, 0x00000000e017d000)
 Metaspace       used 90634K, capacity 101513K, committed 101760K, reserved 1136640K
  class space    used 12329K, capacity 14647K, committed 14720K, reserved 1048576K
}
Event: 126589.809 GC heap before
{Heap before GC invocations=10017 (full 15):
 def new generation   total 393984K, used 357337K [0x0000000080000000, 0x000000009ab80000, 0x00000000aaaa0000)
  eden space 350208K, 100% used [0x0000000080000000, 0x0000000095600000, 0x0000000095600000)
  from space 43776K,  16% used [0x00000000980c0000, 0x00000000987b64d8, 0x000000009ab80000)
  to   space 43776K,   0% used [0x0000000095600000, 0x0000000095600000, 0x00000000980c0000)
 tenured generation   total 875380K, used 829035K [0x00000000aaaa0000, 0x00000000e017d000, 0x0000000100000000)
   the space 875380K,  94% used [0x00000000aaaa0000, 0x00000000dd43aca0, 0x00000000dd43ae00, 0x00000000e017d000)
 Metaspace       used 90634K, capacity 101513K, committed 101760K, reserved 1136640K
  class space    used 12329K, capacity 14647K, committed 14720K, reserved 1048576K
Event: 126589.826 GC heap after
Heap after GC invocations=10018 (full 15):
 def new generation   total 393984K, used 6340K [0x0000000080000000, 0x000000009ab80000, 0x00000000aaaa0000)
  eden space 350208K,   0% used [0x0000000080000000, 0x0000000080000000, 0x0000000095600000)
  from space 43776K,  14% used [0x0000000095600000, 0x0000000095c312e0, 0x00000000980c0000)
  to   space 43776K,   0% used [0x00000000980c0000, 0x00000000980c0000, 0x000000009ab80000)
 tenured generation   total 875380K, used 830019K [0x00000000aaaa0000, 0x00000000e017d000, 0x0000000100000000)
   the space 875380K,  94% used [0x00000000aaaa0000, 0x00000000dd530f60, 0x00000000dd531000, 0x00000000e017d000)
 Metaspace       used 90634K, capacity 101513K, committed 101760K, reserved 1136640K
  class space    used 12329K, capacity 14647K, committed 14720K, reserved 1048576K
}
Event: 126592.134 GC heap before
{Heap before GC invocations=10018 (full 15):
 def new generation   total 393984K, used 356548K [0x0000000080000000, 0x000000009ab80000, 0x00000000aaaa0000)
  eden space 350208K, 100% used [0x0000000080000000, 0x0000000095600000, 0x0000000095600000)
  from space 43776K,  14% used [0x0000000095600000, 0x0000000095c312e0, 0x00000000980c0000)
  to   space 43776K,   0% used [0x00000000980c0000, 0x00000000980c0000, 0x000000009ab80000)
 tenured generation   total 875380K, used 830019K [0x00000000aaaa0000, 0x00000000e017d000, 0x0000000100000000)
   the space 875380K,  94% used [0x00000000aaaa0000, 0x00000000dd530f60, 0x00000000dd531000, 0x00000000e017d000)
 Metaspace       used 90634K, capacity 101513K, committed 101760K, reserved 1136640K
  class space    used 12329K, capacity 14647K, committed 14720K, reserved 1048576K
Event: 126592.149 GC heap after
Heap after GC invocations=10019 (full 15):
 def new generation   total 393984K, used 6098K [0x0000000080000000, 0x000000009ab80000, 0x00000000aaaa0000)
  eden space 350208K,   0% used [0x0000000080000000, 0x0000000080000000, 0x0000000095600000)
  from space 43776K,  13% used [0x00000000980c0000, 0x00000000986b4b68, 0x000000009ab80000)
  to   space 43776K,   0% used [0x0000000095600000, 0x0000000095600000, 0x00000000980c0000)
 tenured generation   total 875380K, used 830535K [0x00000000aaaa0000, 0x00000000e017d000, 0x0000000100000000)
   the space 875380K,  94% used [0x00000000aaaa0000, 0x00000000dd5b1fd0, 0x00000000dd5b2000, 0x00000000e017d000)
 Metaspace       used 90634K, capacity 101513K, committed 101760K, reserved 1136640K
  class space    used 12329K, capacity 14647K, committed 14720K, reserved 1048576K
}
Event: 126594.392 GC heap before
{Heap before GC invocations=10019 (full 15):
 def new generation   total 393984K, used 356306K [0x0000000080000000, 0x000000009ab80000, 0x00000000aaaa0000)
  eden space 350208K, 100% used [0x0000000080000000, 0x0000000095600000, 0x0000000095600000)
  from space 43776K,  13% used [0x00000000980c0000, 0x00000000986b4b68, 0x000000009ab80000)
  to   space 43776K,   0% used [0x0000000095600000, 0x0000000095600000, 0x00000000980c0000)
 tenured generation   total 875380K, used 830535K [0x00000000aaaa0000, 0x00000000e017d000, 0x0000000100000000)
   the space 875380K,  94% used [0x00000000aaaa0000, 0x00000000dd5b1fd0, 0x00000000dd5b2000, 0x00000000e017d000)
 Metaspace       used 90634K, capacity 101513K, committed 101760K, reserved 1136640K
  class space    used 12329K, capacity 14647K, committed 14720K, reserved 1048576K
Event: 126594.409 GC heap after
Heap after GC invocations=10020 (full 15):
 def new generation   total 393984K, used 6001K [0x0000000080000000, 0x000000009ab80000, 0x00000000aaaa0000)
  eden space 350208K,   0% used [0x0000000080000000, 0x0000000080000000, 0x0000000095600000)
  from space 43776K,  13% used [0x0000000095600000, 0x0000000095bdc6d8, 0x00000000980c0000)
  to   space 43776K,   0% used [0x00000000980c0000, 0x00000000980c0000, 0x000000009ab80000)
 tenured generation   total 875380K, used 830941K [0x00000000aaaa0000, 0x00000000e017d000, 0x0000000100000000)
   the space 875380K,  94% used [0x00000000aaaa0000, 0x00000000dd617798, 0x00000000dd617800, 0x00000000e017d000)
 Metaspace       used 90634K, capacity 101513K, committed 101760K, reserved 1136640K
  class space    used 12329K, capacity 14647K, committed 14720K, reserved 1048576K
}
Event: 126596.675 GC heap before
{Heap before GC invocations=10020 (full 15):
 def new generation   total 393984K, used 356209K [0x0000000080000000, 0x000000009ab80000, 0x00000000aaaa0000)
  eden space 350208K, 100% used [0x0000000080000000, 0x0000000095600000, 0x0000000095600000)
  from space 43776K,  13% used [0x0000000095600000, 0x0000000095bdc6d8, 0x00000000980c0000)
  to   space 43776K,   0% used [0x00000000980c0000, 0x00000000980c0000, 0x000000009ab80000)
 tenured generation   total 875380K, used 830941K [0x00000000aaaa0000, 0x00000000e017d000, 0x0000000100000000)
   the space 875380K,  94% used [0x00000000aaaa0000, 0x00000000dd617798, 0x00000000dd617800, 0x00000000e017d000)
 Metaspace       used 90634K, capacity 101513K, committed 101760K, reserved 1136640K
  class space    used 12329K, capacity 14647K, committed 14720K, reserved 1048576K
Event: 126596.691 GC heap after
Heap after GC invocations=10021 (full 15):
 def new generation   total 393984K, used 5719K [0x0000000080000000, 0x000000009ab80000, 0x00000000aaaa0000)
  eden space 350208K,   0% used [0x0000000080000000, 0x0000000080000000, 0x0000000095600000)
  from space 43776K,  13% used [0x00000000980c0000, 0x0000000098655ec8, 0x000000009ab80000)
  to   space 43776K,   0% used [0x0000000095600000, 0x0000000095600000, 0x00000000980c0000)
 tenured generation   total 875380K, used 831313K [0x00000000aaaa0000, 0x00000000e017d000, 0x0000000100000000)
   the space 875380K,  94% used [0x00000000aaaa0000, 0x00000000dd6746e8, 0x00000000dd674800, 0x00000000e017d000)
 Metaspace       used 90634K, capacity 101513K, committed 101760K, reserved 1136640K
  class space    used 12329K, capacity 14647K, committed 14720K, reserved 1048576K
}
Event: 126599.042 GC heap before
{Heap before GC invocations=10021 (full 15):
 def new generation   total 393984K, used 355927K [0x0000000080000000, 0x000000009ab80000, 0x00000000aaaa0000)
  eden space 350208K, 100% used [0x0000000080000000, 0x0000000095600000, 0x0000000095600000)
  from space 43776K,  13% used [0x00000000980c0000, 0x0000000098655ec8, 0x000000009ab80000)
  to   space 43776K,   0% used [0x0000000095600000, 0x0000000095600000, 0x00000000980c0000)
 tenured generation   total 875380K, used 831313K [0x00000000aaaa0000, 0x00000000e017d000, 0x0000000100000000)
   the space 875380K,  94% used [0x00000000aaaa0000, 0x00000000dd6746e8, 0x00000000dd674800, 0x00000000e017d000)
 Metaspace       used 90634K, capacity 101513K, committed 101760K, reserved 1136640K
  class space    used 12329K, capacity 14647K, committed 14720K, reserved 1048576K
Event: 126599.057 GC heap after
Heap after GC invocations=10022 (full 15):
 def new generation   total 393984K, used 5920K [0x0000000080000000, 0x000000009ab80000, 0x00000000aaaa0000)
  eden space 350208K,   0% used [0x0000000080000000, 0x0000000080000000, 0x0000000095600000)
  from space 43776K,  13% used [0x0000000095600000, 0x0000000095bc83b0, 0x00000000980c0000)
  to   space 43776K,   0% used [0x00000000980c0000, 0x00000000980c0000, 0x000000009ab80000)
 tenured generation   total 875380K, used 831361K [0x00000000aaaa0000, 0x00000000e017d000, 0x0000000100000000)
   the space 875380K,  94% used [0x00000000aaaa0000, 0x00000000dd6807e0, 0x00000000dd680800, 0x00000000e017d000)
 Metaspace       used 90634K, capacity 101513K, committed 101760K, reserved 1136640K
  class space    used 12329K, capacity 14647K, committed 14720K, reserved 1048576K
}
Event: 126601.419 GC heap before
{Heap before GC invocations=10022 (full 15):
 def new generation   total 393984K, used 356128K [0x0000000080000000, 0x000000009ab80000, 0x00000000aaaa0000)
  eden space 350208K, 100% used [0x0000000080000000, 0x0000000095600000, 0x0000000095600000)
  from space 43776K,  13% used [0x0000000095600000, 0x0000000095bc83b0, 0x00000000980c0000)
  to   space 43776K,   0% used [0x00000000980c0000, 0x00000000980c0000, 0x000000009ab80000)
 tenured generation   total 875380K, used 831361K [0x00000000aaaa0000, 0x00000000e017d000, 0x0000000100000000)
   the space 875380K,  94% used [0x00000000aaaa0000, 0x00000000dd6807e0, 0x00000000dd680800, 0x00000000e017d000)
 Metaspace       used 90634K, capacity 101513K, committed 101760K, reserved 1136640K
  class space    used 12329K, capacity 14647K, committed 14720K, reserved 1048576K
Event: 126601.434 GC heap after
Heap after GC invocations=10023 (full 15):
 def new generation   total 393984K, used 5940K [0x0000000080000000, 0x000000009ab80000, 0x00000000aaaa0000)
  eden space 350208K,   0% used [0x0000000080000000, 0x0000000080000000, 0x0000000095600000)
  from space 43776K,  13% used [0x00000000980c0000, 0x000000009868d2c8, 0x000000009ab80000)
  to   space 43776K,   0% used [0x0000000095600000, 0x0000000095600000, 0x00000000980c0000)
 tenured generation   total 875380K, used 831505K [0x00000000aaaa0000, 0x00000000e017d000, 0x0000000100000000)
   the space 875380K,  94% used [0x00000000aaaa0000, 0x00000000dd6a45d8, 0x00000000dd6a4600, 0x00000000e017d000)
 Metaspace       used 90634K, capacity 101513K, committed 101760K, reserved 1136640K
  class space    used 12329K, capacity 14647K, committed 14720K, reserved 1048576K
}
Event: 126603.697 GC heap before
{Heap before GC invocations=10023 (full 15):
 def new generation   total 393984K, used 356148K [0x0000000080000000, 0x000000009ab80000, 0x00000000aaaa0000)
  eden space 350208K, 100% used [0x0000000080000000, 0x0000000095600000, 0x0000000095600000)
  from space 43776K,  13% used [0x00000000980c0000, 0x000000009868d2c8, 0x000000009ab80000)
  to   space 43776K,   0% used [0x0000000095600000, 0x0000000095600000, 0x00000000980c0000)
 tenured generation   total 875380K, used 831505K [0x00000000aaaa0000, 0x00000000e017d000, 0x0000000100000000)
   the space 875380K,  94% used [0x00000000aaaa0000, 0x00000000dd6a45d8, 0x00000000dd6a4600, 0x00000000e017d000)
 Metaspace       used 90634K, capacity 101513K, committed 101760K, reserved 1136640K
  class space    used 12329K, capacity 14647K, committed 14720K, reserved 1048576K
Event: 126603.713 GC heap after
Heap after GC invocations=10024 (full 15):
 def new generation   total 393984K, used 6064K [0x0000000080000000, 0x000000009ab80000, 0x00000000aaaa0000)
  eden space 350208K,   0% used [0x0000000080000000, 0x0000000080000000, 0x0000000095600000)
  from space 43776K,  13% used [0x0000000095600000, 0x0000000095bec1e8, 0x00000000980c0000)
  to   space 43776K,   0% used [0x00000000980c0000, 0x00000000980c0000, 0x000000009ab80000)
 tenured generation   total 875380K, used 831583K [0x00000000aaaa0000, 0x00000000e017d000, 0x0000000100000000)
   the space 875380K,  94% used [0x00000000aaaa0000, 0x00000000dd6b7fb0, 0x00000000dd6b8000, 0x00000000e017d000)
 Metaspace       used 90634K, capacity 101513K, committed 101760K, reserved 1136640K
  class space    used 12329K, capacity 14647K, committed 14720K, reserved 1048576K
}
Event: 126606.129 GC heap before
{Heap before GC invocations=10024 (full 15):
 def new generation   total 393984K, used 356272K [0x0000000080000000, 0x000000009ab80000, 0x00000000aaaa0000)
  eden space 350208K, 100% used [0x0000000080000000, 0x0000000095600000, 0x0000000095600000)
  from space 43776K,  13% used [0x0000000095600000, 0x0000000095bec1e8, 0x00000000980c0000)
  to   space 43776K,   0% used [0x00000000980c0000, 0x00000000980c0000, 0x000000009ab80000)
 tenured generation   total 875380K, used 831583K [0x00000000aaaa0000, 0x00000000e017d000, 0x0000000100000000)
   the space 875380K,  94% used [0x00000000aaaa0000, 0x00000000dd6b7fb0, 0x00000000dd6b8000, 0x00000000e017d000)
 Metaspace       used 90634K, capacity 101513K, committed 101760K, reserved 1136640K
  class space    used 12329K, capacity 14647K, committed 14720K, reserved 1048576K
Event: 126606.151 GC heap after
Heap after GC invocations=10025 (full 15):
 def new generation   total 393984K, used 5955K [0x0000000080000000, 0x000000009ab80000, 0x00000000aaaa0000)
  eden space 350208K,   0% used [0x0000000080000000, 0x0000000080000000, 0x0000000095600000)
  from space 43776K,  13% used [0x00000000980c0000, 0x0000000098690ea8, 0x000000009ab80000)
  to   space 43776K,   0% used [0x0000000095600000, 0x0000000095600000, 0x00000000980c0000)
 tenured generation   total 875380K, used 831687K [0x00000000aaaa0000, 0x00000000e017d000, 0x0000000100000000)
   the space 875380K,  95% used [0x00000000aaaa0000, 0x00000000dd6d1f48, 0x00000000dd6d2000, 0x00000000e017d000)
 Metaspace       used 90634K, capacity 101513K, committed 101760K, reserved 1136640K
  class space    used 12329K, capacity 14647K, committed 14720K, reserved 1048576K
}
Event: 126608.417 GC heap before
{Heap before GC invocations=10025 (full 15):
 def new generation   total 393984K, used 356163K [0x0000000080000000, 0x000000009ab80000, 0x00000000aaaa0000)
  eden space 350208K, 100% used [0x0000000080000000, 0x0000000095600000, 0x0000000095600000)
  from space 43776K,  13% used [0x00000000980c0000, 0x0000000098690ea8, 0x000000009ab80000)
  to   space 43776K,   0% used [0x0000000095600000, 0x0000000095600000, 0x00000000980c0000)
 tenured generation   total 875380K, used 831687K [0x00000000aaaa0000, 0x00000000e017d000, 0x0000000100000000)
   the space 875380K,  95% used [0x00000000aaaa0000, 0x00000000dd6d1f48, 0x00000000dd6d2000, 0x00000000e017d000)
 Metaspace       used 90634K, capacity 101513K, committed 101760K, reserved 1136640K
  class space    used 12329K, capacity 14647K, committed 14720K, reserved 1048576K
Event: 126608.438 GC heap after
Heap after GC invocations=10026 (full 15):
 def new generation   total 393984K, used 5992K [0x0000000080000000, 0x000000009ab80000, 0x00000000aaaa0000)
  eden space 350208K,   0% used [0x0000000080000000, 0x0000000080000000, 0x0000000095600000)
  from space 43776K,  13% used [0x0000000095600000, 0x0000000095bda3b0, 0x00000000980c0000)
  to   space 43776K,   0% used [0x00000000980c0000, 0x00000000980c0000, 0x000000009ab80000)
 tenured generation   total 875380K, used 831876K [0x00000000aaaa0000, 0x00000000e017d000, 0x0000000100000000)
   the space 875380K,  95% used [0x00000000aaaa0000, 0x00000000dd7010a0, 0x00000000dd701200, 0x00000000e017d000)
 Metaspace       used 90634K, capacity 101513K, committed 101760K, reserved 1136640K
  class space    used 12329K, capacity 14647K, committed 14720K, reserved 1048576K
}
Event: 126610.822 GC heap before
{Heap before GC invocations=10026 (full 15):
 def new generation   total 393984K, used 356200K [0x0000000080000000, 0x000000009ab80000, 0x00000000aaaa0000)
  eden space 350208K, 100% used [0x0000000080000000, 0x0000000095600000, 0x0000000095600000)
  from space 43776K,  13% used [0x0000000095600000, 0x0000000095bda3b0, 0x00000000980c0000)
  to   space 43776K,   0% used [0x00000000980c0000, 0x00000000980c0000, 0x000000009ab80000)
 tenured generation   total 875380K, used 831876K [0x00000000aaaa0000, 0x00000000e017d000, 0x0000000100000000)
   the space 875380K,  95% used [0x00000000aaaa0000, 0x00000000dd7010a0, 0x00000000dd701200, 0x00000000e017d000)
 Metaspace       used 90634K, capacity 101513K, committed 101760K, reserved 1136640K
  class space    used 12329K, capacity 14647K, committed 14720K, reserved 1048576K
Event: 126610.837 GC heap after
Heap after GC invocations=10027 (full 15):
 def new generation   total 393984K, used 5835K [0x0000000080000000, 0x000000009ab80000, 0x00000000aaaa0000)
  eden space 350208K,   0% used [0x0000000080000000, 0x0000000080000000, 0x0000000095600000)
  from space 43776K,  13% used [0x00000000980c0000, 0x0000000098672ce8, 0x000000009ab80000)
  to   space 43776K,   0% used [0x0000000095600000, 0x0000000095600000, 0x00000000980c0000)
 tenured generation   total 875380K, used 832054K [0x00000000aaaa0000, 0x00000000e017d000, 0x0000000100000000)
   the space 875380K,  95% used [0x00000000aaaa0000, 0x00000000dd72db80, 0x00000000dd72dc00, 0x00000000e017d000)
 Metaspace       used 90634K, capacity 101513K, committed 101760K, reserved 1136640K
  class space    used 12329K, capacity 14647K, committed 14720K, reserved 1048576K
}
Event: 126613.298 GC heap before
{Heap before GC invocations=10027 (full 15):
 def new generation   total 393984K, used 356043K [0x0000000080000000, 0x000000009ab80000, 0x00000000aaaa0000)
  eden space 350208K, 100% used [0x0000000080000000, 0x0000000095600000, 0x0000000095600000)
  from space 43776K,  13% used [0x00000000980c0000, 0x0000000098672ce8, 0x000000009ab80000)
  to   space 43776K,   0% used [0x0000000095600000, 0x0000000095600000, 0x00000000980c0000)
 tenured generation   total 875380K, used 832054K [0x00000000aaaa0000, 0x00000000e017d000, 0x0000000100000000)
   the space 875380K,  95% used [0x00000000aaaa0000, 0x00000000dd72db80, 0x00000000dd72dc00, 0x00000000e017d000)
 Metaspace       used 90634K, capacity 101513K, committed 101760K, reserved 1136640K
  class space    used 12329K, capacity 14647K, committed 14720K, reserved 1048576K
Event: 126613.313 GC heap after
Heap after GC invocations=10028 (full 15):
 def new generation   total 393984K, used 5608K [0x0000000080000000, 0x000000009ab80000, 0x00000000aaaa0000)
  eden space 350208K,   0% used [0x0000000080000000, 0x0000000080000000, 0x0000000095600000)
  from space 43776K,  12% used [0x0000000095600000, 0x0000000095b7a1e0, 0x00000000980c0000)
  to   space 43776K,   0% used [0x00000000980c0000, 0x00000000980c0000, 0x000000009ab80000)
 tenured generation   total 875380K, used 832331K [0x00000000aaaa0000, 0x00000000e017d000, 0x0000000100000000)
   the space 875380K,  95% used [0x00000000aaaa0000, 0x00000000dd772cd8, 0x00000000dd772e00, 0x00000000e017d000)
 Metaspace       used 90634K, capacity 101513K, committed 101760K, reserved 1136640K
  class space    used 12329K, capacity 14647K, committed 14720K, reserved 1048576K
}
Event: 126615.821 GC heap before
{Heap before GC invocations=10028 (full 15):
 def new generation   total 393984K, used 355816K [0x0000000080000000, 0x000000009ab80000, 0x00000000aaaa0000)
  eden space 350208K, 100% used [0x0000000080000000, 0x0000000095600000, 0x0000000095600000)
  from space 43776K,  12% used [0x0000000095600000, 0x0000000095b7a1e0, 0x00000000980c0000)
  to   space 43776K,   0% used [0x00000000980c0000, 0x00000000980c0000, 0x000000009ab80000)
 tenured generation   total 875380K, used 832331K [0x00000000aaaa0000, 0x00000000e017d000, 0x0000000100000000)
   the space 875380K,  95% used [0x00000000aaaa0000, 0x00000000dd772cd8, 0x00000000dd772e00, 0x00000000e017d000)
 Metaspace       used 90634K, capacity 101513K, committed 101760K, reserved 1136640K
  class space    used 12329K, capacity 14647K, committed 14720K, reserved 1048576K
Event: 126615.836 GC heap after
Heap after GC invocations=10029 (full 15):
 def new generation   total 393984K, used 3522K [0x0000000080000000, 0x000000009ab80000, 0x00000000aaaa0000)
  eden space 350208K,   0% used [0x0000000080000000, 0x0000000080000000, 0x0000000095600000)
  from space 43776K,   8% used [0x00000000980c0000, 0x0000000098430a58, 0x000000009ab80000)
  to   space 43776K,   0% used [0x0000000095600000, 0x0000000095600000, 0x00000000980c0000)
 tenured generation   total 875380K, used 834451K [0x00000000aaaa0000, 0x00000000e017d000, 0x0000000100000000)
   the space 875380K,  95% used [0x00000000aaaa0000, 0x00000000dd984f88, 0x00000000dd985000, 0x00000000e017d000)
 Metaspace       used 90634K, capacity 101513K, committed 101760K, reserved 1136640K
  class space    used 12329K, capacity 14647K, committed 14720K, reserved 1048576K
}
Event: 126618.347 GC heap before
{Heap before GC invocations=10029 (full 15):
 def new generation   total 393984K, used 353730K [0x0000000080000000, 0x000000009ab80000, 0x00000000aaaa0000)
  eden space 350208K, 100% used [0x0000000080000000, 0x0000000095600000, 0x0000000095600000)
  from space 43776K,   8% used [0x00000000980c0000, 0x0000000098430a58, 0x000000009ab80000)
  to   space 43776K,   0% used [0x0000000095600000, 0x0000000095600000, 0x00000000980c0000)
 tenured generation   total 875380K, used 834451K [0x00000000aaaa0000, 0x00000000e017d000, 0x0000000100000000)
   the space 875380K,  95% used [0x00000000aaaa0000, 0x00000000dd984f88, 0x00000000dd985000, 0x00000000e017d000)
 Metaspace       used 90634K, capacity 101513K, committed 101760K, reserved 1136640K
  class space    used 12329K, capacity 14647K, committed 14720K, reserved 1048576K
Event: 126618.360 GC heap after
Heap after GC invocations=10030 (full 15):
 def new generation   total 393984K, used 3490K [0x0000000080000000, 0x000000009ab80000, 0x00000000aaaa0000)
  eden space 350208K,   0% used [0x0000000080000000, 0x0000000080000000, 0x0000000095600000)
  from space 43776K,   7% used [0x0000000095600000, 0x0000000095968948, 0x00000000980c0000)
  to   space 43776K,   0% used [0x00000000980c0000, 0x00000000980c0000, 0x000000009ab80000)
 tenured generation   total 875380K, used 834645K [0x00000000aaaa0000, 0x00000000e017d000, 0x0000000100000000)
   the space 875380K,  95% used [0x00000000aaaa0000, 0x00000000dd9b5748, 0x00000000dd9b5800, 0x00000000e017d000)
 Metaspace       used 90634K, capacity 101513K, committed 101760K, reserved 1136640K
  class space    used 12329K, capacity 14647K, committed 14720K, reserved 1048576K
}
Event: 126619.085 GC heap before
{Heap before GC invocations=10030 (full 15):
 def new generation   total 393984K, used 353698K [0x0000000080000000, 0x000000009ab80000, 0x00000000aaaa0000)
  eden space 350208K, 100% used [0x0000000080000000, 0x0000000095600000, 0x0000000095600000)
  from space 43776K,   7% used [0x0000000095600000, 0x0000000095968948, 0x00000000980c0000)
  to   space 43776K,   0% used [0x00000000980c0000, 0x00000000980c0000, 0x000000009ab80000)
 tenured generation   total 875380K, used 834645K [0x00000000aaaa0000, 0x00000000e017d000, 0x0000000100000000)
   the space 875380K,  95% used [0x00000000aaaa0000, 0x00000000dd9b5748, 0x00000000dd9b5800, 0x00000000e017d000)
 Metaspace       used 90634K, capacity 101513K, committed 101760K, reserved 1136640K
  class space    used 12329K, capacity 14647K, committed 14720K, reserved 1048576K
Event: 126619.138 GC heap after
Heap after GC invocations=10031 (full 15):
 def new generation   total 393984K, used 32832K [0x0000000080000000, 0x000000009ab80000, 0x00000000aaaa0000)
  eden space 350208K,   0% used [0x0000000080000000, 0x0000000080000000, 0x0000000095600000)
  from space 43776K,  75% used [0x00000000980c0000, 0x000000009a0d0060, 0x000000009ab80000)
  to   space 43776K,   0% used [0x0000000095600000, 0x0000000095600000, 0x00000000980c0000)
 tenured generation   total 875380K, used 834909K [0x00000000aaaa0000, 0x00000000e017d000, 0x0000000100000000)
   the space 875380K,  95% used [0x00000000aaaa0000, 0x00000000dd9f76c8, 0x00000000dd9f7800, 0x00000000e017d000)
 Metaspace       used 90634K, capacity 101513K, committed 101760K, reserved 1136640K
  class space    used 12329K, capacity 14647K, committed 14720K, reserved 1048576K
}
Event: 126619.656 GC heap before
{Heap before GC invocations=10031 (full 15):
 def new generation   total 393984K, used 383040K [0x0000000080000000, 0x000000009ab80000, 0x00000000aaaa0000)
  eden space 350208K, 100% used [0x0000000080000000, 0x0000000095600000, 0x0000000095600000)
  from space 43776K,  75% used [0x00000000980c0000, 0x000000009a0d0060, 0x000000009ab80000)
  to   space 43776K,   0% used [0x0000000095600000, 0x0000000095600000, 0x00000000980c0000)
 tenured generation   total 875380K, used 834909K [0x00000000aaaa0000, 0x00000000e017d000, 0x0000000100000000)
   the space 875380K,  95% used [0x00000000aaaa0000, 0x00000000dd9f76c8, 0x00000000dd9f7800, 0x00000000e017d000)
 Metaspace       used 90634K, capacity 101513K, committed 101760K, reserved 1136640K
  class space    used 12329K, capacity 14647K, committed 14720K, reserved 1048576K
Event: 126619.743 GC heap after
Heap after GC invocations=10032 (full 15):
 def new generation   total 393984K, used 33420K [0x0000000080000000, 0x000000009ab80000, 0x00000000aaaa0000)
  eden space 350208K,   0% used [0x0000000080000000, 0x0000000080000000, 0x0000000095600000)
  from space 43776K,  76% used [0x0000000095600000, 0x00000000976a3010, 0x00000000980c0000)
  to   space 43776K,   0% used [0x00000000980c0000, 0x00000000980c0000, 0x000000009ab80000)
 tenured generation   total 875380K, used 867108K [0x00000000aaaa0000, 0x00000000e017d000, 0x0000000100000000)
   the space 875380K,  99% used [0x00000000aaaa0000, 0x00000000df9693d0, 0x00000000df969400, 0x00000000e017d000)
 Metaspace       used 90634K, capacity 101513K, committed 101760K, reserved 1136640K
  class space    used 12329K, capacity 14647K, committed 14720K, reserved 1048576K
}
Event: 126620.288 GC heap before
{Heap before GC invocations=10032 (full 15):
 def new generation   total 393984K, used 383628K [0x0000000080000000, 0x000000009ab80000, 0x00000000aaaa0000)
  eden space 350208K, 100% used [0x0000000080000000, 0x0000000095600000, 0x0000000095600000)
  from space 43776K,  76% used [0x0000000095600000, 0x00000000976a3010, 0x00000000980c0000)
  to   space 43776K,   0% used [0x00000000980c0000, 0x00000000980c0000, 0x000000009ab80000)
 tenured generation   total 875380K, used 867108K [0x00000000aaaa0000, 0x00000000e017d000, 0x0000000100000000)
   the space 875380K,  99% used [0x00000000aaaa0000, 0x00000000df9693d0, 0x00000000df969400, 0x00000000e017d000)
 Metaspace       used 90634K, capacity 101513K, committed 101760K, reserved 1136640K
  class space    used 12329K, capacity 14647K, committed 14720K, reserved 1048576K

